#
# There is insufficient memory for the Java Runtime Environment to continue.
# Native memory allocation (mmap) failed to map 65536 bytes for Failed to commit metaspace.
# Possible reasons:
#   The system is out of physical RAM or swap space
#   The process is running with CompressedOops enabled, and the Java Heap may be blocking the growth of the native heap
# Possible solutions:
#   Reduce memory load on the system
#   Increase physical memory or swap space
#   Check if swap backing store is full
#   Decrease Java heap size (-Xmx/-Xms)
#   Decrease number of Java threads
#   Decrease Java thread stack sizes (-Xss)
#   Set larger code cache with -XX:ReservedCodeCacheSize=
#   JVM is running with Unscaled Compressed Oops mode in which the Java heap is
#     placed in the first 4GB address space. The Java Heap base address is the
#     maximum limit for the native heap growth. Please use -XX:HeapBaseMinAddress
#     to set the Java Heap base and to place the Java Heap above 4GB virtual address.
# This output file may be truncated or incomplete.
#
#  Out of Memory Error (virtualSpaceNode.cpp:112), pid=24336, tid=7648
#
# JRE version: Java(TM) SE Runtime Environment (21.0.2+13) (build 21.0.2+13-LTS-58)
# Java VM: Java HotSpot(TM) 64-Bit Server VM (21.0.2+13-LTS-58, mixed mode, sharing, tiered, compressed oops, compressed class ptrs, g1 gc, windows-amd64)
# No core dump will be written. Minidumps are not enabled by default on client versions of Windows
#

---------------  S U M M A R Y ------------

Command Line: -javaagent:C:\Users\ASUS\IntelliJ IDEA 2024.1\lib\idea_rt.jar=1389:C:\Users\ASUS\IntelliJ IDEA 2024.1\bin -Dfile.encoding=UTF-8 -Dsun.stdout.encoding=UTF-8 -Dsun.stderr.encoding=UTF-8 --module-path=C:\Users\ASUS\.m2\repository\org\mongodb\mongodb-driver-core\4.0.0\mongodb-driver-core-4.0.0.jar;C:\Users\ASUS\.m2\repository\org\openjfx\javafx-fxml\21\javafx-fxml-21-win.jar;C:\Users\ASUS\.m2\repository\org\kordamp\bootstrapfx\bootstrapfx-core\0.4.0\bootstrapfx-core-0.4.0.jar;C:\Users\ASUS\.m2\repository\org\controlsfx\controlsfx\11.1.2\controlsfx-11.1.2.jar;C:\Users\ASUS\.m2\repository\com\dlsc\formsfx\formsfx-core\11.6.0\formsfx-core-11.6.0.jar;D:\4rth Sem Product\JavaProject\Pokedex\target\classes;C:\Users\ASUS\.m2\repository\org\openjfx\javafx-graphics\21\javafx-graphics-21-win.jar;C:\Users\ASUS\.m2\repository\org\mongodb\mongodb-driver-sync\4.0.0\mongodb-driver-sync-4.0.0.jar;C:\Users\ASUS\.m2\repository\org\openjfx\javafx-base\21\javafx-base-21-win.jar;C:\Users\ASUS\.m2\repository\org\openjfx\javafx-controls\21\javafx-controls-21-win.jar;C:\Users\ASUS\.m2\repository\org\mongodb\bson\4.0.0\bson-4.0.0.jar -Djdk.module.main=com.example.pokedex com.example.pokedex/com.example.pokedex.Main

Host: 11th Gen Intel(R) Core(TM) i7-1165G7 @ 2.80GHz, 8 cores, 7G,  Windows 11 , 64 bit Build 22621 (10.0.22621.3374)
Time: Sun May  5 13:12:59 2024 Bangladesh Standard Time elapsed time: 1.489649 seconds (0d 0h 0m 1s)

---------------  T H R E A D  ---------------

Current thread (0x0000017877c72270):  JavaThread "JavaFX Application Thread"        [_thread_in_vm, id=7648, stack(0x000000389a400000,0x000000389a500000) (1024K)]

Stack: [0x000000389a400000,0x000000389a500000]
Native frames: (J=compiled Java code, j=interpreted, Vv=VM code, C=native code)
V  [jvm.dll+0x6cade9]
V  [jvm.dll+0x8569c1]
V  [jvm.dll+0x858d2e]
V  [jvm.dll+0x859413]
V  [jvm.dll+0x280e56]
V  [jvm.dll+0x8526ee]
V  [jvm.dll+0x66e705]
V  [jvm.dll+0x1e68cc]
V  [jvm.dll+0x1e669e]
V  [jvm.dll+0x67104c]
V  [jvm.dll+0x670e62]
V  [jvm.dll+0x66f0de]
V  [jvm.dll+0x6ab9ee]
V  [jvm.dll+0x3be3d5]
V  [jvm.dll+0x3be2f5]
V  [jvm.dll+0x3d4227]
C  0x0000017865c7b31c

The last pc belongs to anewarray (printed below).
Java frames: (J=compiled Java code, j=interpreted, Vv=VM code)
j  com.sun.javafx.geom.BaseBounds$BoundsType.$values()[Lcom/sun/javafx/geom/BaseBounds$BoundsType;+1 javafx.graphics@21
j  com.sun.javafx.geom.BaseBounds$BoundsType.<clinit>()V+26 javafx.graphics@21
v  ~StubRoutines::call_stub 0x0000017865c610e7
j  com.sun.javafx.geom.RectBounds.getBoundsType()Lcom/sun/javafx/geom/BaseBounds$BoundsType;+0 javafx.graphics@21
j  com.sun.javafx.geom.RectBounds.deriveWithNewBounds(Lcom/sun/javafx/geom/BaseBounds;)Lcom/sun/javafx/geom/BaseBounds;+13 javafx.graphics@21
j  javafx.scene.Node.getGeomBounds(Lcom/sun/javafx/geom/BaseBounds;Lcom/sun/javafx/geom/transform/BaseTransform;)Lcom/sun/javafx/geom/BaseBounds;+16 javafx.graphics@21
j  javafx.scene.Node.getLocalBounds(Lcom/sun/javafx/geom/BaseBounds;Lcom/sun/javafx/geom/transform/BaseTransform;)Lcom/sun/javafx/geom/BaseBounds;+17 javafx.graphics@21
j  javafx.scene.Node$MiscProperties$3.computeBounds()Ljavafx/geometry/Bounds;+18 javafx.graphics@21
j  javafx.scene.Node$LazyBoundsProperty.get()Ljavafx/geometry/Bounds;+9 javafx.graphics@21
j  javafx.scene.Node$LazyBoundsProperty.get()Ljava/lang/Object;+1 javafx.graphics@21
j  javafx.beans.binding.ObjectExpression.getValue()Ljava/lang/Object;+1 javafx.base@21
j  com.sun.javafx.binding.ExpressionHelper.addListener(Lcom/sun/javafx/binding/ExpressionHelper;Ljavafx/beans/value/ObservableValue;Ljavafx/beans/InvalidationListener;)Lcom/sun/javafx/binding/ExpressionHelper;+17 javafx.base@21
j  javafx.beans.property.ReadOnlyObjectPropertyBase.addListener(Ljavafx/beans/InvalidationListener;)V+7 javafx.base@21
j  javafx.stage.PopupWindow.<init>()V+259 javafx.graphics@21
j  javafx.scene.control.PopupControl.<init>()V+1 javafx.controls@21
j  javafx.scene.control.ContextMenu.<init>()V+1 javafx.controls@21
j  com.sun.javafx.scene.control.behavior.TextInputControlBehavior.<init>(Ljavafx/scene/control/TextInputControl;)V+2113 javafx.controls@21
j  com.sun.javafx.scene.control.behavior.TextFieldBehavior.<init>(Ljavafx/scene/control/TextField;)V+2 javafx.controls@21
j  javafx.scene.control.skin.TextFieldSkin.<init>(Ljavafx/scene/control/TextField;)V+101 javafx.controls@21
j  javafx.scene.control.TextField.createDefaultSkin()Ljavafx/scene/control/Skin;+5 javafx.controls@21
j  javafx.scene.control.Control.doProcessCSS()V+25 javafx.controls@21
j  javafx.scene.control.Control$1.doProcessCSS(Ljavafx/scene/Node;)V+4 javafx.controls@21
j  com.sun.javafx.scene.control.ControlHelper.processCSSImpl(Ljavafx/scene/Node;)V+4 javafx.controls@21
j  com.sun.javafx.scene.NodeHelper.processCSS(Ljavafx/scene/Node;)V+5 javafx.graphics@21
j  javafx.scene.Parent.doProcessCSS()V+121 javafx.graphics@21
j  javafx.scene.Parent$1.doProcessCSS(Ljavafx/scene/Node;)V+4 javafx.graphics@21
j  com.sun.javafx.scene.ParentHelper.processCSSImpl(Ljavafx/scene/Node;)V+4 javafx.graphics@21
j  com.sun.javafx.scene.NodeHelper.processCSS(Ljavafx/scene/Node;)V+5 javafx.graphics@21
j  javafx.scene.Node.processCSS()V+99 javafx.graphics@21
j  javafx.scene.Scene.doCSSPass()V+23 javafx.graphics@21
j  javafx.scene.Scene.preferredSize()V+6 javafx.graphics@21
j  javafx.scene.Scene$2.preferredSize(Ljavafx/scene/Scene;)V+1 javafx.graphics@21
j  com.sun.javafx.scene.SceneHelper.preferredSize(Ljavafx/scene/Scene;)V+4 javafx.graphics@21
j  javafx.stage.Window$12.invalidated()V+384 javafx.graphics@21
J 1728 c1 javafx.beans.property.BooleanPropertyBase.set(Z)V javafx.base@21 (76 bytes) @ 0x000001785ea6e54c [0x000001785ea6e000+0x000000000000054c]
j  javafx.stage.Window.setShowing(Z)V+11 javafx.graphics@21
j  javafx.stage.Window.show()V+2 javafx.graphics@21
j  javafx.stage.Stage.show()V+1 javafx.graphics@21
j  com.example.pokedex.Main.start(Ljavafx/stage/Stage;)V+53 com.example.pokedex
j  com.sun.javafx.application.LauncherImpl.lambda$launchApplication1$9(Ljava/util/concurrent/atomic/AtomicBoolean;Ljavafx/application/Application;)V+20 javafx.graphics@21
j  com.sun.javafx.application.LauncherImpl$$Lambda+0x000001780108d2e0.run()V+8 javafx.graphics@21
j  com.sun.javafx.application.PlatformImpl.lambda$runAndWait$12(Ljava/lang/Runnable;Ljava/util/concurrent/CountDownLatch;)V+1 javafx.graphics@21
j  com.sun.javafx.application.PlatformImpl$$Lambda+0x00000178010868f0.run()V+8 javafx.graphics@21
j  com.sun.javafx.application.PlatformImpl.lambda$runLater$10(Ljava/lang/Runnable;)Ljava/lang/Void;+1 javafx.graphics@21
j  com.sun.javafx.application.PlatformImpl$$Lambda+0x0000017801087d60.run()Ljava/lang/Object;+4 javafx.graphics@21
j  java.security.AccessController.executePrivileged(Ljava/security/PrivilegedAction;Ljava/security/AccessControlContext;Ljava/lang/Class;)Ljava/lang/Object;+29 java.base@21.0.2
j  java.security.AccessController.doPrivileged(Ljava/security/PrivilegedAction;Ljava/security/AccessControlContext;)Ljava/lang/Object;+13 java.base@21.0.2
j  com.sun.javafx.application.PlatformImpl.lambda$runLater$11(Ljava/lang/Runnable;Ljava/security/AccessControlContext;)V+7 javafx.graphics@21
j  com.sun.javafx.application.PlatformImpl$$Lambda+0x0000017801086b10.run()V+8 javafx.graphics@21
j  com.sun.glass.ui.InvokeLaterDispatcher$Future.run()V+4 javafx.graphics@21
v  ~StubRoutines::call_stub 0x0000017865c610e7
j  com.sun.glass.ui.win.WinApplication._runLoop(Ljava/lang/Runnable;)V+0 javafx.graphics@21
j  com.sun.glass.ui.win.WinApplication.lambda$runLoop$3(ILjava/lang/Runnable;)V+8 javafx.graphics@21
j  com.sun.glass.ui.win.WinApplication$$Lambda+0x00000178010340f8.run()V+12 javafx.graphics@21
j  java.lang.Thread.runWith(Ljava/lang/Object;Ljava/lang/Runnable;)V+5 java.base@21.0.2
j  java.lang.Thread.run()V+19 java.base@21.0.2
v  ~StubRoutines::call_stub 0x0000017865c610e7
anewarray  189 anewarray  [0x0000017865c7b2a0, 0x0000017865c7b390]  240 bytes
[MachCode]
  0x0000017865c7b2a0: 8b04 2448 | 83c4 0845 | 0fb7 4501 | 410f c841 | c1e8 1048 | 8b55 e848 | 8b52 0848 | 8b52 08e8 
  0x0000017865c7b2c0: 0500 0000 | e9ab 0000 | 004c 8bc8 | 488d 4424 | 084c 896d | c049 8bcf | c5f8 7749 | 89af a803 
  0x0000017865c7b2e0: 0000 4989 | 8798 0300 | 0048 83ec | 2040 f6c4 | 0f0f 8419 | 0000 0048 | 83ec 0848 | b8b0 4140 
  0x0000017865c7b300: 9cfe 7f00 | 00ff d048 | 83c4 08e9 | 0c00 0000 | 48b8 b041 | 409c fe7f | 0000 ffd0 | 4883 c420 
  0x0000017865c7b320: 49c7 8798 | 0300 0000 | 0000 0049 | c787 a803 | 0000 0000 | 0000 49c7 | 87a0 0300 | 0000 0000 
  0x0000017865c7b340: 00c5 f877 | 4983 7f08 | 000f 8405 | 0000 00e9 | ac5b feff | 498b 87f0 | 0300 0049 | c787 f003 
  0x0000017865c7b360: 0000 0000 | 0000 4c8b | 6dc0 4c8b | 75c8 4e8d | 74f5 00c3 | 410f b65d | 0349 83c5 | 0349 ba00 
  0x0000017865c7b380: 07c8 9cfe | 7f00 0041 | ff24 da0f | 1f44 0000 
[/MachCode]

Compiled method (c1)    1526 1728       3       javafx.beans.property.BooleanPropertyBase::set (76 bytes)
 total in heap  [0x000001785ea6dd90,0x000001785ea6ed00] = 3952
 relocation     [0x000001785ea6def0,0x000001785ea6e000] = 272
 main code      [0x000001785ea6e000,0x000001785ea6e9c8] = 2504
 stub code      [0x000001785ea6e9c8,0x000001785ea6eaa0] = 216
 oops           [0x000001785ea6eaa0,0x000001785ea6eaa8] = 8
 metadata       [0x000001785ea6eaa8,0x000001785ea6eac8] = 32
 scopes data    [0x000001785ea6eac8,0x000001785ea6eb90] = 200
 scopes pcs     [0x000001785ea6eb90,0x000001785ea6ece0] = 336
 dependencies   [0x000001785ea6ece0,0x000001785ea6ece8] = 8
 nul chk table  [0x000001785ea6ece8,0x000001785ea6ed00] = 24

[Constant Pool (empty)]

[MachCode]
[Entry Point]
  # {method} {0x000001787342b680} 'set' '(Z)V' in 'javafx/beans/property/BooleanPropertyBase'
  # this:     rdx:rdx   = 'javafx/beans/property/BooleanPropertyBase'
  # parm0:    r8        = boolean
  #           [sp+0x70]  (sp of caller)
  0x000001785ea6e000: 448b 5208 | 49bb 0000 | 0000 7801 | 0000 4d03 | d34c 3bd0 

  0x000001785ea6e014: ;   {runtime_call ic_miss_stub}
  0x000001785ea6e014: 0f85 6609 | 2407 660f | 1f44 0000 
[Verified Entry Point]
  0x000001785ea6e020: 8984 2400 | 80ff ff55 | 4883 ec60 | 4181 7f20 | 0100 0000 

  0x000001785ea6e034: ;   {runtime_call StubRoutines (final stubs)}
  0x000001785ea6e034: 7405 e845 | 7d22 0748 | 8954 2440 

  0x000001785ea6e040: ;   {metadata(method data for {method} {0x000001787342b680} 'set' '(Z)V' in 'javafx/beans/property/BooleanPropertyBase')}
  0x000001785ea6e040: 48be 409f | 9373 7801 | 0000 8bbe | cc00 0000 | 83c7 0289 | becc 0000 | 0081 e7fe | 0700 0085 
  0x000001785ea6e060: ff0f 845f | 0800 0048 

  0x000001785ea6e068: ;   {metadata(method data for {method} {0x000001787342b680} 'set' '(Z)V' in 'javafx/beans/property/BooleanPropertyBase')}
  0x000001785ea6e068: 8bf2 48bf | 409f 9373 | 7801 0000 | 8b76 0849 | ba00 0000 | 0078 0100 | 0049 03f2 | 483b b720 
  0x000001785ea6e088: 0100 0075 | 0d48 8387 | 2801 0000 | 01e9 6000 | 0000 483b | b730 0100 | 0075 0d48 | 8387 3801 
  0x000001785ea6e0a8: 0000 01e9 | 4a00 0000 | 4883 bf20 | 0100 0000 | 7517 4889 | b720 0100 | 0048 c787 | 2801 0000 
  0x000001785ea6e0c8: 0100 0000 | e929 0000 | 0048 83bf | 3001 0000 | 0075 1748 | 89b7 3001 | 0000 48c7 | 8738 0100 
  0x000001785ea6e0e8: 0001 0000 | 00e9 0800 | 0000 4883 | 8710 0100 

  0x000001785ea6e0f8: ;   {metadata(method data for {method} {0x000001787342b758} 'isBound' '()Z' in 'javafx/beans/property/BooleanPropertyBase')}
  0x000001785ea6e0f8: 0001 48be | 70a3 9373 | 7801 0000 | 8bbe cc00 | 0000 83c7 | 0289 becc | 0000 0081 | e7fe ff1f 
  0x000001785ea6e118: 0085 ff0f | 84c6 0700 | 008b 7210 

  0x000001785ea6e124: ;   {metadata(method data for {method} {0x000001787342b758} 'isBound' '()Z' in 'javafx/beans/property/BooleanPropertyBase')}
  0x000001785ea6e124: 4885 f648 | be70 a393 | 7378 0100 | 0048 bf10 | 0100 0000 | 0000 0074 | 0a48 bf20 | 0100 0000 
  0x000001785ea6e144: 0000 0048 | 8b04 3e48 | 8d40 0148 | 8904 3e0f | 841a 0000 

  0x000001785ea6e158: ;   {metadata(method data for {method} {0x000001787342b758} 'isBound' '()Z' in 'javafx/beans/property/BooleanPropertyBase')}
  0x000001785ea6e158: 0048 be70 | a393 7378 | 0100 00ff | 8630 0100 | 00be 0100 | 0000 e905 | 0000 00be | 0000 0000 
  0x000001785ea6e178: 83e6 0185 

  0x000001785ea6e17c: ;   {metadata(method data for {method} {0x000001787342b680} 'set' '(Z)V' in 'javafx/beans/property/BooleanPropertyBase')}
  0x000001785ea6e17c: f648 be40 | 9f93 7378 | 0100 0048 | bf48 0100 | 0000 0000 | 0074 0a48 | bf58 0100 | 0000 0000 
  0x000001785ea6e19c: 0048 8b04 | 3e48 8d40 | 0148 8904 | 3e0f 8437 | 0200 0048 | 8bda 660f | 1f44 0000 

  0x000001785ea6e1b8: ;   {no_reloc}
  0x000001785ea6e1b8: e95a 0700 | 0000 0000 | 0000 498b | 87b8 0100 | 0048 8d78 | 2849 3bbf | c801 0000 | 0f87 4707 
  0x000001785ea6e1d8: 0000 4989 | bfb8 0100 | 0048 c700 | 0100 0000 | 488b ca49 | ba00 0000 | 0078 0100 | 0049 2bca 
  0x000001785ea6e1f8: 8948 0848 | 33c9 8948 | 0c48 33c9 | 4889 4810 | 4889 4818 | 4889 4820 | 4889 4424 | 4848 8bd3 
  0x000001785ea6e218: ;   {metadata(method data for {method} {0x000001787342b680} 'set' '(Z)V' in 'javafx/beans/property/BooleanPropertyBase')}
  0x000001785ea6e218: 48be 409f | 9373 7801 | 0000 8b52 | 0849 ba00 | 0000 0078 | 0100 0049 | 03d2 483b | 9678 0100 
  0x000001785ea6e238: 0075 0d48 | 8386 8001 | 0000 01e9 | 6000 0000 | 483b 9688 | 0100 0075 | 0d48 8386 | 9001 0000 
  0x000001785ea6e258: 01e9 4a00 | 0000 4883 | be78 0100 | 0000 7517 | 4889 9678 | 0100 0048 | c786 8001 | 0000 0100 
  0x000001785ea6e278: 0000 e929 | 0000 0048 | 83be 8801 | 0000 0075 | 1748 8996 | 8801 0000 | 48c7 8690 | 0100 0001 
  0x000001785ea6e298: 0000 00e9 | 0800 0000 | 4883 8668 | 0100 0001 | 488b d366 | 9048 b8ff | ffff ffff 

  0x000001785ea6e2b4: ;   {virtual_call}
  0x000001785ea6e2b4: ffff ffe8 

  0x000001785ea6e2b8: ; ImmutableOopMap {[64]=Oop [72]=Oop }
                      ;*invokevirtual getBean {reexecute=0 rethrow=0 return_oop=0}
                      ; - javafx.beans.property.BooleanPropertyBase::set@12 (line 140)
  0x000001785ea6e2b8: c410 2407 

  0x000001785ea6e2bc: ;   {other}
  0x000001785ea6e2bc: 0f1f 8400 | 2c05 0000 

  0x000001785ea6e2c4: ;   {metadata(method data for {method} {0x000001787342b680} 'set' '(Z)V' in 'javafx/beans/property/BooleanPropertyBase')}
  0x000001785ea6e2c4: 4885 c048 | ba40 9f93 | 7378 0100 | 0048 bea0 | 0100 0000 | 0000 0074 | 0a48 beb0 | 0100 0000 
  0x000001785ea6e2e4: 0000 0048 | 8b3c 3248 | 8d7f 0148 | 893c 320f | 8426 0300 | 0048 8b54 

  0x000001785ea6e2fc: ;   {metadata(method data for {method} {0x000001787342b680} 'set' '(Z)V' in 'javafx/beans/property/BooleanPropertyBase')}
  0x000001785ea6e2fc: 2440 48be | 409f 9373 | 7801 0000 | 8b52 0849 | ba00 0000 | 0078 0100 | 0049 03d2 | 483b 96d0 
  0x000001785ea6e31c: 0100 0075 | 0d48 8386 | d801 0000 | 01e9 6000 | 0000 483b | 96e0 0100 | 0075 0d48 | 8386 e801 
  0x000001785ea6e33c: 0000 01e9 | 4a00 0000 | 4883 bed0 | 0100 0000 | 7517 4889 | 96d0 0100 | 0048 c786 | d801 0000 
  0x000001785ea6e35c: 0100 0000 | e929 0000 | 0048 83be | e001 0000 | 0075 1748 | 8996 e001 | 0000 48c7 | 86e8 0100 
  0x000001785ea6e37c: 0001 0000 | 00e9 0800 | 0000 4883 | 86c0 0100 | 0001 488b | 5424 4066 | 9048 b8ff | ffff ffff 
  0x000001785ea6e39c: ;   {virtual_call}
  0x000001785ea6e39c: ffff ffe8 

  0x000001785ea6e3a0: ; ImmutableOopMap {[64]=Oop [72]=Oop }
                      ;*invokevirtual getName {reexecute=0 rethrow=0 return_oop=0}
                      ; - javafx.beans.property.BooleanPropertyBase::set@19 (line 140)
  0x000001785ea6e3a0: dc0f 2407 

  0x000001785ea6e3a4: ;   {other}
  0x000001785ea6e3a4: 0f1f 8400 | 1406 0001 

  0x000001785ea6e3ac: ;   {metadata(method data for {method} {0x000001787342b680} 'set' '(Z)V' in 'javafx/beans/property/BooleanPropertyBase')}
  0x000001785ea6e3ac: 4885 c048 | ba40 9f93 | 7378 0100 | 0048 bef8 | 0100 0000 | 0000 0074 | 0a48 be08 | 0200 0000 
  0x000001785ea6e3cc: 0000 0048 | 8b3c 3248 | 8d7f 0148 | 893c 320f | 843e 0200 | 00e9 4802 | 0000 0fbe | 720c 413b 
  0x000001785ea6e3ec: ;   {metadata(method data for {method} {0x000001787342b680} 'set' '(Z)V' in 'javafx/beans/property/BooleanPropertyBase')}
  0x000001785ea6e3ec: f048 be40 | 9f93 7378 | 0100 0048 | bf90 0300 | 0000 0000 | 0074 0a48 | bfa0 0300 | 0000 0000 
  0x000001785ea6e40c: 0048 8b1c | 3e48 8d5b | 0148 891c | 3e0f 84ed | 0100 0041 | 83e0 0144 | 8842 0c48 

  0x000001785ea6e428: ;   {metadata(method data for {method} {0x000001787342b680} 'set' '(Z)V' in 'javafx/beans/property/BooleanPropertyBase')}
  0x000001785ea6e428: 8bf2 48bf | 409f 9373 | 7801 0000 | 4883 87b0 | 0300 0001 

  0x000001785ea6e43c: ;   {metadata(method data for {method} {0x000001787342b430} 'markInvalid' '()V' in 'javafx/beans/property/BooleanPropertyBase')}
  0x000001785ea6e43c: 48be f8a4 | 9373 7801 | 0000 8bbe | cc00 0000 | 83c7 0289 | becc 0000 | 0081 e7fe | ff1f 0085 
  0x000001785ea6e45c: ff0f 84cb | 0400 000f | be72 0d85 

  0x000001785ea6e468: ;   {metadata(method data for {method} {0x000001787342b430} 'markInvalid' '()V' in 'javafx/beans/property/BooleanPropertyBase')}
  0x000001785ea6e468: f648 bef8 | a493 7378 | 0100 0048 | bf10 0100 | 0000 0000 | 0074 0a48 | bf20 0100 | 0000 0000 
  0x000001785ea6e488: 0048 8b1c | 3e48 8d5b | 0148 891c | 3e0f 8471 | 0100 00c6 | 420d 0048 

  0x000001785ea6e4a0: ;   {metadata(method data for {method} {0x000001787342b430} 'markInvalid' '()V' in 'javafx/beans/property/BooleanPropertyBase')}
  0x000001785ea6e4a0: 8bf2 48bf | f8a4 9373 | 7801 0000 | 8b76 0849 | ba00 0000 | 0078 0100 | 0049 03f2 | 483b b740 
  0x000001785ea6e4c0: 0100 0075 | 0d48 8387 | 4801 0000 | 01e9 6000 | 0000 483b | b750 0100 | 0075 0d48 | 8387 5801 
  0x000001785ea6e4e0: 0000 01e9 | 4a00 0000 | 4883 bf40 | 0100 0000 | 7517 4889 | b740 0100 | 0048 c787 | 4801 0000 
  0x000001785ea6e500: 0100 0000 | e929 0000 | 0048 83bf | 5001 0000 | 0075 1748 | 89b7 5001 | 0000 48c7 | 8758 0100 
  0x000001785ea6e520: 0001 0000 | 00e9 0800 | 0000 4883 | 8730 0100 | 0001 488b | f248 8bd6 | 0f1f 4400 | 0048 b8ff 
  0x000001785ea6e540: ffff ffff 

  0x000001785ea6e544: ;   {virtual_call}
  0x000001785ea6e544: ffff ffe8 

  0x000001785ea6e548: ; ImmutableOopMap {[64]=Oop }
                      ;*invokevirtual invalidated {reexecute=0 rethrow=0 return_oop=0}
                      ; - javafx.beans.property.BooleanPropertyBase::markInvalid@13 (line 110)
                      ; - javafx.beans.property.BooleanPropertyBase::set@72 (line 145)
  0x000001785ea6e548: cc75 3207 

  0x000001785ea6e54c: ;   {other}
  0x000001785ea6e54c: 0f1f 8400 | bc07 0002 | 488b 5424 

  0x000001785ea6e558: ;   {metadata(method data for {method} {0x000001787342b430} 'markInvalid' '()V' in 'javafx/beans/property/BooleanPropertyBase')}
  0x000001785ea6e558: 4048 bef8 | a493 7378 | 0100 008b | 5208 49ba | 0000 0000 | 7801 0000 | 4903 d248 | 3b96 7801 
  0x000001785ea6e578: 0000 750d | 4883 8680 | 0100 0001 | e960 0000 | 0048 3b96 | 8801 0000 | 750d 4883 | 8690 0100 
  0x000001785ea6e598: 0001 e94a | 0000 0048 | 83be 7801 | 0000 0075 | 1748 8996 | 7801 0000 | 48c7 8680 | 0100 0001 
  0x000001785ea6e5b8: 0000 00e9 | 2900 0000 | 4883 be88 | 0100 0000 | 7517 4889 | 9688 0100 | 0048 c786 | 9001 0000 
  0x000001785ea6e5d8: 0100 0000 | e908 0000 | 0048 8386 | 6801 0000 | 0148 8b54 | 2440 0f1f | 8000 0000 | 0048 b8ff 
  0x000001785ea6e5f8: ffff ffff 

  0x000001785ea6e5fc: ;   {virtual_call}
  0x000001785ea6e5fc: ffff ffe8 

  0x000001785ea6e600: ; ImmutableOopMap {}
                      ;*invokevirtual fireValueChangedEvent {reexecute=0 rethrow=0 return_oop=0}
                      ; - javafx.beans.property.BooleanPropertyBase::markInvalid@17 (line 111)
                      ; - javafx.beans.property.BooleanPropertyBase::set@72 (line 145)
  0x000001785ea6e600: 4475 3207 

  0x000001785ea6e604: ;   {other}
  0x000001785ea6e604: 0f1f 8400 | 7408 0003 | 4883 c460 

  0x000001785ea6e610: ;   {poll_return}
  0x000001785ea6e610: 5d49 3ba7 | 5004 0000 | 0f87 3103 

  0x000001785ea6e61c: ;   {oop(""{0x000000008a239060})}
  0x000001785ea6e61c: 0000 c348 | be60 9023 | 8a00 0000 | 00e9 1e02 | 0000 488b | 5424 4048 

  0x000001785ea6e634: ;   {metadata(method data for {method} {0x000001787342b680} 'set' '(Z)V' in 'javafx/beans/property/BooleanPropertyBase')}
  0x000001785ea6e634: 8bf2 48bf | 409f 9373 | 7801 0000 | 8b76 0849 | ba00 0000 | 0078 0100 | 0049 03f2 | 483b b728 
  0x000001785ea6e654: 0200 0075 | 0d48 8387 | 3002 0000 | 01e9 6000 | 0000 483b | b738 0200 | 0075 0d48 | 8387 4002 
  0x000001785ea6e674: 0000 01e9 | 4a00 0000 | 4883 bf28 | 0200 0000 | 7517 4889 | b728 0200 | 0048 c787 | 3002 0000 
  0x000001785ea6e694: 0100 0000 | e929 0000 | 0048 83bf | 3802 0000 | 0075 1748 | 89b7 3802 | 0000 48c7 | 8740 0200 
  0x000001785ea6e6b4: 0001 0000 | 00e9 0800 | 0000 4883 | 8718 0200 | 0001 488b | f248 8bd6 | 9048 b8ff | ffff ffff 
  0x000001785ea6e6d4: ;   {virtual_call}
  0x000001785ea6e6d4: ffff ffe8 

  0x000001785ea6e6d8: ; ImmutableOopMap {[64]=Oop [72]=Oop }
                      ;*invokevirtual getBean {reexecute=0 rethrow=0 return_oop=0}
                      ; - javafx.beans.property.BooleanPropertyBase::set@26 (line 141)
  0x000001785ea6e6d8: a40c 2407 

  0x000001785ea6e6dc: ;   {other}
  0x000001785ea6e6dc: 0f1f 8400 | 4c09 0004 

  0x000001785ea6e6e4: ; implicit exception: dispatches to 0x000001785ea6e965
  0x000001785ea6e6e4: 483b 0048 

  0x000001785ea6e6e8: ;   {metadata(method data for {method} {0x000001787342b680} 'set' '(Z)V' in 'javafx/beans/property/BooleanPropertyBase')}
  0x000001785ea6e6e8: 8bd0 48be | 409f 9373 | 7801 0000 | 4883 8650 | 0200 0001 | 8b50 0849 | ba00 0000 | 0078 0100 
  0x000001785ea6e708: 0049 03d2 | 488b 5270 | 488b 1248 | 3b02 488b 

  0x000001785ea6e718: ;   {metadata(method data for {method} {0x000001787342b680} 'set' '(Z)V' in 'javafx/beans/property/BooleanPropertyBase')}
  0x000001785ea6e718: f248 bf40 | 9f93 7378 | 0100 0048 | 8387 8802 | 0000 010f 

  0x000001785ea6e72c: ;   {optimized virtual_call}
  0x000001785ea6e72c: 1f40 00e8 

  0x000001785ea6e730: ; ImmutableOopMap {[64]=Oop [72]=Oop }
                      ;*invokevirtual getSimpleName {reexecute=0 rethrow=0 return_oop=0}
                      ; - javafx.beans.property.BooleanPropertyBase::set@32 (line 141)
  0x000001785ea6e730: 4c07 2407 

  0x000001785ea6e734: ;   {other}
  0x000001785ea6e734: 0f1f 8400 | a409 0005 | 488b 5424 

  0x000001785ea6e740: ;   {metadata(method data for {method} {0x000001787342b680} 'set' '(Z)V' in 'javafx/beans/property/BooleanPropertyBase')}
  0x000001785ea6e740: 4048 be40 | 9f93 7378 | 0100 008b | 5208 49ba | 0000 0000 | 7801 0000 | 4903 d248 | 3b96 d002 
  0x000001785ea6e760: 0000 750d | 4883 86d8 | 0200 0001 | e960 0000 | 0048 3b96 | e002 0000 | 750d 4883 | 86e8 0200 
  0x000001785ea6e780: 0001 e94a | 0000 0048 | 83be d002 | 0000 0075 | 1748 8996 | d002 0000 | 48c7 86d8 | 0200 0001 
  0x000001785ea6e7a0: 0000 00e9 | 2900 0000 | 4883 bee0 | 0200 0000 | 7517 4889 | 96e0 0200 | 0048 c786 | e802 0000 
  0x000001785ea6e7c0: 0100 0000 | e908 0000 | 0048 8386 | c002 0000 | 0148 8b54 | 2440 4889 | 4424 5066 | 9048 b8ff 
  0x000001785ea6e7e0: ffff ffff 

  0x000001785ea6e7e4: ;   {virtual_call}
  0x000001785ea6e7e4: ffff ffe8 

  0x000001785ea6e7e8: ; ImmutableOopMap {[72]=Oop [80]=Oop }
                      ;*invokevirtual getName {reexecute=0 rethrow=0 return_oop=0}
                      ; - javafx.beans.property.BooleanPropertyBase::set@36 (line 141)
  0x000001785ea6e7e8: 940b 2407 

  0x000001785ea6e7ec: ;   {other}
  0x000001785ea6e7ec: 0f1f 8400 | 5c0a 0006 | 0f1f 4000 

  0x000001785ea6e7f8: ;   {no_reloc}
  0x000001785ea6e7f8: e981 0100 | 0090 9090 | 9090 488b | 5424 504c | 8bc0 0f1f 

  0x000001785ea6e80c: ;   {static_call}
  0x000001785ea6e80c: 4400 00e8 

  0x000001785ea6e810: ; ImmutableOopMap {[72]=Oop }
                      ;*invokedynamic {reexecute=0 rethrow=0 return_oop=0}
                      ; - javafx.beans.property.BooleanPropertyBase::set@39 (line 141)
  0x000001785ea6e810: 6c10 2407 

  0x000001785ea6e814: ;   {other}
  0x000001785ea6e814: 0f1f 8400 | 840a 0007 

  0x000001785ea6e81c: ;   {metadata(method data for {method} {0x000001787342b680} 'set' '(Z)V' in 'javafx/beans/property/BooleanPropertyBase')}
  0x000001785ea6e81c: 48ba 409f | 9373 7801 | 0000 488d | 9228 0300 | 004c 8bc0 | 4d85 c075 | 0448 830a 

  0x000001785ea6e838: ;   {metadata(method data for {method} {0x000001787342b680} 'set' '(Z)V' in 'javafx/beans/property/BooleanPropertyBase')}
  0x000001785ea6e838: 0148 ba40 | 9f93 7378 | 0100 00ff | 8238 0300 | 0048 8bf0 | 0f1f 4000 

  0x000001785ea6e850: ;   {no_reloc}
  0x000001785ea6e850: e942 0100 | 0090 9090 | 9090 488b 

  0x000001785ea6e85c: ;   {static_call}
  0x000001785ea6e85c: d666 90e8 

  0x000001785ea6e860: ; ImmutableOopMap {[72]=Oop }
                      ;*invokedynamic {reexecute=0 rethrow=0 return_oop=0}
                      ; - javafx.beans.property.BooleanPropertyBase::set@49 (line 141)
  0x000001785ea6e860: 1c10 2407 

  0x000001785ea6e864: ;   {other}
  0x000001785ea6e864: 0f1f 8400 | d40a 0008 

  0x000001785ea6e86c: ;   {metadata(method data for {method} {0x000001787342b680} 'set' '(Z)V' in 'javafx/beans/property/BooleanPropertyBase')}
  0x000001785ea6e86c: 49b8 409f | 9373 7801 | 0000 4d8d | 8070 0300 | 0048 8bd0 | 4885 d275 | 0449 8308 | 014c 8b44 
  0x000001785ea6e88c: ;   {metadata(method data for {method} {0x000001787342b680} 'set' '(Z)V' in 'javafx/beans/property/BooleanPropertyBase')}
  0x000001785ea6e88c: 2448 48ba | 409f 9373 | 7801 0000 | 4883 8280 | 0300 0001 | 4c8b c048 | 8b54 2448 | 0f1f 8000 
  0x000001785ea6e8ac: ;   {optimized virtual_call}
  0x000001785ea6e8ac: 0000 00e8 

  0x000001785ea6e8b0: ; ImmutableOopMap {[72]=Oop }
                      ;*invokespecial <init> {reexecute=0 rethrow=0 return_oop=0}
                      ; - javafx.beans.property.BooleanPropertyBase::set@54 (line 141)
  0x000001785ea6e8b0: cc05 2407 

  0x000001785ea6e8b4: ;   {other}
  0x000001785ea6e8b4: 0f1f 8400 | 240b 0009 | 488b 4424 | 48e9 f800 

  0x000001785ea6e8c4: ;   {metadata({method} {0x000001787342b680} 'set' '(Z)V' in 'javafx/beans/property/BooleanPropertyBase')}
  0x000001785ea6e8c4: 0000 49ba | 78b6 4273 | 7801 0000 | 4c89 5424 | 0848 c704 | 24ff ffff 

  0x000001785ea6e8dc: ;   {runtime_call counter_overflow Runtime1 stub}
  0x000001785ea6e8dc: ffe8 1eb5 

  0x000001785ea6e8e0: ; ImmutableOopMap {rdx=Oop [64]=Oop }
                      ;*synchronization entry
                      ; - javafx.beans.property.BooleanPropertyBase::set@-1 (line 139)
  0x000001785ea6e8e0: 3107 e980 

  0x000001785ea6e8e4: ;   {metadata({method} {0x000001787342b758} 'isBound' '()Z' in 'javafx/beans/property/BooleanPropertyBase')}
  0x000001785ea6e8e4: f7ff ff49 | ba50 b742 | 7378 0100 | 004c 8954 | 2408 48c7 | 0424 ffff 

  0x000001785ea6e8fc: ;   {runtime_call counter_overflow Runtime1 stub}
  0x000001785ea6e8fc: ffff e8fd 

  0x000001785ea6e900: ; ImmutableOopMap {rdx=Oop [64]=Oop }
                      ;*synchronization entry
                      ; - javafx.beans.property.BooleanPropertyBase::isBound@-1 (line 154)
                      ; - javafx.beans.property.BooleanPropertyBase::set@1 (line 139)
  0x000001785ea6e900: b431 07e9 | 19f8 ffff 

  0x000001785ea6e908: ;   {metadata(nullptr)}
  0x000001785ea6e908: 48ba 0000 | 0000 0000 | 0000 b800 

  0x000001785ea6e914: ;   {runtime_call load_klass_patching Runtime1 stub}
  0x000001785ea6e914: 0f05 0ae8 

  0x000001785ea6e918: ; ImmutableOopMap {rbx=Oop [64]=Oop }
                      ;*new {reexecute=1 rethrow=0 return_oop=0}
                      ; - (reexecute) javafx.beans.property.BooleanPropertyBase::set@7 (line 140)
  0x000001785ea6e918: 6498 3107 | e997 f8ff | ff48 8bd2 

  0x000001785ea6e924: ;   {runtime_call fast_new_instance Runtime1 stub}
  0x000001785ea6e924: e857 3331 

  0x000001785ea6e928: ; ImmutableOopMap {rbx=Oop [64]=Oop }
                      ;*new {reexecute=0 rethrow=0 return_oop=0}
                      ; - javafx.beans.property.BooleanPropertyBase::set@7 (line 140)
  0x000001785ea6e928: 07e9 e2f8 

  0x000001785ea6e92c: ;   {metadata({method} {0x000001787342b430} 'markInvalid' '()V' in 'javafx/beans/property/BooleanPropertyBase')}
  0x000001785ea6e92c: ffff 49ba | 28b4 4273 | 7801 0000 | 4c89 5424 | 0848 c704 | 24ff ffff 

  0x000001785ea6e944: ;   {runtime_call counter_overflow Runtime1 stub}
  0x000001785ea6e944: ffe8 b6b4 

  0x000001785ea6e948: ; ImmutableOopMap {rdx=Oop [64]=Oop }
                      ;*synchronization entry
                      ; - javafx.beans.property.BooleanPropertyBase::markInvalid@-1 (line 108)
                      ; - javafx.beans.property.BooleanPropertyBase::set@72 (line 145)
  0x000001785ea6e948: 3107 e914 

  0x000001785ea6e94c: ;   {internal_word}
  0x000001785ea6e94c: fbff ff49 | ba11 e6a6 | 5e78 0100 | 004d 8997 | 6804 0000 

  0x000001785ea6e960: ;   {runtime_call SafepointBlob}
  0x000001785ea6e960: e91b 8224 

  0x000001785ea6e964: ;   {runtime_call throw_null_pointer_exception Runtime1 stub}
  0x000001785ea6e964: 07e8 b61c 

  0x000001785ea6e968: ; ImmutableOopMap {rax=Oop [64]=Oop [72]=Oop }
                      ;*invokevirtual getClass {reexecute=0 rethrow=0 return_oop=0}
                      ; - javafx.beans.property.BooleanPropertyBase::set@29 (line 141)
                      ;   {runtime_call throw_null_pointer_exception Runtime1 stub}
  0x000001785ea6e968: 3107 e8b1 

  0x000001785ea6e96c: ; ImmutableOopMap {rdx=Oop [64]=Oop [72]=Oop }
                      ;*invokevirtual getSimpleName {reexecute=0 rethrow=0 return_oop=0}
                      ; - javafx.beans.property.BooleanPropertyBase::set@32 (line 141)
  0x000001785ea6e96c: 1c31 0749 | b900 0000 | 0000 0000 | 00b8 000f 

  0x000001785ea6e97c: ;   {runtime_call load_appendix_patching Runtime1 stub}
  0x000001785ea6e97c: 050a e8fd 

  0x000001785ea6e980: ; ImmutableOopMap {rax=Oop [72]=Oop [80]=Oop }
                      ;*invokedynamic {reexecute=1 rethrow=0 return_oop=0}
                      ; - (reexecute) javafx.beans.property.BooleanPropertyBase::set@39 (line 141)
  0x000001785ea6e980: a431 07e9 | 70fe ffff | 49b8 0000 | 0000 0000 | 0000 b800 

  0x000001785ea6e994: ;   {runtime_call load_appendix_patching Runtime1 stub}
  0x000001785ea6e994: 0f05 0ae8 

  0x000001785ea6e998: ; ImmutableOopMap {rsi=Oop [72]=Oop }
                      ;*invokedynamic {reexecute=1 rethrow=0 return_oop=0}
                      ; - (reexecute) javafx.beans.property.BooleanPropertyBase::set@49 (line 141)
  0x000001785ea6e998: e4a4 3107 | e9af feff | ff49 8b87 | 0005 0000 | 49c7 8700 | 0500 0000 | 0000 0049 | c787 0805 
  0x000001785ea6e9b8: 0000 0000 | 0000 4883 

  0x000001785ea6e9c0: ;   {runtime_call unwind_exception Runtime1 stub}
  0x000001785ea6e9c0: c460 5de9 | 380d 3107 
[Stub Code]
  0x000001785ea6e9c8: ;   {no_reloc}
  0x000001785ea6e9c8: 0f1f 4400 

  0x000001785ea6e9cc: ;   {static_stub}
  0x000001785ea6e9cc: 0048 bb00 | 0000 0000 

  0x000001785ea6e9d4: ;   {runtime_call}
  0x000001785ea6e9d4: 0000 00e9 | fbff ffff 

  0x000001785ea6e9dc: ;   {static_stub}
  0x000001785ea6e9dc: 9048 bb00 | 0000 0000 

  0x000001785ea6e9e4: ;   {runtime_call}
  0x000001785ea6e9e4: 0000 00e9 | fbff ffff 

  0x000001785ea6e9ec: ;   {static_stub}
  0x000001785ea6e9ec: 9048 bb00 | 0000 0000 

  0x000001785ea6e9f4: ;   {runtime_call}
  0x000001785ea6e9f4: 0000 00e9 | fbff ffff 

  0x000001785ea6e9fc: ;   {static_stub}
  0x000001785ea6e9fc: 9048 bb00 | 0000 0000 

  0x000001785ea6ea04: ;   {runtime_call}
  0x000001785ea6ea04: 0000 00e9 | fbff ffff 

  0x000001785ea6ea0c: ;   {static_stub}
  0x000001785ea6ea0c: 9048 bb00 | 0000 0000 

  0x000001785ea6ea14: ;   {runtime_call}
  0x000001785ea6ea14: 0000 00e9 | fbff ffff 

  0x000001785ea6ea1c: ;   {static_stub}
  0x000001785ea6ea1c: 9048 bb00 | 0000 0000 

  0x000001785ea6ea24: ;   {runtime_call}
  0x000001785ea6ea24: 0000 00e9 | fbff ffff 

  0x000001785ea6ea2c: ;   {static_stub}
  0x000001785ea6ea2c: 9048 bb00 | 0000 0000 

  0x000001785ea6ea34: ;   {runtime_call}
  0x000001785ea6ea34: 0000 00e9 | fbff ffff 

  0x000001785ea6ea3c: ;   {static_stub}
  0x000001785ea6ea3c: 9048 bb00 | 0000 0000 

  0x000001785ea6ea44: ;   {runtime_call}
  0x000001785ea6ea44: 0000 00e9 | fbff ffff 

  0x000001785ea6ea4c: ;   {static_stub}
  0x000001785ea6ea4c: 48bb 0000 | 0000 0000 

  0x000001785ea6ea54: ;   {runtime_call}
  0x000001785ea6ea54: 0000 e9fb 

  0x000001785ea6ea58: ;   {static_stub}
  0x000001785ea6ea58: ffff ff48 | bb00 0000 | 0000 0000 

  0x000001785ea6ea64: ;   {runtime_call}
  0x000001785ea6ea64: 00e9 fbff 

  0x000001785ea6ea68: ;   {runtime_call handle_exception_from_callee Runtime1 stub}
  0x000001785ea6ea68: ffff e811 

  0x000001785ea6ea6c: ;   {external_word}
  0x000001785ea6ea6c: 5931 0748 | b900 489d | 9cfe 7f00 | 0048 83e4 

  0x000001785ea6ea7c: ;   {runtime_call}
  0x000001785ea6ea7c: f048 b840 | 2465 9cfe | 7f00 00ff 

  0x000001785ea6ea88: ;   {section_word}
  0x000001785ea6ea88: d0f4 49ba | 8aea a65e | 7801 0000 

  0x000001785ea6ea94: ;   {runtime_call DeoptimizationBlob}
  0x000001785ea6ea94: 4152 e985 | 9524 07f4 | f4f4 f4f4 
[/MachCode]


---------------  P R O C E S S  ---------------

Threads class SMR info:
_java_thread_list=0x0000017877e049c0, length=19, elements={
0x0000017853fd06a0, 0x0000017872b0c090, 0x0000017872b0cdb0, 0x0000017872b0f030,
0x0000017872b104f0, 0x0000017872b12460, 0x0000017872b130e0, 0x0000017872b28de0,
0x0000017872b2b9c0, 0x00000178770a58c0, 0x00000178771a8580, 0x0000017877214cb0,
0x0000017877a900f0, 0x00000178776feda0, 0x00000178779f8b10, 0x0000017877c72900,
0x0000017877c72270, 0x0000017877ed8520, 0x0000017877edb310
}

Java Threads: ( => current thread )
  0x0000017853fd06a0 JavaThread "main"                              [_thread_blocked, id=5772, stack(0x0000003898d00000,0x0000003898e00000) (1024K)]
  0x0000017872b0c090 JavaThread "Reference Handler"          daemon [_thread_blocked, id=12692, stack(0x0000003899500000,0x0000003899600000) (1024K)]
  0x0000017872b0cdb0 JavaThread "Finalizer"                  daemon [_thread_blocked, id=16424, stack(0x0000003899600000,0x0000003899700000) (1024K)]
  0x0000017872b0f030 JavaThread "Signal Dispatcher"          daemon [_thread_blocked, id=9960, stack(0x0000003899700000,0x0000003899800000) (1024K)]
  0x0000017872b104f0 JavaThread "Attach Listener"            daemon [_thread_blocked, id=3452, stack(0x0000003899800000,0x0000003899900000) (1024K)]
  0x0000017872b12460 JavaThread "Service Thread"             daemon [_thread_blocked, id=15216, stack(0x0000003899900000,0x0000003899a00000) (1024K)]
  0x0000017872b130e0 JavaThread "Monitor Deflation Thread"   daemon [_thread_blocked, id=18248, stack(0x0000003899a00000,0x0000003899b00000) (1024K)]
  0x0000017872b28de0 JavaThread "C2 CompilerThread0"         daemon [_thread_blocked, id=20368, stack(0x0000003899b00000,0x0000003899c00000) (1024K)]
  0x0000017872b2b9c0 JavaThread "C1 CompilerThread0"         daemon [_thread_blocked, id=14796, stack(0x0000003899c00000,0x0000003899d00000) (1024K)]
  0x00000178770a58c0 JavaThread "Common-Cleaner"             daemon [_thread_blocked, id=11024, stack(0x0000003899d00000,0x0000003899e00000) (1024K)]
  0x00000178771a8580 JavaThread "C2 CompilerThread1"         daemon [_thread_in_native, id=15220, stack(0x0000003899e00000,0x0000003899f00000) (1024K)]
  0x0000017877214cb0 JavaThread "C2 CompilerThread2"         daemon [_thread_blocked, id=15160, stack(0x0000003899f00000,0x000000389a000000) (1024K)]
  0x0000017877a900f0 JavaThread "Monitor Ctrl-Break"         daemon [_thread_in_native, id=21360, stack(0x000000389a000000,0x000000389a100000) (1024K)]
  0x00000178776feda0 JavaThread "Notification Thread"        daemon [_thread_blocked, id=13652, stack(0x000000389a100000,0x000000389a200000) (1024K)]
  0x00000178779f8b10 JavaThread "QuantumRenderer-0"          daemon [_thread_blocked, id=11016, stack(0x000000389a200000,0x000000389a300000) (1024K)]
  0x0000017877c72900 JavaThread "InvokeLaterDispatcher"      daemon [_thread_blocked, id=3932, stack(0x000000389a300000,0x000000389a400000) (1024K)]
=>0x0000017877c72270 JavaThread "JavaFX Application Thread"         [_thread_in_vm, id=7648, stack(0x000000389a400000,0x000000389a500000) (1024K)]
  0x0000017877ed8520 JavaThread "JavaFX-Launcher"                   [_thread_blocked, id=1144, stack(0x000000389a900000,0x000000389aa00000) (1024K)]
  0x0000017877edb310 JavaThread "Thread-2"                   daemon [_thread_in_native, id=14156, stack(0x000000389a800000,0x000000389a900000) (1024K)]
Total: 19

Other Threads:
  0x0000017872aeb740 VMThread "VM Thread"                           [id=9704, stack(0x0000003899400000,0x0000003899500000) (1024K)]
  0x0000017872ad2c80 WatcherThread "VM Periodic Task Thread"        [id=16372, stack(0x0000003899300000,0x0000003899400000) (1024K)]
  0x0000017856320e10 WorkerThread "GC Thread#0"                     [id=21864, stack(0x0000003898e00000,0x0000003898f00000) (1024K)]
  0x0000017877eb3a10 WorkerThread "GC Thread#1"                     [id=22556, stack(0x000000389aa00000,0x000000389ab00000) (1024K)]
  0x0000017877ed18d0 WorkerThread "GC Thread#2"                     [id=24564, stack(0x000000389ab00000,0x000000389ac00000) (1024K)]
  0x0000017877f56650 WorkerThread "GC Thread#3"                     [id=23720, stack(0x000000389ac00000,0x000000389ad00000) (1024K)]
  0x0000017877f569f0 WorkerThread "GC Thread#4"                     [id=17324, stack(0x000000389ad00000,0x000000389ae00000) (1024K)]
  0x0000017877f56d90 WorkerThread "GC Thread#5"                     [id=17940, stack(0x000000389ae00000,0x000000389af00000) (1024K)]
  0x0000017878b085a0 WorkerThread "GC Thread#6"                     [id=10748, stack(0x000000389af00000,0x000000389b000000) (1024K)]
  0x0000017878212d60 WorkerThread "GC Thread#7"                     [id=8368, stack(0x000000389b000000,0x000000389b100000) (1024K)]
  0x000001785409dd80 ConcurrentGCThread "G1 Main Marker"            [id=19288, stack(0x0000003898f00000,0x0000003899000000) (1024K)]
  0x000001785409ea30 WorkerThread "G1 Conc#0"                       [id=6132, stack(0x0000003899000000,0x0000003899100000) (1024K)]
  0x000001785638dff0 ConcurrentGCThread "G1 Refine#0"               [id=20008, stack(0x0000003899100000,0x0000003899200000) (1024K)]
  0x000001785638eb60 ConcurrentGCThread "G1 Service"                [id=18984, stack(0x0000003899200000,0x0000003899300000) (1024K)]
Total: 14

Threads with active compile tasks:
C2 CompilerThread1     1538 2033       4       javafx.css.CompoundSelector::applies (144 bytes)
Total: 1

VM state: not at safepoint (normal execution)

VM Mutex/Monitor currently owned by a thread:  ([mutex/lock_event])
[0x00007ffe9cc6ace8] Metaspace_lock - owner thread: 0x0000017877c72270
[0x00007ffe9cc6ba68] MultiArray_lock - owner thread: 0x0000017877c72270

Heap address: 0x0000000084c00000, size: 1972 MB, Compressed Oops mode: 32-bit

CDS archive(s) mapped at: [0x0000017800000000-0x0000017800c90000-0x0000017800c90000), size 13172736, SharedBaseAddress: 0x0000017800000000, ArchiveRelocationMode: 1.
Compressed class space mapped at: 0x0000017801000000-0x0000017841000000, reserved size: 1073741824
Narrow klass base: 0x0000017800000000, Narrow klass shift: 0, Narrow klass range: 0x100000000

GC Precious Log:
 CardTable entry size: 512
 Card Set container configuration: InlinePtr #cards 5 size 8 Array Of Cards #cards 12 size 40 Howl #buckets 4 coarsen threshold 1843 Howl Bitmap #cards 512 size 80 coarsen threshold 460 Card regions per heap region 1 cards per card region 2048
 CPUs: 8 total, 8 available
 Memory: 7886M
 Large Page Support: Disabled
 NUMA Support: Disabled
 Compressed Oops: Enabled (32-bit)
 Heap Region Size: 1M
 Heap Min Capacity: 8M
 Heap Initial Capacity: 124M
 Heap Max Capacity: 1972M
 Pre-touch: Disabled
 Parallel Workers: 8
 Concurrent Workers: 2
 Concurrent Refinement Workers: 8
 Periodic GC: Disabled

Heap:
 garbage-first heap   total 126976K, used 55146K [0x0000000084c00000, 0x0000000100000000)
  region size 1024K, 19 young (19456K), 5 survivors (5120K)
 Metaspace       used 13517K, committed 13824K, reserved 1114112K
  class space    used 1902K, committed 2048K, reserved 1048576K

Heap Regions: E=young(eden), S=young(survivor), O=old, HS=humongous(starts), HC=humongous(continues), CS=collection set, F=free, TAMS=top-at-mark-start, PB=parsable bottom
|   0|0x0000000084c00000, 0x0000000084d00000, 0x0000000084d00000|100%|HS|  |TAMS 0x0000000084c00000| PB 0x0000000084c00000| Complete 
|   1|0x0000000084d00000, 0x0000000084e00000, 0x0000000084e00000|100%|HC|  |TAMS 0x0000000084d00000| PB 0x0000000084d00000| Complete 
|   2|0x0000000084e00000, 0x0000000084f00000, 0x0000000084f00000|100%|HC|  |TAMS 0x0000000084e00000| PB 0x0000000084e00000| Complete 
|   3|0x0000000084f00000, 0x0000000085000000, 0x0000000085000000|100%|HS|  |TAMS 0x0000000084f00000| PB 0x0000000084f00000| Complete 
|   4|0x0000000085000000, 0x0000000085100000, 0x0000000085100000|100%|HC|  |TAMS 0x0000000085000000| PB 0x0000000085000000| Complete 
|   5|0x0000000085100000, 0x0000000085200000, 0x0000000085200000|100%|HC|  |TAMS 0x0000000085100000| PB 0x0000000085100000| Complete 
|   6|0x0000000085200000, 0x0000000085300000, 0x0000000085300000|100%|HS|  |TAMS 0x0000000085200000| PB 0x0000000085200000| Complete 
|   7|0x0000000085300000, 0x0000000085400000, 0x0000000085400000|100%|HC|  |TAMS 0x0000000085300000| PB 0x0000000085300000| Complete 
|   8|0x0000000085400000, 0x0000000085500000, 0x0000000085500000|100%|HC|  |TAMS 0x0000000085400000| PB 0x0000000085400000| Complete 
|   9|0x0000000085500000, 0x0000000085600000, 0x0000000085600000|100%|HS|  |TAMS 0x0000000085500000| PB 0x0000000085500000| Complete 
|  10|0x0000000085600000, 0x0000000085700000, 0x0000000085700000|100%|HC|  |TAMS 0x0000000085600000| PB 0x0000000085600000| Complete 
|  11|0x0000000085700000, 0x0000000085800000, 0x0000000085800000|100%|HC|  |TAMS 0x0000000085700000| PB 0x0000000085700000| Complete 
|  12|0x0000000085800000, 0x0000000085900000, 0x0000000085900000|100%|HS|  |TAMS 0x0000000085800000| PB 0x0000000085800000| Complete 
|  13|0x0000000085900000, 0x0000000085a00000, 0x0000000085a00000|100%|HC|  |TAMS 0x0000000085900000| PB 0x0000000085900000| Complete 
|  14|0x0000000085a00000, 0x0000000085b00000, 0x0000000085b00000|100%|HC|  |TAMS 0x0000000085a00000| PB 0x0000000085a00000| Complete 
|  15|0x0000000085b00000, 0x0000000085c00000, 0x0000000085c00000|100%|HS|  |TAMS 0x0000000085b00000| PB 0x0000000085b00000| Complete 
|  16|0x0000000085c00000, 0x0000000085d00000, 0x0000000085d00000|100%|HC|  |TAMS 0x0000000085c00000| PB 0x0000000085c00000| Complete 
|  17|0x0000000085d00000, 0x0000000085e00000, 0x0000000085e00000|100%|HC|  |TAMS 0x0000000085d00000| PB 0x0000000085d00000| Complete 
|  18|0x0000000085e00000, 0x0000000085f00000, 0x0000000085f00000|100%|HS|  |TAMS 0x0000000085e00000| PB 0x0000000085e00000| Complete 
|  19|0x0000000085f00000, 0x0000000086000000, 0x0000000086000000|100%|HC|  |TAMS 0x0000000085f00000| PB 0x0000000085f00000| Complete 
|  20|0x0000000086000000, 0x0000000086100000, 0x0000000086100000|100%|HC|  |TAMS 0x0000000086000000| PB 0x0000000086000000| Complete 
|  21|0x0000000086100000, 0x0000000086200000, 0x0000000086200000|100%|HS|  |TAMS 0x0000000086100000| PB 0x0000000086100000| Complete 
|  22|0x0000000086200000, 0x0000000086300000, 0x0000000086300000|100%|HC|  |TAMS 0x0000000086200000| PB 0x0000000086200000| Complete 
|  23|0x0000000086300000, 0x0000000086400000, 0x0000000086400000|100%|HS|  |TAMS 0x0000000086300000| PB 0x0000000086300000| Complete 
|  24|0x0000000086400000, 0x0000000086500000, 0x0000000086500000|100%|HC|  |TAMS 0x0000000086400000| PB 0x0000000086400000| Complete 
|  25|0x0000000086500000, 0x0000000086600000, 0x0000000086600000|100%|HC|  |TAMS 0x0000000086500000| PB 0x0000000086500000| Complete 
|  26|0x0000000086600000, 0x0000000086700000, 0x0000000086700000|100%|HS|  |TAMS 0x0000000086600000| PB 0x0000000086600000| Complete 
|  27|0x0000000086700000, 0x0000000086800000, 0x0000000086800000|100%|HC|  |TAMS 0x0000000086700000| PB 0x0000000086700000| Complete 
|  28|0x0000000086800000, 0x0000000086900000, 0x0000000086900000|100%|HS|  |TAMS 0x0000000086800000| PB 0x0000000086800000| Complete 
|  29|0x0000000086900000, 0x0000000086a00000, 0x0000000086a00000|100%|HS|  |TAMS 0x0000000086900000| PB 0x0000000086900000| Complete 
|  30|0x0000000086a00000, 0x0000000086b00000, 0x0000000086b00000|100%| O|  |TAMS 0x0000000086a00000| PB 0x0000000086a00000| Untracked 
|  31|0x0000000086b00000, 0x0000000086c00000, 0x0000000086c00000|100%| O|  |TAMS 0x0000000086b00000| PB 0x0000000086b00000| Untracked 
|  32|0x0000000086c00000, 0x0000000086d00000, 0x0000000086d00000|100%| O|  |TAMS 0x0000000086c00000| PB 0x0000000086c00000| Untracked 
|  33|0x0000000086d00000, 0x0000000086e00000, 0x0000000086e00000|100%| O|  |TAMS 0x0000000086d00000| PB 0x0000000086d00000| Untracked 
|  34|0x0000000086e00000, 0x0000000086f00000, 0x0000000086f00000|100%| O|  |TAMS 0x0000000086e00000| PB 0x0000000086e00000| Untracked 
|  35|0x0000000086f00000, 0x0000000087000000, 0x0000000087000000|100%| O|  |TAMS 0x0000000086f00000| PB 0x0000000086f00000| Untracked 
|  36|0x0000000087000000, 0x00000000870dab10, 0x0000000087100000| 85%| O|  |TAMS 0x0000000087000000| PB 0x0000000087000000| Untracked 
|  37|0x0000000087100000, 0x0000000087100000, 0x0000000087200000|  0%| F|  |TAMS 0x0000000087100000| PB 0x0000000087100000| Untracked 
|  38|0x0000000087200000, 0x0000000087200000, 0x0000000087300000|  0%| F|  |TAMS 0x0000000087200000| PB 0x0000000087200000| Untracked 
|  39|0x0000000087300000, 0x0000000087300000, 0x0000000087400000|  0%| F|  |TAMS 0x0000000087300000| PB 0x0000000087300000| Untracked 
|  40|0x0000000087400000, 0x0000000087400000, 0x0000000087500000|  0%| F|  |TAMS 0x0000000087400000| PB 0x0000000087400000| Untracked 
|  41|0x0000000087500000, 0x0000000087500000, 0x0000000087600000|  0%| F|  |TAMS 0x0000000087500000| PB 0x0000000087500000| Untracked 
|  42|0x0000000087600000, 0x0000000087600000, 0x0000000087700000|  0%| F|  |TAMS 0x0000000087600000| PB 0x0000000087600000| Untracked 
|  43|0x0000000087700000, 0x0000000087700000, 0x0000000087800000|  0%| F|  |TAMS 0x0000000087700000| PB 0x0000000087700000| Untracked 
|  44|0x0000000087800000, 0x0000000087800000, 0x0000000087900000|  0%| F|  |TAMS 0x0000000087800000| PB 0x0000000087800000| Untracked 
|  45|0x0000000087900000, 0x0000000087900000, 0x0000000087a00000|  0%| F|  |TAMS 0x0000000087900000| PB 0x0000000087900000| Untracked 
|  46|0x0000000087a00000, 0x0000000087a00000, 0x0000000087b00000|  0%| F|  |TAMS 0x0000000087a00000| PB 0x0000000087a00000| Untracked 
|  47|0x0000000087b00000, 0x0000000087b00000, 0x0000000087c00000|  0%| F|  |TAMS 0x0000000087b00000| PB 0x0000000087b00000| Untracked 
|  48|0x0000000087c00000, 0x0000000087c00000, 0x0000000087d00000|  0%| F|  |TAMS 0x0000000087c00000| PB 0x0000000087c00000| Untracked 
|  49|0x0000000087d00000, 0x0000000087d00000, 0x0000000087e00000|  0%| F|  |TAMS 0x0000000087d00000| PB 0x0000000087d00000| Untracked 
|  50|0x0000000087e00000, 0x0000000087e00000, 0x0000000087f00000|  0%| F|  |TAMS 0x0000000087e00000| PB 0x0000000087e00000| Untracked 
|  51|0x0000000087f00000, 0x0000000087f00000, 0x0000000088000000|  0%| F|  |TAMS 0x0000000087f00000| PB 0x0000000087f00000| Untracked 
|  52|0x0000000088000000, 0x0000000088000000, 0x0000000088100000|  0%| F|  |TAMS 0x0000000088000000| PB 0x0000000088000000| Untracked 
|  53|0x0000000088100000, 0x0000000088100000, 0x0000000088200000|  0%| F|  |TAMS 0x0000000088100000| PB 0x0000000088100000| Untracked 
|  54|0x0000000088200000, 0x0000000088200000, 0x0000000088300000|  0%| F|  |TAMS 0x0000000088200000| PB 0x0000000088200000| Untracked 
|  55|0x0000000088300000, 0x0000000088300000, 0x0000000088400000|  0%| F|  |TAMS 0x0000000088300000| PB 0x0000000088300000| Untracked 
|  56|0x0000000088400000, 0x0000000088400000, 0x0000000088500000|  0%| F|  |TAMS 0x0000000088400000| PB 0x0000000088400000| Untracked 
|  57|0x0000000088500000, 0x0000000088500000, 0x0000000088600000|  0%| F|  |TAMS 0x0000000088500000| PB 0x0000000088500000| Untracked 
|  58|0x0000000088600000, 0x0000000088600000, 0x0000000088700000|  0%| F|  |TAMS 0x0000000088600000| PB 0x0000000088600000| Untracked 
|  59|0x0000000088700000, 0x0000000088700000, 0x0000000088800000|  0%| F|  |TAMS 0x0000000088700000| PB 0x0000000088700000| Untracked 
|  60|0x0000000088800000, 0x0000000088800000, 0x0000000088900000|  0%| F|  |TAMS 0x0000000088800000| PB 0x0000000088800000| Untracked 
|  61|0x0000000088900000, 0x0000000088900000, 0x0000000088a00000|  0%| F|  |TAMS 0x0000000088900000| PB 0x0000000088900000| Untracked 
|  62|0x0000000088a00000, 0x0000000088a00000, 0x0000000088b00000|  0%| F|  |TAMS 0x0000000088a00000| PB 0x0000000088a00000| Untracked 
|  63|0x0000000088b00000, 0x0000000088b00000, 0x0000000088c00000|  0%| F|  |TAMS 0x0000000088b00000| PB 0x0000000088b00000| Untracked 
|  64|0x0000000088c00000, 0x0000000088c00000, 0x0000000088d00000|  0%| F|  |TAMS 0x0000000088c00000| PB 0x0000000088c00000| Untracked 
|  65|0x0000000088d00000, 0x0000000088d00000, 0x0000000088e00000|  0%| F|  |TAMS 0x0000000088d00000| PB 0x0000000088d00000| Untracked 
|  66|0x0000000088e00000, 0x0000000088e00000, 0x0000000088f00000|  0%| F|  |TAMS 0x0000000088e00000| PB 0x0000000088e00000| Untracked 
|  67|0x0000000088f00000, 0x0000000088f00000, 0x0000000089000000|  0%| F|  |TAMS 0x0000000088f00000| PB 0x0000000088f00000| Untracked 
|  68|0x0000000089000000, 0x0000000089000000, 0x0000000089100000|  0%| F|  |TAMS 0x0000000089000000| PB 0x0000000089000000| Untracked 
|  69|0x0000000089100000, 0x0000000089100000, 0x0000000089200000|  0%| F|  |TAMS 0x0000000089100000| PB 0x0000000089100000| Untracked 
|  70|0x0000000089200000, 0x0000000089200000, 0x0000000089300000|  0%| F|  |TAMS 0x0000000089200000| PB 0x0000000089200000| Untracked 
|  71|0x0000000089300000, 0x0000000089300000, 0x0000000089400000|  0%| F|  |TAMS 0x0000000089300000| PB 0x0000000089300000| Untracked 
|  72|0x0000000089400000, 0x0000000089400000, 0x0000000089500000|  0%| F|  |TAMS 0x0000000089400000| PB 0x0000000089400000| Untracked 
|  73|0x0000000089500000, 0x0000000089500000, 0x0000000089600000|  0%| F|  |TAMS 0x0000000089500000| PB 0x0000000089500000| Untracked 
|  74|0x0000000089600000, 0x0000000089600000, 0x0000000089700000|  0%| F|  |TAMS 0x0000000089600000| PB 0x0000000089600000| Untracked 
|  75|0x0000000089700000, 0x0000000089700000, 0x0000000089800000|  0%| F|  |TAMS 0x0000000089700000| PB 0x0000000089700000| Untracked 
|  76|0x0000000089800000, 0x0000000089800000, 0x0000000089900000|  0%| F|  |TAMS 0x0000000089800000| PB 0x0000000089800000| Untracked 
|  77|0x0000000089900000, 0x0000000089900000, 0x0000000089a00000|  0%| F|  |TAMS 0x0000000089900000| PB 0x0000000089900000| Untracked 
|  78|0x0000000089a00000, 0x0000000089a00000, 0x0000000089b00000|  0%| F|  |TAMS 0x0000000089a00000| PB 0x0000000089a00000| Untracked 
|  79|0x0000000089b00000, 0x0000000089b00000, 0x0000000089c00000|  0%| F|  |TAMS 0x0000000089b00000| PB 0x0000000089b00000| Untracked 
|  80|0x0000000089c00000, 0x0000000089c00000, 0x0000000089d00000|  0%| F|  |TAMS 0x0000000089c00000| PB 0x0000000089c00000| Untracked 
|  81|0x0000000089d00000, 0x0000000089d00000, 0x0000000089e00000|  0%| F|  |TAMS 0x0000000089d00000| PB 0x0000000089d00000| Untracked 
|  82|0x0000000089e00000, 0x0000000089f00000, 0x0000000089f00000|100%| S|CS|TAMS 0x0000000089e00000| PB 0x0000000089e00000| Complete 
|  83|0x0000000089f00000, 0x000000008a000000, 0x000000008a000000|100%| S|CS|TAMS 0x0000000089f00000| PB 0x0000000089f00000| Complete 
|  84|0x000000008a000000, 0x000000008a100000, 0x000000008a100000|100%| S|CS|TAMS 0x000000008a000000| PB 0x000000008a000000| Complete 
|  85|0x000000008a100000, 0x000000008a200000, 0x000000008a200000|100%| S|CS|TAMS 0x000000008a100000| PB 0x000000008a100000| Complete 
|  86|0x000000008a200000, 0x000000008a300000, 0x000000008a300000|100%| S|CS|TAMS 0x000000008a200000| PB 0x000000008a200000| Complete 
|  87|0x000000008a300000, 0x000000008a300000, 0x000000008a400000|  0%| F|  |TAMS 0x000000008a300000| PB 0x000000008a300000| Untracked 
|  88|0x000000008a400000, 0x000000008a400000, 0x000000008a500000|  0%| F|  |TAMS 0x000000008a400000| PB 0x000000008a400000| Untracked 
|  89|0x000000008a500000, 0x000000008a500000, 0x000000008a600000|  0%| F|  |TAMS 0x000000008a500000| PB 0x000000008a500000| Untracked 
|  90|0x000000008a600000, 0x000000008a600000, 0x000000008a700000|  0%| F|  |TAMS 0x000000008a600000| PB 0x000000008a600000| Untracked 
|  91|0x000000008a700000, 0x000000008a700000, 0x000000008a800000|  0%| F|  |TAMS 0x000000008a700000| PB 0x000000008a700000| Untracked 
|  92|0x000000008a800000, 0x000000008a800000, 0x000000008a900000|  0%| F|  |TAMS 0x000000008a800000| PB 0x000000008a800000| Untracked 
|  93|0x000000008a900000, 0x000000008a900000, 0x000000008aa00000|  0%| F|  |TAMS 0x000000008a900000| PB 0x000000008a900000| Untracked 
|  94|0x000000008aa00000, 0x000000008aa00000, 0x000000008ab00000|  0%| F|  |TAMS 0x000000008aa00000| PB 0x000000008aa00000| Untracked 
|  95|0x000000008ab00000, 0x000000008ab00000, 0x000000008ac00000|  0%| F|  |TAMS 0x000000008ab00000| PB 0x000000008ab00000| Untracked 
|  96|0x000000008ac00000, 0x000000008ac00000, 0x000000008ad00000|  0%| F|  |TAMS 0x000000008ac00000| PB 0x000000008ac00000| Untracked 
|  97|0x000000008ad00000, 0x000000008ad00000, 0x000000008ae00000|  0%| F|  |TAMS 0x000000008ad00000| PB 0x000000008ad00000| Untracked 
|  98|0x000000008ae00000, 0x000000008ae00000, 0x000000008af00000|  0%| F|  |TAMS 0x000000008ae00000| PB 0x000000008ae00000| Untracked 
|  99|0x000000008af00000, 0x000000008af00000, 0x000000008b000000|  0%| F|  |TAMS 0x000000008af00000| PB 0x000000008af00000| Untracked 
| 100|0x000000008b000000, 0x000000008b000000, 0x000000008b100000|  0%| F|  |TAMS 0x000000008b000000| PB 0x000000008b000000| Untracked 
| 101|0x000000008b100000, 0x000000008b100000, 0x000000008b200000|  0%| F|  |TAMS 0x000000008b100000| PB 0x000000008b100000| Untracked 
| 102|0x000000008b200000, 0x000000008b200000, 0x000000008b300000|  0%| F|  |TAMS 0x000000008b200000| PB 0x000000008b200000| Untracked 
| 103|0x000000008b300000, 0x000000008b300000, 0x000000008b400000|  0%| F|  |TAMS 0x000000008b300000| PB 0x000000008b300000| Untracked 
| 104|0x000000008b400000, 0x000000008b400000, 0x000000008b500000|  0%| F|  |TAMS 0x000000008b400000| PB 0x000000008b400000| Untracked 
| 105|0x000000008b500000, 0x000000008b500000, 0x000000008b600000|  0%| F|  |TAMS 0x000000008b500000| PB 0x000000008b500000| Untracked 
| 106|0x000000008b600000, 0x000000008b600000, 0x000000008b700000|  0%| F|  |TAMS 0x000000008b600000| PB 0x000000008b600000| Untracked 
| 107|0x000000008b700000, 0x000000008b700000, 0x000000008b800000|  0%| F|  |TAMS 0x000000008b700000| PB 0x000000008b700000| Untracked 
| 108|0x000000008b800000, 0x000000008b800000, 0x000000008b900000|  0%| F|  |TAMS 0x000000008b800000| PB 0x000000008b800000| Untracked 
| 109|0x000000008b900000, 0x000000008b900000, 0x000000008ba00000|  0%| F|  |TAMS 0x000000008b900000| PB 0x000000008b900000| Untracked 
| 110|0x000000008ba00000, 0x000000008baf4470, 0x000000008bb00000| 95%| E|  |TAMS 0x000000008ba00000| PB 0x000000008ba00000| Complete 
| 111|0x000000008bb00000, 0x000000008bc00000, 0x000000008bc00000|100%| E|CS|TAMS 0x000000008bb00000| PB 0x000000008bb00000| Complete 
| 112|0x000000008bc00000, 0x000000008bd00000, 0x000000008bd00000|100%| E|CS|TAMS 0x000000008bc00000| PB 0x000000008bc00000| Complete 
| 113|0x000000008bd00000, 0x000000008be00000, 0x000000008be00000|100%| E|  |TAMS 0x000000008bd00000| PB 0x000000008bd00000| Complete 
| 114|0x000000008be00000, 0x000000008bf00000, 0x000000008bf00000|100%| E|CS|TAMS 0x000000008be00000| PB 0x000000008be00000| Complete 
| 115|0x000000008bf00000, 0x000000008c000000, 0x000000008c000000|100%| E|CS|TAMS 0x000000008bf00000| PB 0x000000008bf00000| Complete 
| 116|0x000000008c000000, 0x000000008c100000, 0x000000008c100000|100%| E|CS|TAMS 0x000000008c000000| PB 0x000000008c000000| Complete 
| 117|0x000000008c100000, 0x000000008c200000, 0x000000008c200000|100%| E|CS|TAMS 0x000000008c100000| PB 0x000000008c100000| Complete 
| 118|0x000000008c200000, 0x000000008c300000, 0x000000008c300000|100%| E|CS|TAMS 0x000000008c200000| PB 0x000000008c200000| Complete 
| 119|0x000000008c300000, 0x000000008c400000, 0x000000008c400000|100%| E|CS|TAMS 0x000000008c300000| PB 0x000000008c300000| Complete 
| 120|0x000000008c400000, 0x000000008c500000, 0x000000008c500000|100%| E|CS|TAMS 0x000000008c400000| PB 0x000000008c400000| Complete 
| 121|0x000000008c500000, 0x000000008c600000, 0x000000008c600000|100%| E|CS|TAMS 0x000000008c500000| PB 0x000000008c500000| Complete 
| 122|0x000000008c600000, 0x000000008c700000, 0x000000008c700000|100%| E|CS|TAMS 0x000000008c600000| PB 0x000000008c600000| Complete 
| 123|0x000000008c700000, 0x000000008c800000, 0x000000008c800000|100%| E|CS|TAMS 0x000000008c700000| PB 0x000000008c700000| Complete 

Card table byte_map: [0x000001786de40000,0x000001786e220000] _byte_map_base: 0x000001786da1a000

Marking Bits: (CMBitMap*) 0x0000017856321510
 Bits: [0x000001786e220000, 0x00000178700f0000)

Polling page: 0x0000017854230000

Metaspace:

Usage:
  Non-class:     11.34 MB used.
      Class:      1.86 MB used.
       Both:     13.20 MB used.

Virtual space:
  Non-class space:       64.00 MB reserved,      11.50 MB ( 18%) committed,  1 nodes.
      Class space:        1.00 GB reserved,       2.00 MB ( <1%) committed,  1 nodes.
             Both:        1.06 GB reserved,      13.50 MB (  1%) committed. 

Chunk freelists:
   Non-Class:  4.52 MB
       Class:  13.92 MB
        Both:  18.44 MB

MaxMetaspaceSize: unlimited
CompressedClassSpaceSize: 1.00 GB
Initial GC threshold: 21.00 MB
Current GC threshold: 21.00 MB
CDS: on
 - commit_granule_bytes: 65536.
 - commit_granule_words: 8192.
 - virtual_space_node_default_size: 8388608.
 - enlarge_chunks_in_place: 1.
 - use_allocation_guard: 0.


Internal statistics:

num_allocs_failed_limit: 0.
num_arena_births: 326.
num_arena_deaths: 0.
num_vsnodes_births: 2.
num_vsnodes_deaths: 0.
num_space_committed: 216.
num_space_uncommitted: 0.
num_chunks_returned_to_freelist: 0.
num_chunks_taken_from_freelist: 736.
num_chunk_merges: 0.
num_chunk_splits: 499.
num_chunks_enlarged: 360.
num_inconsistent_stats: 0.

CodeHeap 'non-profiled nmethods': size=120000Kb used=906Kb max_used=906Kb free=119093Kb
 bounds [0x0000017866200000, 0x0000017866470000, 0x000001786d730000]
CodeHeap 'profiled nmethods': size=120000Kb used=4071Kb max_used=4071Kb free=115929Kb
 bounds [0x000001785e730000, 0x000001785eb30000, 0x0000017865c60000]
CodeHeap 'non-nmethods': size=5760Kb used=1908Kb max_used=1926Kb free=3851Kb
 bounds [0x0000017865c60000, 0x0000017865ed0000, 0x0000017866200000]
 total_blobs=2843 nmethods=2113 adapters=634
 compilation: enabled
              stopped_count=0, restarted_count=0
 full_count=0

Compilation events (20 events):
Event: 1.483 Thread 0x0000017872b2b9c0 nmethod 2106 0x00000178662e1f10 code [0x00000178662e20a0, 0x00000178662e2168]
Event: 1.483 Thread 0x0000017877214cb0 2097       4       java.util.concurrent.ConcurrentHashMap::putIfAbsent (8 bytes)
Event: 1.484 Thread 0x0000017877214cb0 nmethod 2097 0x00000178662e2210 code [0x00000178662e23a0, 0x00000178662e2458]
Event: 1.484 Thread 0x0000017872b2b9c0 2107       3       java.lang.Character::isLetterOrDigit (5 bytes)
Event: 1.485 Thread 0x0000017872b2b9c0 nmethod 2107 0x000001785eb24c90 code [0x000001785eb24e60, 0x000001785eb25178]
Event: 1.485 Thread 0x0000017872b2b9c0 2108       3       java.lang.Character::isLetterOrDigit (19 bytes)
Event: 1.485 Thread 0x0000017872b2b9c0 nmethod 2108 0x000001785eb25290 code [0x000001785eb25460, 0x000001785eb25710]
Event: 1.485 Thread 0x0000017872b2b9c0 2109       3       jdk.internal.org.objectweb.asm.ClassVisitor::<init> (7 bytes)
Event: 1.485 Thread 0x0000017872b2b9c0 nmethod 2109 0x000001785eb25810 code [0x000001785eb259c0, 0x000001785eb25b08]
Event: 1.485 Thread 0x0000017872b2b9c0 2110       3       jdk.internal.org.objectweb.asm.ClassVisitor::<init> (78 bytes)
Event: 1.485 Thread 0x0000017872b2b9c0 nmethod 2110 0x000001785eb25b90 code [0x000001785eb25dc0, 0x000001785eb26578]
Event: 1.485 Thread 0x0000017872b2b9c0 2111       3       jdk.internal.org.objectweb.asm.SymbolTable::<init> (41 bytes)
Event: 1.486 Thread 0x0000017872b2b9c0 nmethod 2111 0x000001785eb26810 code [0x000001785eb269e0, 0x000001785eb26f48]
Event: 1.486 Thread 0x0000017872b2b9c0 2112       3       javafx.collections.ListChangeBuilder::findSubChange (84 bytes)
Event: 1.486 Thread 0x0000017872b2b9c0 nmethod 2112 0x000001785eb27090 code [0x000001785eb27280, 0x000001785eb277e8]
Event: 1.486 Thread 0x0000017872b2b9c0 2113       3       javafx.collections.ListChangeBuilder$SubChange::<init> (32 bytes)
Event: 1.486 Thread 0x0000017872b2b9c0 nmethod 2113 0x000001785eb27990 code [0x000001785eb27b40, 0x000001785eb27d70]
Event: 1.486 Thread 0x0000017872b2b9c0 2114       3       javafx.scene.CssStyleHelper$CacheContainer::<init> (236 bytes)
Event: 1.486 Thread 0x0000017877214cb0 2115       4       java.util.Collections$UnmodifiableList::get (11 bytes)
Event: 1.487 Thread 0x0000017872b2b9c0 nmethod 2114 0x000001785eb27e10 code [0x000001785eb28100, 0x000001785eb29580]

GC Heap History (4 events):
Event: 0.577 GC heap before
{Heap before GC invocations=0 (full 0):
 garbage-first heap   total 126976K, used 22528K [0x0000000084c00000, 0x0000000100000000)
  region size 1024K, 23 young (23552K), 0 survivors (0K)
 Metaspace       used 4644K, committed 4928K, reserved 1114112K
  class space    used 510K, committed 640K, reserved 1048576K
}
Event: 0.580 GC heap after
{Heap after GC invocations=1 (full 0):
 garbage-first heap   total 126976K, used 2687K [0x0000000084c00000, 0x0000000100000000)
  region size 1024K, 3 young (3072K), 3 survivors (3072K)
 Metaspace       used 4644K, committed 4928K, reserved 1114112K
  class space    used 510K, committed 640K, reserved 1048576K
}
Event: 1.312 GC heap before
{Heap before GC invocations=1 (full 0):
 garbage-first heap   total 126976K, used 67199K [0x0000000084c00000, 0x0000000100000000)
  region size 1024K, 37 young (37888K), 3 survivors (3072K)
 Metaspace       used 11115K, committed 11392K, reserved 1114112K
  class space    used 1494K, committed 1600K, reserved 1048576K
}
Event: 1.320 GC heap after
{Heap after GC invocations=2 (full 0):
 garbage-first heap   total 126976K, used 42858K [0x0000000084c00000, 0x0000000100000000)
  region size 1024K, 5 young (5120K), 5 survivors (5120K)
 Metaspace       used 11115K, committed 11392K, reserved 1114112K
  class space    used 1494K, committed 1600K, reserved 1048576K
}

Dll operation events (20 events):
Event: 0.377 Loaded shared library C:\Users\ASUS\.openjfx\cache\21+31\amd64\api-ms-win-crt-locale-l1-1-0.dll
Event: 0.379 Loaded shared library C:\Users\ASUS\.openjfx\cache\21+31\amd64\api-ms-win-crt-math-l1-1-0.dll
Event: 0.382 Loaded shared library C:\Users\ASUS\.openjfx\cache\21+31\amd64\api-ms-win-crt-multibyte-l1-1-0.dll
Event: 0.385 Loaded shared library C:\Users\ASUS\.openjfx\cache\21+31\amd64\api-ms-win-crt-private-l1-1-0.dll
Event: 0.387 Loaded shared library C:\Users\ASUS\.openjfx\cache\21+31\amd64\api-ms-win-crt-process-l1-1-0.dll
Event: 0.389 Loaded shared library C:\Users\ASUS\.openjfx\cache\21+31\amd64\api-ms-win-crt-runtime-l1-1-0.dll
Event: 0.391 Loaded shared library C:\Users\ASUS\.openjfx\cache\21+31\amd64\api-ms-win-crt-stdio-l1-1-0.dll
Event: 0.395 Loaded shared library C:\Users\ASUS\.openjfx\cache\21+31\amd64\api-ms-win-crt-string-l1-1-0.dll
Event: 0.397 Loaded shared library C:\Users\ASUS\.openjfx\cache\21+31\amd64\api-ms-win-crt-time-l1-1-0.dll
Event: 0.399 Loaded shared library C:\Users\ASUS\.openjfx\cache\21+31\amd64\api-ms-win-crt-utility-l1-1-0.dll
Event: 0.412 Loaded shared library C:\Users\ASUS\.openjfx\cache\21+31\amd64\ucrtbase.dll
Event: 0.415 Loaded shared library C:\Users\ASUS\.openjfx\cache\21+31\amd64\vcruntime140.dll
Event: 0.418 Loaded shared library C:\Users\ASUS\.openjfx\cache\21+31\amd64\vcruntime140_1.dll
Event: 0.425 Loaded shared library C:\Users\ASUS\.openjfx\cache\21+31\amd64\msvcp140.dll
Event: 0.429 Loaded shared library C:\Users\ASUS\.openjfx\cache\21+31\amd64\msvcp140_1.dll
Event: 0.433 Loaded shared library C:\Users\ASUS\.openjfx\cache\21+31\amd64\msvcp140_2.dll
Event: 0.466 Loaded shared library C:\Users\ASUS\.openjfx\cache\21+31\amd64\prism_d3d.dll
Event: 0.503 Loaded shared library C:\Users\ASUS\.openjfx\cache\21+31\amd64\glass.dll
Event: 0.599 Loaded shared library C:\Program Files\Java\jdk-21\bin\jimage.dll
Event: 0.772 Loaded shared library C:\Users\ASUS\.openjfx\cache\21+31\amd64\javafx_font.dll

Deoptimization events (20 events):
Event: 1.486 Thread 0x0000017877c72270 Uncommon trap: trap_request=0xffffff45 fr.pc=0x000001786621f068 relative=0x0000000000000388
Event: 1.486 Thread 0x0000017877c72270 Uncommon trap: reason=unstable_if action=reinterpret pc=0x000001786621f068 method=java.util.HashMap.hash(Ljava/lang/Object;)I @ 1 c2
Event: 1.486 Thread 0x0000017877c72270 DEOPT PACKING pc=0x000001786621f068 sp=0x000000389a4fd0b0
Event: 1.486 Thread 0x0000017877c72270 DEOPT UNPACKING pc=0x0000017865cb7da2 sp=0x000000389a4fcff0 mode 2
Event: 1.486 Thread 0x0000017877c72270 Uncommon trap: trap_request=0xffffffd6 fr.pc=0x00000178662ddf54 relative=0x0000000000000274
Event: 1.486 Thread 0x0000017877c72270 Uncommon trap: reason=array_check action=maybe_recompile pc=0x00000178662ddf54 method=javafx.css.SimpleSelector.applies(Ljavafx/css/Styleable;[Ljava/util/Set;I)Z @ 37 c2
Event: 1.486 Thread 0x0000017877c72270 DEOPT PACKING pc=0x00000178662ddf54 sp=0x000000389a4fcfc0
Event: 1.486 Thread 0x0000017877c72270 DEOPT UNPACKING pc=0x0000017865cb7da2 sp=0x000000389a4fcf68 mode 2
Event: 1.486 Thread 0x0000017877c72270 Uncommon trap: trap_request=0xffffffd6 fr.pc=0x00000178662ddf54 relative=0x0000000000000274
Event: 1.486 Thread 0x0000017877c72270 Uncommon trap: reason=array_check action=maybe_recompile pc=0x00000178662ddf54 method=javafx.css.SimpleSelector.applies(Ljavafx/css/Styleable;[Ljava/util/Set;I)Z @ 37 c2
Event: 1.486 Thread 0x0000017877c72270 DEOPT PACKING pc=0x00000178662ddf54 sp=0x000000389a4fcec0
Event: 1.486 Thread 0x0000017877c72270 DEOPT UNPACKING pc=0x0000017865cb7da2 sp=0x000000389a4fce68 mode 2
Event: 1.486 Thread 0x0000017877c72270 Uncommon trap: trap_request=0xffffffc6 fr.pc=0x00000178662db280 relative=0x0000000000001640
Event: 1.486 Thread 0x0000017877c72270 Uncommon trap: reason=bimorphic_or_optimized_type_check action=maybe_recompile pc=0x00000178662db280 method=javafx.css.SimpleSelector.applies(Ljavafx/css/Styleable;)Z @ 95 c2
Event: 1.486 Thread 0x0000017877c72270 DEOPT PACKING pc=0x00000178662db280 sp=0x000000389a4fce30
Event: 1.486 Thread 0x0000017877c72270 DEOPT UNPACKING pc=0x0000017865cb7da2 sp=0x000000389a4fcdf0 mode 2
Event: 1.486 Thread 0x0000017877c72270 Uncommon trap: trap_request=0xffffffd6 fr.pc=0x00000178662ddf54 relative=0x0000000000000274
Event: 1.486 Thread 0x0000017877c72270 Uncommon trap: reason=array_check action=maybe_recompile pc=0x00000178662ddf54 method=javafx.css.SimpleSelector.applies(Ljavafx/css/Styleable;[Ljava/util/Set;I)Z @ 37 c2
Event: 1.486 Thread 0x0000017877c72270 DEOPT PACKING pc=0x00000178662ddf54 sp=0x000000389a4fcec0
Event: 1.486 Thread 0x0000017877c72270 DEOPT UNPACKING pc=0x0000017865cb7da2 sp=0x000000389a4fce68 mode 2

Classes loaded (20 events):
Event: 1.326 Loading class jdk/internal/logger/LoggerFinderLoader
Event: 1.326 Loading class jdk/internal/logger/LoggerFinderLoader done
Event: 1.326 Loading class java/io/FilePermission$1
Event: 1.326 Loading class jdk/internal/access/JavaIOFilePermissionAccess
Event: 1.326 Loading class jdk/internal/access/JavaIOFilePermissionAccess done
Event: 1.326 Loading class java/io/FilePermission$1 done
Event: 1.327 Loading class jdk/internal/logger/LoggerFinderLoader$TemporaryLoggerFinder
Event: 1.327 Loading class jdk/internal/logger/LoggerFinderLoader$TemporaryLoggerFinder done
Event: 1.330 Loading class sun/util/logging/internal/LoggingProviderImpl$JULWrapper
Event: 1.330 Loading class sun/util/logging/PlatformLogger$ConfigurableBridge$LoggerConfiguration
Event: 1.330 Loading class sun/util/logging/PlatformLogger$ConfigurableBridge$LoggerConfiguration done
Event: 1.330 Loading class sun/util/logging/internal/LoggingProviderImpl$JULWrapper done
Event: 1.333 Loading class java/io/CharArrayReader
Event: 1.333 Loading class java/io/CharArrayReader done
Event: 1.342 Loading class java/lang/System$Logger$Level
Event: 1.342 Loading class java/lang/System$Logger$Level done
Event: 1.378 Loading class java/util/ResourceBundle$3
Event: 1.378 Loading class java/util/ResourceBundle$3 done
Event: 1.414 Loading class jdk/jfr/FlightRecorder
Event: 1.414 Loading class jdk/jfr/FlightRecorder done

Classes unloaded (0 events):
No events

Classes redefined (0 events):
No events

Internal exceptions (20 events):
Event: 1.004 Thread 0x0000017877c72270 Exception <a 'java/io/FileNotFoundException'{0x000000008ad4aa00}> (0x000000008ad4aa00) 
thrown [s\open\src\hotspot\share\prims\jni.cpp, line 520]
Event: 1.006 Thread 0x0000017877c72270 Exception <a 'java/io/FileNotFoundException'{0x000000008ad58ea8}> (0x000000008ad58ea8) 
thrown [s\open\src\hotspot\share\prims\jni.cpp, line 520]
Event: 1.010 Thread 0x0000017877c72270 Exception <a 'java/io/FileNotFoundException'{0x000000008ad6e3b0}> (0x000000008ad6e3b0) 
thrown [s\open\src\hotspot\share\prims\jni.cpp, line 520]
Event: 1.013 Thread 0x0000017877c72270 Exception <a 'java/io/FileNotFoundException'{0x000000008ad82420}> (0x000000008ad82420) 
thrown [s\open\src\hotspot\share\prims\jni.cpp, line 520]
Event: 1.017 Thread 0x0000017877c72270 Exception <a 'java/io/FileNotFoundException'{0x000000008ad98d60}> (0x000000008ad98d60) 
thrown [s\open\src\hotspot\share\prims\jni.cpp, line 520]
Event: 1.022 Thread 0x0000017877c72270 Exception <a 'java/io/FileNotFoundException'{0x000000008ade3218}> (0x000000008ade3218) 
thrown [s\open\src\hotspot\share\prims\jni.cpp, line 520]
Event: 1.032 Thread 0x0000017877c72270 Exception <a 'java/io/FileNotFoundException'{0x000000008ac73bb8}> (0x000000008ac73bb8) 
thrown [s\open\src\hotspot\share\prims\jni.cpp, line 520]
Event: 1.034 Thread 0x0000017877c72270 Exception <a 'java/io/FileNotFoundException'{0x000000008ac7f398}> (0x000000008ac7f398) 
thrown [s\open\src\hotspot\share\prims\jni.cpp, line 520]
Event: 1.039 Thread 0x0000017877c72270 Exception <a 'java/io/FileNotFoundException'{0x000000008ac9bb50}> (0x000000008ac9bb50) 
thrown [s\open\src\hotspot\share\prims\jni.cpp, line 520]
Event: 1.041 Thread 0x0000017877c72270 Exception <a 'java/io/FileNotFoundException'{0x000000008aca70d0}> (0x000000008aca70d0) 
thrown [s\open\src\hotspot\share\prims\jni.cpp, line 520]
Event: 1.045 Thread 0x0000017877c72270 Exception <a 'java/io/FileNotFoundException'{0x000000008acc3bc8}> (0x000000008acc3bc8) 
thrown [s\open\src\hotspot\share\prims\jni.cpp, line 520]
Event: 1.047 Thread 0x0000017877c72270 Exception <a 'java/io/FileNotFoundException'{0x000000008accf140}> (0x000000008accf140) 
thrown [s\open\src\hotspot\share\prims\jni.cpp, line 520]
Event: 1.051 Thread 0x0000017877c72270 Exception <a 'java/io/FileNotFoundException'{0x000000008acebab8}> (0x000000008acebab8) 
thrown [s\open\src\hotspot\share\prims\jni.cpp, line 520]
Event: 1.099 Thread 0x0000017872b104f0 Exception <a 'sun/nio/fs/WindowsException'{0x000000008aae2f38}> (0x000000008aae2f38) 
thrown [s\open\src\hotspot\share\prims\jni.cpp, line 520]
Event: 1.327 Thread 0x0000017877c72270 Exception <a 'sun/nio/fs/WindowsException'{0x000000008c767200}> (0x000000008c767200) 
thrown [s\open\src\hotspot\share\prims\jni.cpp, line 520]
Event: 1.331 Thread 0x0000017877c72270 Exception <a 'java/io/FileNotFoundException'{0x000000008c612700}> (0x000000008c612700) 
thrown [s\open\src\hotspot\share\prims\jni.cpp, line 520]
Event: 1.458 Thread 0x0000017877c72270 Exception <a 'java/lang/ClassNotFoundException'{0x000000008bcab228}: com/sun/javafx/scene/control/skin/resources/controls> (0x000000008bcab228) 
thrown [s\open\src\hotspot\share\prims\jni.cpp, line 539]
Event: 1.458 Thread 0x0000017877c72270 Exception <a 'java/lang/ClassNotFoundException'{0x000000008bcb9428}: com/sun/javafx/scene/control/skin/resources/controls_en> (0x000000008bcb9428) 
thrown [s\open\src\hotspot\share\prims\jni.cpp, line 539]
Event: 1.459 Thread 0x0000017877c72270 Exception <a 'java/lang/ClassNotFoundException'{0x000000008bcba3d0}: com/sun/javafx/scene/control/skin/resources/controls_en_US> (0x000000008bcba3d0) 
thrown [s\open\src\hotspot\share\prims\jni.cpp, line 539]
Event: 1.486 Thread 0x0000017877c72270 Implicit null exception at 0x000001786621ed29 to 0x000001786621f048

ZGC Phase Switch (0 events):
No events

VM Operations (16 events):
Event: 0.157 Executing VM operation: HandshakeAllThreads (Deoptimize)
Event: 0.157 Executing VM operation: HandshakeAllThreads (Deoptimize) done
Event: 0.496 Executing VM operation: HandshakeAllThreads (Deoptimize)
Event: 0.496 Executing VM operation: HandshakeAllThreads (Deoptimize) done
Event: 0.577 Executing VM operation: G1CollectForAllocation (G1 Evacuation Pause)
Event: 0.580 Executing VM operation: G1CollectForAllocation (G1 Evacuation Pause) done
Event: 0.776 Executing VM operation: HandshakeAllThreads (Deoptimize)
Event: 0.776 Executing VM operation: HandshakeAllThreads (Deoptimize) done
Event: 1.046 Executing VM operation: ICBufferFull
Event: 1.046 Executing VM operation: ICBufferFull done
Event: 1.310 Executing VM operation: HandshakeAllThreads (Deoptimize)
Event: 1.310 Executing VM operation: HandshakeAllThreads (Deoptimize) done
Event: 1.312 Executing VM operation: G1CollectForAllocation (G1 Evacuation Pause)
Event: 1.320 Executing VM operation: G1CollectForAllocation (G1 Evacuation Pause) done
Event: 1.405 Executing VM operation: HandshakeAllThreads (Deoptimize)
Event: 1.405 Executing VM operation: HandshakeAllThreads (Deoptimize) done

Events (19 events):
Event: 0.026 Thread 0x0000017853fd06a0 Thread added: 0x0000017853fd06a0
Event: 0.037 Thread 0x0000017872b0c090 Thread added: 0x0000017872b0c090
Event: 0.037 Thread 0x0000017872b0cdb0 Thread added: 0x0000017872b0cdb0
Event: 0.038 Thread 0x0000017872b0f030 Thread added: 0x0000017872b0f030
Event: 0.038 Thread 0x0000017872b104f0 Thread added: 0x0000017872b104f0
Event: 0.038 Thread 0x0000017872b12460 Thread added: 0x0000017872b12460
Event: 0.038 Thread 0x0000017872b130e0 Thread added: 0x0000017872b130e0
Event: 0.038 Thread 0x0000017872b28de0 Thread added: 0x0000017872b28de0
Event: 0.038 Thread 0x0000017872b2b9c0 Thread added: 0x0000017872b2b9c0
Event: 0.057 Thread 0x00000178770a58c0 Thread added: 0x00000178770a58c0
Event: 0.091 Thread 0x00000178771a8580 Thread added: 0x00000178771a8580
Event: 0.153 Thread 0x0000017877214cb0 Thread added: 0x0000017877214cb0
Event: 0.192 Thread 0x0000017877a900f0 Thread added: 0x0000017877a900f0
Event: 0.192 Thread 0x00000178776feda0 Thread added: 0x00000178776feda0
Event: 0.457 Thread 0x00000178779f8b10 Thread added: 0x00000178779f8b10
Event: 0.505 Thread 0x0000017877c72900 Thread added: 0x0000017877c72900
Event: 0.507 Thread 0x0000017877c72270 Thread added: 0x0000017877c72270
Event: 0.574 Thread 0x0000017877ed8520 Thread added: 0x0000017877ed8520
Event: 0.575 Thread 0x0000017877edb310 Thread added: 0x0000017877edb310


Dynamic libraries:
0x00007ff70ac30000 - 0x00007ff70ac40000 	C:\Program Files\Java\jdk-21\bin\java.exe
0x00007fff008d0000 - 0x00007fff00ae6000 	C:\Windows\SYSTEM32\ntdll.dll
0x00007ffeff240000 - 0x00007ffeff304000 	C:\Windows\System32\KERNEL32.DLL
0x00007ffefe0e0000 - 0x00007ffefe487000 	C:\Windows\System32\KERNELBASE.dll
0x00007ffefdfc0000 - 0x00007ffefe0d1000 	C:\Windows\System32\ucrtbase.dll
0x00007ffef6500000 - 0x00007ffef651b000 	C:\Program Files\Java\jdk-21\bin\VCRUNTIME140.dll
0x00007ffef5fa0000 - 0x00007ffef5fb9000 	C:\Program Files\Java\jdk-21\bin\jli.dll
0x00007ffefed40000 - 0x00007ffefedf2000 	C:\Windows\System32\ADVAPI32.dll
0x00007ffefeb10000 - 0x00007ffefebb7000 	C:\Windows\System32\msvcrt.dll
0x00007fff007e0000 - 0x00007fff00888000 	C:\Windows\System32\sechost.dll
0x00007ffefdf90000 - 0x00007ffefdfb8000 	C:\Windows\System32\bcrypt.dll
0x00007ffeffd40000 - 0x00007ffeffe55000 	C:\Windows\System32\RPCRT4.dll
0x00007ffeff310000 - 0x00007ffeff4be000 	C:\Windows\System32\USER32.dll
0x00007ffefde50000 - 0x00007ffefde76000 	C:\Windows\System32\win32u.dll
0x00007ffee52e0000 - 0x00007ffee5573000 	C:\Windows\WinSxS\amd64_microsoft.windows.common-controls_6595b64144ccf1df_6.0.22621.3235_none_270f74e173860f98\COMCTL32.dll
0x00007fff00680000 - 0x00007fff006a9000 	C:\Windows\System32\GDI32.dll
0x00007ffefdd30000 - 0x00007ffefde49000 	C:\Windows\System32\gdi32full.dll
0x00007ffefdef0000 - 0x00007ffefdf8a000 	C:\Windows\System32\msvcp_win.dll
0x00007ffef3960000 - 0x00007ffef396a000 	C:\Windows\SYSTEM32\VERSION.dll
0x00007ffefec50000 - 0x00007ffefec81000 	C:\Windows\System32\IMM32.DLL
0x00007ffef6bc0000 - 0x00007ffef6bcc000 	C:\Program Files\Java\jdk-21\bin\vcruntime140_1.dll
0x00007ffeef520000 - 0x00007ffeef5ae000 	C:\Program Files\Java\jdk-21\bin\msvcp140.dll
0x00007ffe9c030000 - 0x00007ffe9cd47000 	C:\Program Files\Java\jdk-21\bin\server\jvm.dll
0x00007ffefe870000 - 0x00007ffefe8e1000 	C:\Windows\System32\WS2_32.dll
0x00007ffefca90000 - 0x00007ffefcadd000 	C:\Windows\SYSTEM32\POWRPROF.dll
0x00007ffef3970000 - 0x00007ffef39a4000 	C:\Windows\SYSTEM32\WINMM.dll
0x00007ffefca70000 - 0x00007ffefca83000 	C:\Windows\SYSTEM32\UMPDC.dll
0x00007ffefccc0000 - 0x00007ffefccd8000 	C:\Windows\SYSTEM32\kernel.appcore.dll
0x00007ffef5f90000 - 0x00007ffef5f9a000 	C:\Program Files\Java\jdk-21\bin\jimage.dll
0x00007ffefb550000 - 0x00007ffefb783000 	C:\Windows\SYSTEM32\DBGHELP.DLL
0x00007fff002e0000 - 0x00007fff00668000 	C:\Windows\System32\combase.dll
0x00007fff00700000 - 0x00007fff007d7000 	C:\Windows\System32\OLEAUT32.dll
0x00007ffef0c10000 - 0x00007ffef0c42000 	C:\Windows\SYSTEM32\dbgcore.DLL
0x00007ffefdbf0000 - 0x00007ffefdc69000 	C:\Windows\System32\bcryptPrimitives.dll
0x00007ffef54d0000 - 0x00007ffef54df000 	C:\Program Files\Java\jdk-21\bin\instrument.dll
0x00007ffef5590000 - 0x00007ffef55af000 	C:\Program Files\Java\jdk-21\bin\java.dll
0x00007ffeff4c0000 - 0x00007ffeffd1c000 	C:\Windows\System32\SHELL32.dll
0x00007ffefbb60000 - 0x00007ffefc459000 	C:\Windows\SYSTEM32\windows.storage.dll
0x00007ffefba20000 - 0x00007ffefbb5e000 	C:\Windows\SYSTEM32\wintypes.dll
0x00007ffefee70000 - 0x00007ffefef63000 	C:\Windows\System32\SHCORE.dll
0x00007ffefe8f0000 - 0x00007ffefe94e000 	C:\Windows\System32\shlwapi.dll
0x00007ffefdb20000 - 0x00007ffefdb41000 	C:\Windows\SYSTEM32\profapi.dll
0x00007ffee39c0000 - 0x00007ffee3a97000 	C:\Program Files\Java\jdk-21\bin\jsvml.dll
0x00007ffef3bd0000 - 0x00007ffef3be0000 	C:\Program Files\Java\jdk-21\bin\net.dll
0x00007ffef5c60000 - 0x00007ffef5d96000 	C:\Windows\SYSTEM32\WINHTTP.dll
0x00007ffefd190000 - 0x00007ffefd1f9000 	C:\Windows\system32\mswsock.dll
0x00007ffef3b60000 - 0x00007ffef3b76000 	C:\Program Files\Java\jdk-21\bin\nio.dll
0x00007ffef3ad0000 - 0x00007ffef3ae8000 	C:\Program Files\Java\jdk-21\bin\zip.dll
0x00007ffef2b80000 - 0x00007ffef2b9a000 	C:\Users\ASUS\IntelliJ IDEA 2024.1\bin\breakgen64.dll
0x0000017856210000 - 0x0000017856213000 	C:\Users\ASUS\.openjfx\cache\21+31\amd64\api-ms-win-core-console-l1-1-0.dll
0x0000017856220000 - 0x0000017856223000 	C:\Users\ASUS\.openjfx\cache\21+31\amd64\api-ms-win-core-console-l1-2-0.dll
0x0000017856230000 - 0x0000017856233000 	C:\Users\ASUS\.openjfx\cache\21+31\amd64\api-ms-win-core-datetime-l1-1-0.dll
0x0000017856240000 - 0x0000017856243000 	C:\Users\ASUS\.openjfx\cache\21+31\amd64\api-ms-win-core-debug-l1-1-0.dll
0x0000017856250000 - 0x0000017856253000 	C:\Users\ASUS\.openjfx\cache\21+31\amd64\api-ms-win-core-errorhandling-l1-1-0.dll
0x0000017856260000 - 0x0000017856264000 	C:\Users\ASUS\.openjfx\cache\21+31\amd64\api-ms-win-core-file-l1-1-0.dll
0x0000017856270000 - 0x0000017856273000 	C:\Users\ASUS\.openjfx\cache\21+31\amd64\api-ms-win-core-file-l1-2-0.dll
0x0000017856280000 - 0x0000017856283000 	C:\Users\ASUS\.openjfx\cache\21+31\amd64\api-ms-win-core-file-l2-1-0.dll
0x0000017872c70000 - 0x0000017872c73000 	C:\Users\ASUS\.openjfx\cache\21+31\amd64\api-ms-win-core-handle-l1-1-0.dll
0x0000017872c80000 - 0x0000017872c83000 	C:\Users\ASUS\.openjfx\cache\21+31\amd64\api-ms-win-core-heap-l1-1-0.dll
0x0000017872c90000 - 0x0000017872c93000 	C:\Users\ASUS\.openjfx\cache\21+31\amd64\api-ms-win-core-interlocked-l1-1-0.dll
0x0000017872ca0000 - 0x0000017872ca3000 	C:\Users\ASUS\.openjfx\cache\21+31\amd64\api-ms-win-core-libraryloader-l1-1-0.dll
0x0000017872cb0000 - 0x0000017872cb3000 	C:\Users\ASUS\.openjfx\cache\21+31\amd64\api-ms-win-core-localization-l1-2-0.dll
0x0000017872cc0000 - 0x0000017872cc3000 	C:\Users\ASUS\.openjfx\cache\21+31\amd64\api-ms-win-core-memory-l1-1-0.dll
0x0000017872cd0000 - 0x0000017872cd3000 	C:\Users\ASUS\.openjfx\cache\21+31\amd64\api-ms-win-core-namedpipe-l1-1-0.dll
0x0000017872ce0000 - 0x0000017872ce3000 	C:\Users\ASUS\.openjfx\cache\21+31\amd64\api-ms-win-core-processenvironment-l1-1-0.dll
0x0000017872cf0000 - 0x0000017872cf3000 	C:\Users\ASUS\.openjfx\cache\21+31\amd64\api-ms-win-core-processthreads-l1-1-0.dll
0x0000017872d00000 - 0x0000017872d03000 	C:\Users\ASUS\.openjfx\cache\21+31\amd64\api-ms-win-core-processthreads-l1-1-1.dll
0x0000017872d10000 - 0x0000017872d13000 	C:\Users\ASUS\.openjfx\cache\21+31\amd64\api-ms-win-core-profile-l1-1-0.dll
0x0000017872d20000 - 0x0000017872d23000 	C:\Users\ASUS\.openjfx\cache\21+31\amd64\api-ms-win-core-rtlsupport-l1-1-0.dll
0x0000017872d30000 - 0x0000017872d33000 	C:\Users\ASUS\.openjfx\cache\21+31\amd64\api-ms-win-core-string-l1-1-0.dll
0x0000017872d40000 - 0x0000017872d43000 	C:\Users\ASUS\.openjfx\cache\21+31\amd64\api-ms-win-core-synch-l1-1-0.dll
0x0000017872d50000 - 0x0000017872d53000 	C:\Users\ASUS\.openjfx\cache\21+31\amd64\api-ms-win-core-synch-l1-2-0.dll
0x0000017872d60000 - 0x0000017872d63000 	C:\Users\ASUS\.openjfx\cache\21+31\amd64\api-ms-win-core-sysinfo-l1-1-0.dll
0x0000017872d70000 - 0x0000017872d73000 	C:\Users\ASUS\.openjfx\cache\21+31\amd64\api-ms-win-core-timezone-l1-1-0.dll
0x0000017872d80000 - 0x0000017872d83000 	C:\Users\ASUS\.openjfx\cache\21+31\amd64\api-ms-win-core-util-l1-1-0.dll
0x0000017872d90000 - 0x0000017872d93000 	C:\Users\ASUS\.openjfx\cache\21+31\amd64\api-ms-win-crt-conio-l1-1-0.dll
0x0000017872da0000 - 0x0000017872da4000 	C:\Users\ASUS\.openjfx\cache\21+31\amd64\api-ms-win-crt-convert-l1-1-0.dll
0x0000017872db0000 - 0x0000017872db3000 	C:\Users\ASUS\.openjfx\cache\21+31\amd64\api-ms-win-crt-environment-l1-1-0.dll
0x0000017872dc0000 - 0x0000017872dc3000 	C:\Users\ASUS\.openjfx\cache\21+31\amd64\api-ms-win-crt-filesystem-l1-1-0.dll
0x0000017872dd0000 - 0x0000017872dd3000 	C:\Users\ASUS\.openjfx\cache\21+31\amd64\api-ms-win-crt-heap-l1-1-0.dll
0x0000017872de0000 - 0x0000017872de3000 	C:\Users\ASUS\.openjfx\cache\21+31\amd64\api-ms-win-crt-locale-l1-1-0.dll
0x0000017872df0000 - 0x0000017872df5000 	C:\Users\ASUS\.openjfx\cache\21+31\amd64\api-ms-win-crt-math-l1-1-0.dll
0x0000017872e00000 - 0x0000017872e05000 	C:\Users\ASUS\.openjfx\cache\21+31\amd64\api-ms-win-crt-multibyte-l1-1-0.dll
0x0000017872e10000 - 0x0000017872e20000 	C:\Users\ASUS\.openjfx\cache\21+31\amd64\api-ms-win-crt-private-l1-1-0.dll
0x0000017872e20000 - 0x0000017872e23000 	C:\Users\ASUS\.openjfx\cache\21+31\amd64\api-ms-win-crt-process-l1-1-0.dll
0x0000017872e30000 - 0x0000017872e34000 	C:\Users\ASUS\.openjfx\cache\21+31\amd64\api-ms-win-crt-runtime-l1-1-0.dll
0x0000017872e40000 - 0x0000017872e44000 	C:\Users\ASUS\.openjfx\cache\21+31\amd64\api-ms-win-crt-stdio-l1-1-0.dll
0x0000017872e50000 - 0x0000017872e54000 	C:\Users\ASUS\.openjfx\cache\21+31\amd64\api-ms-win-crt-string-l1-1-0.dll
0x0000017872e60000 - 0x0000017872e63000 	C:\Users\ASUS\.openjfx\cache\21+31\amd64\api-ms-win-crt-time-l1-1-0.dll
0x0000017872e70000 - 0x0000017872e73000 	C:\Users\ASUS\.openjfx\cache\21+31\amd64\api-ms-win-crt-utility-l1-1-0.dll
0x00007ffec7810000 - 0x00007ffec790c000 	C:\Users\ASUS\.openjfx\cache\21+31\amd64\ucrtbase.dll
0x00007ffeef500000 - 0x00007ffeef51b000 	C:\Users\ASUS\.openjfx\cache\21+31\amd64\vcruntime140.dll
0x00007ffef2ae0000 - 0x00007ffef2aec000 	C:\Users\ASUS\.openjfx\cache\21+31\amd64\vcruntime140_1.dll
0x00007ffed1c60000 - 0x00007ffed1cee000 	C:\Users\ASUS\.openjfx\cache\21+31\amd64\msvcp140.dll
0x00007ffefe950000 - 0x00007ffefeaf5000 	C:\Windows\System32\ole32.dll
0x00007ffef0410000 - 0x00007ffef0419000 	C:\Users\ASUS\.openjfx\cache\21+31\amd64\msvcp140_1.dll
0x00007ffee6b40000 - 0x00007ffee6b6f000 	C:\Users\ASUS\.openjfx\cache\21+31\amd64\msvcp140_2.dll
0x00007ffee66e0000 - 0x00007ffee670f000 	C:\Users\ASUS\.openjfx\cache\21+31\amd64\prism_d3d.dll
0x00007ffee56f0000 - 0x00007ffee5899000 	C:\Windows\system32\d3d9.dll
0x00007ffef85c0000 - 0x00007ffef85eb000 	C:\Windows\SYSTEM32\dwmapi.dll
0x00007ffefada0000 - 0x00007ffefadd9000 	C:\Windows\SYSTEM32\dxcore.dll
0x00007ffef8340000 - 0x00007ffef83eb000 	C:\Windows\system32\uxtheme.dll
0x00007ffebb700000 - 0x00007ffebb8af000 	C:\Windows\System32\DriverStore\FileRepository\iigd_dch.inf_amd64_e32ced29f236e322\igdumdim64.dll
0x00007ffe66230000 - 0x00007ffe6aad3000 	C:\Windows\System32\DriverStore\FileRepository\iigd_dch.inf_amd64_e32ced29f236e322\igd9dxva64.dll
0x00007ffeffe60000 - 0x00007fff002d4000 	C:\Windows\System32\SETUPAPI.dll
0x00007ffefd8d0000 - 0x00007ffefd91e000 	C:\Windows\SYSTEM32\cfgmgr32.dll
0x00007ffeefe90000 - 0x00007ffef0299000 	C:\Windows\System32\DriverStore\FileRepository\iigd_dch.inf_amd64_e32ced29f236e322\igdgmm64.dll
0x00007ffef5280000 - 0x00007ffef52ca000 	C:\Windows\SYSTEM32\directxdatabasehelper.dll
0x00007ffee3970000 - 0x00007ffee39b2000 	C:\Users\ASUS\.openjfx\cache\21+31\amd64\glass.dll
0x00007ffeff140000 - 0x00007ffeff239000 	C:\Windows\System32\COMDLG32.dll
0x00007ffefef70000 - 0x00007ffeff0c3000 	C:\Windows\System32\MSCTF.dll
0x00007ffeddb90000 - 0x00007ffeddbb7000 	C:\Windows\System32\DriverStore\FileRepository\iigd_dch.inf_amd64_e32ced29f236e322\igdinfo64.dll
0x00007ffee8fb0000 - 0x00007ffeec744000 	C:\Windows\System32\DriverStore\FileRepository\iigd_dch.inf_amd64_e32ced29f236e322\igc64.dll
0x00007ffee8030000 - 0x00007ffee8044000 	C:\Users\ASUS\.openjfx\cache\21+31\amd64\javafx_font.dll
0x00007ffef6be0000 - 0x00007ffef6e54000 	C:\Windows\SYSTEM32\dwrite.dll
0x00007ffefec90000 - 0x00007ffefed40000 	C:\Windows\System32\clbcatq.dll
0x00007ffef65e0000 - 0x00007ffef6790000 	C:\Windows\SYSTEM32\WindowsCodecs.dll
0x00007ffedd350000 - 0x00007ffedd3ae000 	C:\Windows\system32\dataexchange.dll
0x00007ffef31d0000 - 0x00007ffef345e000 	C:\Windows\system32\twinapi.appcore.dll
0x00007ffef2360000 - 0x00007ffef2392000 	C:\Program Files\Common Files\Microsoft Shared\Ink\rtscom.dll

dbghelp: loaded successfully - version: 4.0.5 - missing functions: none
symbol engine: initialized successfully - sym options: 0x614 - pdb path: .;C:\Program Files\Java\jdk-21\bin;C:\Windows\SYSTEM32;C:\Windows\WinSxS\amd64_microsoft.windows.common-controls_6595b64144ccf1df_6.0.22621.3235_none_270f74e173860f98;C:\Program Files\Java\jdk-21\bin\server;C:\Users\ASUS\IntelliJ IDEA 2024.1\bin;C:\Users\ASUS\.openjfx\cache\21+31\amd64;C:\Windows\System32\DriverStore\FileRepository\iigd_dch.inf_amd64_e32ced29f236e322;C:\Program Files\Common Files\Microsoft Shared\Ink

VM Arguments:
jvm_args: -javaagent:C:\Users\ASUS\IntelliJ IDEA 2024.1\lib\idea_rt.jar=1389:C:\Users\ASUS\IntelliJ IDEA 2024.1\bin -Dfile.encoding=UTF-8 -Dsun.stdout.encoding=UTF-8 -Dsun.stderr.encoding=UTF-8 --module-path=C:\Users\ASUS\.m2\repository\org\mongodb\mongodb-driver-core\4.0.0\mongodb-driver-core-4.0.0.jar;C:\Users\ASUS\.m2\repository\org\openjfx\javafx-fxml\21\javafx-fxml-21-win.jar;C:\Users\ASUS\.m2\repository\org\kordamp\bootstrapfx\bootstrapfx-core\0.4.0\bootstrapfx-core-0.4.0.jar;C:\Users\ASUS\.m2\repository\org\controlsfx\controlsfx\11.1.2\controlsfx-11.1.2.jar;C:\Users\ASUS\.m2\repository\com\dlsc\formsfx\formsfx-core\11.6.0\formsfx-core-11.6.0.jar;D:\4rth Sem Product\JavaProject\Pokedex\target\classes;C:\Users\ASUS\.m2\repository\org\openjfx\javafx-graphics\21\javafx-graphics-21-win.jar;C:\Users\ASUS\.m2\repository\org\mongodb\mongodb-driver-sync\4.0.0\mongodb-driver-sync-4.0.0.jar;C:\Users\ASUS\.m2\repository\org\openjfx\javafx-base\21\javafx-base-21-win.jar;C:\Users\ASUS\.m2\repository\org\openjfx\javafx-controls\21\javafx-controls-21-win.jar;C:\Users\ASUS\.m2\repository\org\mongodb\bson\4.0.0\bson-4.0.0.jar -Djdk.module.main=com.example.pokedex 
java_command: com.example.pokedex/com.example.pokedex.Main
java_class_path (initial): C:\Users\ASUS\.m2\repository\org\openjfx\javafx-controls\21\javafx-controls-21.jar;C:\Users\ASUS\.m2\repository\org\openjfx\javafx-graphics\21\javafx-graphics-21.jar;C:\Users\ASUS\.m2\repository\org\openjfx\javafx-base\21\javafx-base-21.jar;C:\Users\ASUS\.m2\repository\org\openjfx\javafx-fxml\21\javafx-fxml-21.jar
Launcher Type: SUN_STANDARD

[Global flags]
     intx CICompilerCount                          = 4                                         {product} {ergonomic}
     uint ConcGCThreads                            = 2                                         {product} {ergonomic}
     uint G1ConcRefinementThreads                  = 8                                         {product} {ergonomic}
   size_t G1HeapRegionSize                         = 1048576                                   {product} {ergonomic}
    uintx GCDrainStackTargetSize                   = 64                                        {product} {ergonomic}
   size_t InitialHeapSize                          = 130023424                                 {product} {ergonomic}
   size_t MarkStackSize                            = 4194304                                   {product} {ergonomic}
   size_t MaxHeapSize                              = 2067791872                                {product} {ergonomic}
   size_t MaxNewSize                               = 1240465408                                {product} {ergonomic}
   size_t MinHeapDeltaBytes                        = 1048576                                   {product} {ergonomic}
   size_t MinHeapSize                              = 8388608                                   {product} {ergonomic}
    uintx NonNMethodCodeHeapSize                   = 5839372                                {pd product} {ergonomic}
    uintx NonProfiledCodeHeapSize                  = 122909434                              {pd product} {ergonomic}
    uintx ProfiledCodeHeapSize                     = 122909434                              {pd product} {ergonomic}
    uintx ReservedCodeCacheSize                    = 251658240                              {pd product} {ergonomic}
     bool SegmentedCodeCache                       = true                                      {product} {ergonomic}
   size_t SoftMaxHeapSize                          = 2067791872                             {manageable} {ergonomic}
     bool UseCompressedOops                        = true                           {product lp64_product} {ergonomic}
     bool UseG1GC                                  = true                                      {product} {ergonomic}
     bool UseLargePagesIndividualAllocation        = false                                  {pd product} {ergonomic}

Logging:
Log output configuration:
 #0: stdout all=warning uptime,level,tags foldmultilines=false
 #1: stderr all=off uptime,level,tags foldmultilines=false

Environment Variables:
PATH=C:\Python312\Scripts\;C:\Python312\;C:\Program Files\Common Files\Oracle\Java\javapath;C:\Windows\system32;C:\Windows;C:\Windows\System32\Wbem;C:\Windows\System32\WindowsPowerShell\v1.0\;C:\Windows\System32\OpenSSH\;C:\Program Files (x86)\NVIDIA Corporation\PhysX\Common;C:\Program Files\NVIDIA Corporation\NVIDIA NvDLISR;C:\MinGW\bin;D:\Windows Kits\10\Windows Performance Toolkit\;C:\Program Files\Java\jdk-21\bin;C:\Program Files\Git\cmd;C:\Program Files\nodejs\;C:\ProgramData\chocolatey\bin;C:\Program Files\MongoDB\Server\7.0\bin;C:\Users\ASUS\AppData\Local\Microsoft\WindowsApps;;C:\Users\ASUS\AppData\Local\Programs\Microsoft VS Code\bin;D:\IntelliJ IDEA Community Edition 2024.1\bin;;C:\Users\ASUS\AppData\Roaming\npm;C:\Program Files\mongosh\;C:\Users\ASUS\IntelliJ IDEA 2024.1\bin;
USERNAME=ASUS
OS=Windows_NT
PROCESSOR_IDENTIFIER=Intel64 Family 6 Model 140 Stepping 1, GenuineIntel
TMP=C:\Users\ASUS\AppData\Local\Temp
TEMP=C:\Users\ASUS\AppData\Local\Temp




Periodic native trim disabled

---------------  S Y S T E M  ---------------

OS:
 Windows 11 , 64 bit Build 22621 (10.0.22621.3374)
OS uptime: 21 days 14:21 hours

CPU: total 8 (initial active 8) (4 cores per cpu, 2 threads per core) family 6 model 140 stepping 1 microcode 0x9a, cx8, cmov, fxsr, ht, mmx, 3dnowpref, sse, sse2, sse3, ssse3, sse4.1, sse4.2, popcnt, lzcnt, tsc, tscinvbit, avx, avx2, aes, erms, clmul, bmi1, bmi2, adx, avx512f, avx512dq, avx512cd, avx512bw, avx512vl, sha, fma, vzeroupper, avx512_vpopcntdq, avx512_vpclmulqdq, avx512_vaes, avx512_vnni, clflush, clflushopt, clwb, avx512_vbmi2, avx512_vbmi, rdtscp, rdpid, fsrm, gfni, avx512_bitalg, f16c, pku, cet_ibt, cet_ss, avx512_ifma
Processor Information for processor 0
  Max Mhz: 2803, Current Mhz: 1201, Mhz Limit: 2803
Processor Information for processor 1
  Max Mhz: 2803, Current Mhz: 2803, Mhz Limit: 2803
Processor Information for processor 2
  Max Mhz: 2803, Current Mhz: 2803, Mhz Limit: 2803
Processor Information for processor 3
  Max Mhz: 2803, Current Mhz: 2803, Mhz Limit: 2803
Processor Information for processor 4
  Max Mhz: 2803, Current Mhz: 2803, Mhz Limit: 2803
Processor Information for processor 5
  Max Mhz: 2803, Current Mhz: 2803, Mhz Limit: 2803
Processor Information for processor 6
  Max Mhz: 2803, Current Mhz: 2803, Mhz Limit: 2803
Processor Information for processor 7
  Max Mhz: 2803, Current Mhz: 1201, Mhz Limit: 2803

Memory: 4k page, system-wide physical 7886M (395M free)
TotalPageFile size 28511M (AvailPageFile size 2M)
current process WorkingSet (physical memory assigned to process): 188M, peak: 190M
current process commit charge ("private bytes"): 277M, peak: 279M

vm_info: Java HotSpot(TM) 64-Bit Server VM (21.0.2+13-LTS-58) for windows-amd64 JRE (21.0.2+13-LTS-58), built on 2024-01-05T18:32:24Z by "mach5one" with MS VC++ 17.1 (VS2022)

END.
