#
# There is insufficient memory for the Java Runtime Environment to continue.
# Native memory allocation (malloc) failed to allocate 561456 bytes for Chunk::new
# Possible reasons:
#   The system is out of physical RAM or swap space
#   The process is running with CompressedOops enabled, and the Java Heap may be blocking the growth of the native heap
# Possible solutions:
#   Reduce memory load on the system
#   Increase physical memory or swap space
#   Check if swap backing store is full
#   Decrease Java heap size (-Xmx/-Xms)
#   Decrease number of Java threads
#   Decrease Java thread stack sizes (-Xss)
#   Set larger code cache with -XX:ReservedCodeCacheSize=
#   JVM is running with Unscaled Compressed Oops mode in which the Java heap is
#     placed in the first 4GB address space. The Java Heap base address is the
#     maximum limit for the native heap growth. Please use -XX:HeapBaseMinAddress
#     to set the Java Heap base and to place the Java Heap above 4GB virtual address.
# This output file may be truncated or incomplete.
#
#  Out of Memory Error (arena.cpp:168), pid=23960, tid=5560
#
# JRE version: Java(TM) SE Runtime Environment (21.0.2+13) (build 21.0.2+13-LTS-58)
# Java VM: Java HotSpot(TM) 64-Bit Server VM (21.0.2+13-LTS-58, mixed mode, sharing, tiered, compressed oops, compressed class ptrs, g1 gc, windows-amd64)
# No core dump will be written. Minidumps are not enabled by default on client versions of Windows
#

---------------  S U M M A R Y ------------

Command Line: -javaagent:C:\Users\ASUS\IntelliJ IDEA 2024.1\lib\idea_rt.jar=9918:C:\Users\ASUS\IntelliJ IDEA 2024.1\bin -Dfile.encoding=UTF-8 -Dsun.stdout.encoding=UTF-8 -Dsun.stderr.encoding=UTF-8 --module-path=C:\Users\ASUS\.m2\repository\org\openjfx\javafx-base\21\javafx-base-21-win.jar;C:\Users\ASUS\.m2\repository\org\openjfx\javafx-graphics\21\javafx-graphics-21-win.jar;D:\4rth Sem Product\JavaProject\Pokedex\target\classes;C:\Users\ASUS\.m2\repository\org\kordamp\bootstrapfx\bootstrapfx-core\0.4.0\bootstrapfx-core-0.4.0.jar;C:\Users\ASUS\.m2\repository\org\mongodb\mongodb-driver-core\4.0.0\mongodb-driver-core-4.0.0.jar;C:\Users\ASUS\.m2\repository\org\openjfx\javafx-controls\21\javafx-controls-21-win.jar;C:\Users\ASUS\.m2\repository\com\dlsc\formsfx\formsfx-core\11.6.0\formsfx-core-11.6.0.jar;C:\Users\ASUS\.m2\repository\org\openjfx\javafx-fxml\21\javafx-fxml-21-win.jar;C:\Users\ASUS\.m2\repository\org\mongodb\bson\4.0.0\bson-4.0.0.jar;C:\Users\ASUS\.m2\repository\org\mongodb\mongodb-driver-sync\4.0.0\mongodb-driver-sync-4.0.0.jar;C:\Users\ASUS\.m2\repository\org\controlsfx\controlsfx\11.1.2\controlsfx-11.1.2.jar -Djdk.module.main=com.example.pokedex com.example.pokedex/com.example.pokedex.Main

Host: 11th Gen Intel(R) Core(TM) i7-1165G7 @ 2.80GHz, 8 cores, 7G,  Windows 11 , 64 bit Build 22621 (10.0.22621.3374)
Time: Sun May  5 18:04:29 2024 Bangladesh Standard Time elapsed time: 12.490181 seconds (0d 0h 0m 12s)

---------------  T H R E A D  ---------------

Current thread (0x00000218ef078d70):  JavaThread "C2 CompilerThread1" daemon [_thread_in_native, id=5560, stack(0x000000c5b6800000,0x000000c5b6900000) (1024K)]


Current CompileTask:
C2:  12490 3503       4       java.util.HashMap::put (13 bytes)

Stack: [0x000000c5b6800000,0x000000c5b6900000]
Native frames: (J=compiled Java code, j=interpreted, Vv=VM code, C=native code)
V  [jvm.dll+0x6cade9]
V  [jvm.dll+0x8569c1]
V  [jvm.dll+0x858d2e]
V  [jvm.dll+0x859413]
V  [jvm.dll+0x280e56]
V  [jvm.dll+0xc3f3d]
V  [jvm.dll+0xc4473]
V  [jvm.dll+0x3b5c2c]
V  [jvm.dll+0x382855]
V  [jvm.dll+0x381cca]
V  [jvm.dll+0x249bd0]
V  [jvm.dll+0x2491b1]
V  [jvm.dll+0x1c9634]
V  [jvm.dll+0x258859]
V  [jvm.dll+0x256e3a]
V  [jvm.dll+0x3ef6c6]
V  [jvm.dll+0x7ff568]
V  [jvm.dll+0x6c953d]
C  [ucrtbase.dll+0x29333]
C  [KERNEL32.DLL+0x1257d]
C  [ntdll.dll+0x5aa48]


---------------  P R O C E S S  ---------------

Threads class SMR info:
_java_thread_list=0x00000218ef1a12c0, length=21, elements={
0x00000218c64e6140, 0x00000218e4cf80c0, 0x00000218e4cf8f90, 0x00000218e4cfc300,
0x00000218e4cfd0d0, 0x00000218e4cff580, 0x00000218e4d00b50, 0x00000218e4d04e80,
0x00000218e4d06540, 0x00000218e90a16d0, 0x00000218e9595090, 0x00000218e9595700,
0x00000218e98a3650, 0x00000218e9930400, 0x00000218e992e9c0, 0x00000218e992cf80,
0x00000218e992dca0, 0x00000218e992f6e0, 0x00000218e992e330, 0x00000218ef078d70,
0x00000218e90a48c0
}

Java Threads: ( => current thread )
  0x00000218c64e6140 JavaThread "main"                              [_thread_blocked, id=16224, stack(0x000000c5b4000000,0x000000c5b4100000) (1024K)]
  0x00000218e4cf80c0 JavaThread "Reference Handler"          daemon [_thread_blocked, id=13840, stack(0x000000c5b4800000,0x000000c5b4900000) (1024K)]
  0x00000218e4cf8f90 JavaThread "Finalizer"                  daemon [_thread_blocked, id=20820, stack(0x000000c5b4900000,0x000000c5b4a00000) (1024K)]
  0x00000218e4cfc300 JavaThread "Signal Dispatcher"          daemon [_thread_blocked, id=596, stack(0x000000c5b4a00000,0x000000c5b4b00000) (1024K)]
  0x00000218e4cfd0d0 JavaThread "Attach Listener"            daemon [_thread_blocked, id=5624, stack(0x000000c5b4b00000,0x000000c5b4c00000) (1024K)]
  0x00000218e4cff580 JavaThread "Service Thread"             daemon [_thread_blocked, id=13012, stack(0x000000c5b4c00000,0x000000c5b4d00000) (1024K)]
  0x00000218e4d00b50 JavaThread "Monitor Deflation Thread"   daemon [_thread_blocked, id=21452, stack(0x000000c5b4d00000,0x000000c5b4e00000) (1024K)]
  0x00000218e4d04e80 JavaThread "C2 CompilerThread0"         daemon [_thread_in_native, id=17192, stack(0x000000c5b4e00000,0x000000c5b4f00000) (1024K)]
  0x00000218e4d06540 JavaThread "C1 CompilerThread0"         daemon [_thread_in_native, id=2228, stack(0x000000c5b4f00000,0x000000c5b5000000) (1024K)]
  0x00000218e90a16d0 JavaThread "Common-Cleaner"             daemon [_thread_blocked, id=21040, stack(0x000000c5b5000000,0x000000c5b5100000) (1024K)]
  0x00000218e9595090 JavaThread "Monitor Ctrl-Break"         daemon [_thread_in_native, id=14020, stack(0x000000c5b5200000,0x000000c5b5300000) (1024K)]
  0x00000218e9595700 JavaThread "Notification Thread"        daemon [_thread_blocked, id=14316, stack(0x000000c5b5300000,0x000000c5b5400000) (1024K)]
  0x00000218e98a3650 JavaThread "QuantumRenderer-0"          daemon [_thread_blocked, id=4796, stack(0x000000c5b5400000,0x000000c5b5500000) (1024K)]
  0x00000218e9930400 JavaThread "InvokeLaterDispatcher"      daemon [_thread_blocked, id=15444, stack(0x000000c5b5500000,0x000000c5b5600000) (1024K)]
  0x00000218e992e9c0 JavaThread "JavaFX Application Thread"         [_thread_in_native, id=10500, stack(0x000000c5b5600000,0x000000c5b5700000) (1024K)]
  0x00000218e992cf80 JavaThread "Thread-1"                   daemon [_thread_in_native, id=8756, stack(0x000000c5b5a00000,0x000000c5b5b00000) (1024K)]
  0x00000218e992dca0 JavaThread "JavaFX-Launcher"                   [_thread_blocked, id=4812, stack(0x000000c5b6000000,0x000000c5b6100000) (1024K)]
  0x00000218e992f6e0 JavaThread "Prism Font Disposer"        daemon [_thread_blocked, id=15028, stack(0x000000c5b6600000,0x000000c5b6700000) (1024K)]
  0x00000218e992e330 JavaThread "Cleaner-0"                  daemon [_thread_blocked, id=3248, stack(0x000000c5b5100000,0x000000c5b5200000) (1024K)]
=>0x00000218ef078d70 JavaThread "C2 CompilerThread1"         daemon [_thread_in_native, id=5560, stack(0x000000c5b6800000,0x000000c5b6900000) (1024K)]
  0x00000218e90a48c0 JavaThread "cluster-ClusterId{value='663775cdd57cbc4cf80033d6', description='null'}-localhost:27017" daemon [_thread_blocked, id=12228, stack(0x000000c5b6900000,0x000000c5b6a00000) (1024K)]
Total: 21

Other Threads:
  0x00000218e4cd7de0 VMThread "VM Thread"                           [id=24540, stack(0x000000c5b4700000,0x000000c5b4800000) (1024K)]
  0x00000218e4cbeb80 WatcherThread "VM Periodic Task Thread"        [id=6564, stack(0x000000c5b4600000,0x000000c5b4700000) (1024K)]
  0x00000218c653c990 WorkerThread "GC Thread#0"                     [id=16544, stack(0x000000c5b4100000,0x000000c5b4200000) (1024K)]
  0x00000218ee867710 WorkerThread "GC Thread#1"                     [id=8452, stack(0x000000c5b5b00000,0x000000c5b5c00000) (1024K)]
  0x00000218e9b4e020 WorkerThread "GC Thread#2"                     [id=20492, stack(0x000000c5b5c00000,0x000000c5b5d00000) (1024K)]
  0x00000218e9b4e3c0 WorkerThread "GC Thread#3"                     [id=5716, stack(0x000000c5b5d00000,0x000000c5b5e00000) (1024K)]
  0x00000218ee901fd0 WorkerThread "GC Thread#4"                     [id=14620, stack(0x000000c5b5e00000,0x000000c5b5f00000) (1024K)]
  0x00000218e9bfebe0 WorkerThread "GC Thread#5"                     [id=11956, stack(0x000000c5b5f00000,0x000000c5b6000000) (1024K)]
  0x00000218eebf6270 WorkerThread "GC Thread#6"                     [id=2280, stack(0x000000c5b6100000,0x000000c5b6200000) (1024K)]
  0x00000218eebf7490 WorkerThread "GC Thread#7"                     [id=23256, stack(0x000000c5b6200000,0x000000c5b6300000) (1024K)]
  0x00000218c654d1a0 ConcurrentGCThread "G1 Main Marker"            [id=20412, stack(0x000000c5b4200000,0x000000c5b4300000) (1024K)]
  0x00000218c654dca0 WorkerThread "G1 Conc#0"                       [id=14632, stack(0x000000c5b4300000,0x000000c5b4400000) (1024K)]
  0x00000218e4b930e0 ConcurrentGCThread "G1 Refine#0"               [id=16832, stack(0x000000c5b4400000,0x000000c5b4500000) (1024K)]
  0x00000218c65ae010 ConcurrentGCThread "G1 Service"                [id=8668, stack(0x000000c5b4500000,0x000000c5b4600000) (1024K)]
Total: 14

Threads with active compile tasks:
C2 CompilerThread0    12517 3502       4       java.util.HashMap::putVal (300 bytes)
C1 CompilerThread0    12517 3539   !   3       java.lang.String::<init> (893 bytes)
C2 CompilerThread1    12518 3503       4       java.util.HashMap::put (13 bytes)
Total: 3

VM state: not at safepoint (normal execution)

VM Mutex/Monitor currently owned by a thread: None

OutOfMemory and StackOverflow Exception counts:
OutOfMemoryError java_heap_errors=1
LinkageErrors=41

Heap address: 0x0000000084c00000, size: 1972 MB, Compressed Oops mode: 32-bit

CDS archive(s) mapped at: [0x0000021880000000-0x0000021880c90000-0x0000021880c90000), size 13172736, SharedBaseAddress: 0x0000021880000000, ArchiveRelocationMode: 1.
Compressed class space mapped at: 0x0000021881000000-0x00000218c1000000, reserved size: 1073741824
Narrow klass base: 0x0000021880000000, Narrow klass shift: 0, Narrow klass range: 0x100000000

GC Precious Log:
 CardTable entry size: 512
 Card Set container configuration: InlinePtr #cards 5 size 8 Array Of Cards #cards 12 size 40 Howl #buckets 4 coarsen threshold 1843 Howl Bitmap #cards 512 size 80 coarsen threshold 460 Card regions per heap region 1 cards per card region 2048
 CPUs: 8 total, 8 available
 Memory: 7886M
 Large Page Support: Disabled
 NUMA Support: Disabled
 Compressed Oops: Enabled (32-bit)
 Heap Region Size: 1M
 Heap Min Capacity: 8M
 Heap Initial Capacity: 124M
 Heap Max Capacity: 1972M
 Pre-touch: Disabled
 Parallel Workers: 8
 Concurrent Workers: 2
 Concurrent Refinement Workers: 8
 Periodic GC: Disabled

Heap:
 garbage-first heap   total 126976K, used 94562K [0x0000000084c00000, 0x0000000100000000)
  region size 1024K, 54 young (55296K), 5 survivors (5120K)
 Metaspace       used 20114K, committed 20480K, reserved 1114112K
  class space    used 2853K, committed 3008K, reserved 1048576K

Heap Regions: E=young(eden), S=young(survivor), O=old, HS=humongous(starts), HC=humongous(continues), CS=collection set, F=free, TAMS=top-at-mark-start, PB=parsable bottom
|   0|0x0000000084c00000, 0x0000000084d00000, 0x0000000084d00000|100%|HS|  |TAMS 0x0000000084c00000| PB 0x0000000084c00000| Complete 
|   1|0x0000000084d00000, 0x0000000084e00000, 0x0000000084e00000|100%|HC|  |TAMS 0x0000000084d00000| PB 0x0000000084d00000| Complete 
|   2|0x0000000084e00000, 0x0000000084f00000, 0x0000000084f00000|100%|HC|  |TAMS 0x0000000084e00000| PB 0x0000000084e00000| Complete 
|   3|0x0000000084f00000, 0x0000000085000000, 0x0000000085000000|100%|HS|  |TAMS 0x0000000084f00000| PB 0x0000000084f00000| Complete 
|   4|0x0000000085000000, 0x0000000085100000, 0x0000000085100000|100%|HC|  |TAMS 0x0000000085000000| PB 0x0000000085000000| Complete 
|   5|0x0000000085100000, 0x0000000085200000, 0x0000000085200000|100%|HC|  |TAMS 0x0000000085100000| PB 0x0000000085100000| Complete 
|   6|0x0000000085200000, 0x0000000085300000, 0x0000000085300000|100%|HS|  |TAMS 0x0000000085200000| PB 0x0000000085200000| Complete 
|   7|0x0000000085300000, 0x0000000085400000, 0x0000000085400000|100%|HC|  |TAMS 0x0000000085300000| PB 0x0000000085300000| Complete 
|   8|0x0000000085400000, 0x0000000085500000, 0x0000000085500000|100%|HC|  |TAMS 0x0000000085400000| PB 0x0000000085400000| Complete 
|   9|0x0000000085500000, 0x0000000085600000, 0x0000000085600000|100%|HS|  |TAMS 0x0000000085500000| PB 0x0000000085500000| Complete 
|  10|0x0000000085600000, 0x0000000085700000, 0x0000000085700000|100%|HC|  |TAMS 0x0000000085600000| PB 0x0000000085600000| Complete 
|  11|0x0000000085700000, 0x0000000085800000, 0x0000000085800000|100%|HC|  |TAMS 0x0000000085700000| PB 0x0000000085700000| Complete 
|  12|0x0000000085800000, 0x0000000085900000, 0x0000000085900000|100%|HS|  |TAMS 0x0000000085800000| PB 0x0000000085800000| Complete 
|  13|0x0000000085900000, 0x0000000085a00000, 0x0000000085a00000|100%|HC|  |TAMS 0x0000000085900000| PB 0x0000000085900000| Complete 
|  14|0x0000000085a00000, 0x0000000085b00000, 0x0000000085b00000|100%|HC|  |TAMS 0x0000000085a00000| PB 0x0000000085a00000| Complete 
|  15|0x0000000085b00000, 0x0000000085c00000, 0x0000000085c00000|100%|HS|  |TAMS 0x0000000085b00000| PB 0x0000000085b00000| Complete 
|  16|0x0000000085c00000, 0x0000000085d00000, 0x0000000085d00000|100%|HC|  |TAMS 0x0000000085c00000| PB 0x0000000085c00000| Complete 
|  17|0x0000000085d00000, 0x0000000085e00000, 0x0000000085e00000|100%|HC|  |TAMS 0x0000000085d00000| PB 0x0000000085d00000| Complete 
|  18|0x0000000085e00000, 0x0000000085f00000, 0x0000000085f00000|100%|HS|  |TAMS 0x0000000085e00000| PB 0x0000000085e00000| Complete 
|  19|0x0000000085f00000, 0x0000000086000000, 0x0000000086000000|100%|HC|  |TAMS 0x0000000085f00000| PB 0x0000000085f00000| Complete 
|  20|0x0000000086000000, 0x0000000086100000, 0x0000000086100000|100%|HC|  |TAMS 0x0000000086000000| PB 0x0000000086000000| Complete 
|  21|0x0000000086100000, 0x0000000086200000, 0x0000000086200000|100%|HS|  |TAMS 0x0000000086100000| PB 0x0000000086100000| Complete 
|  22|0x0000000086200000, 0x0000000086300000, 0x0000000086300000|100%|HC|  |TAMS 0x0000000086200000| PB 0x0000000086200000| Complete 
|  23|0x0000000086300000, 0x0000000086400000, 0x0000000086400000|100%|HS|  |TAMS 0x0000000086300000| PB 0x0000000086300000| Complete 
|  24|0x0000000086400000, 0x0000000086500000, 0x0000000086500000|100%|HC|  |TAMS 0x0000000086400000| PB 0x0000000086400000| Complete 
|  25|0x0000000086500000, 0x0000000086600000, 0x0000000086600000|100%|HC|  |TAMS 0x0000000086500000| PB 0x0000000086500000| Complete 
|  26|0x0000000086600000, 0x0000000086700000, 0x0000000086700000|100%|HS|  |TAMS 0x0000000086600000| PB 0x0000000086600000| Complete 
|  27|0x0000000086700000, 0x0000000086800000, 0x0000000086800000|100%|HC|  |TAMS 0x0000000086700000| PB 0x0000000086700000| Complete 
|  28|0x0000000086800000, 0x0000000086900000, 0x0000000086900000|100%|HS|  |TAMS 0x0000000086800000| PB 0x0000000086800000| Complete 
|  29|0x0000000086900000, 0x0000000086a00000, 0x0000000086a00000|100%|HS|  |TAMS 0x0000000086900000| PB 0x0000000086900000| Complete 
|  30|0x0000000086a00000, 0x0000000086b00000, 0x0000000086b00000|100%| O|  |TAMS 0x0000000086a00000| PB 0x0000000086a00000| Untracked 
|  31|0x0000000086b00000, 0x0000000086c00000, 0x0000000086c00000|100%| O|  |TAMS 0x0000000086b00000| PB 0x0000000086b00000| Untracked 
|  32|0x0000000086c00000, 0x0000000086d00000, 0x0000000086d00000|100%| O|  |TAMS 0x0000000086c00000| PB 0x0000000086c00000| Untracked 
|  33|0x0000000086d00000, 0x0000000086e00000, 0x0000000086e00000|100%| O|  |TAMS 0x0000000086d00000| PB 0x0000000086d00000| Untracked 
|  34|0x0000000086e00000, 0x0000000086f00000, 0x0000000086f00000|100%| O|  |TAMS 0x0000000086e00000| PB 0x0000000086e00000| Untracked 
|  35|0x0000000086f00000, 0x0000000087000000, 0x0000000087000000|100%| O|  |TAMS 0x0000000086f00000| PB 0x0000000086f00000| Untracked 
|  36|0x0000000087000000, 0x0000000087100000, 0x0000000087100000|100%| O|  |TAMS 0x0000000087000000| PB 0x0000000087000000| Untracked 
|  37|0x0000000087100000, 0x0000000087158b00, 0x0000000087200000| 34%| O|  |TAMS 0x0000000087100000| PB 0x0000000087100000| Untracked 
|  38|0x0000000087200000, 0x0000000087300000, 0x0000000087300000|100%|HS|  |TAMS 0x0000000087200000| PB 0x0000000087200000| Complete 
|  39|0x0000000087300000, 0x0000000087400000, 0x0000000087400000|100%|HC|  |TAMS 0x0000000087300000| PB 0x0000000087300000| Complete 
|  40|0x0000000087400000, 0x0000000087400000, 0x0000000087500000|  0%| F|  |TAMS 0x0000000087400000| PB 0x0000000087400000| Untracked 
|  41|0x0000000087500000, 0x0000000087500000, 0x0000000087600000|  0%| F|  |TAMS 0x0000000087500000| PB 0x0000000087500000| Untracked 
|  42|0x0000000087600000, 0x0000000087600000, 0x0000000087700000|  0%| F|  |TAMS 0x0000000087600000| PB 0x0000000087600000| Untracked 
|  43|0x0000000087700000, 0x0000000087700000, 0x0000000087800000|  0%| F|  |TAMS 0x0000000087700000| PB 0x0000000087700000| Untracked 
|  44|0x0000000087800000, 0x0000000087800000, 0x0000000087900000|  0%| F|  |TAMS 0x0000000087800000| PB 0x0000000087800000| Untracked 
|  45|0x0000000087900000, 0x0000000087900000, 0x0000000087a00000|  0%| F|  |TAMS 0x0000000087900000| PB 0x0000000087900000| Untracked 
|  46|0x0000000087a00000, 0x0000000087a00000, 0x0000000087b00000|  0%| F|  |TAMS 0x0000000087a00000| PB 0x0000000087a00000| Untracked 
|  47|0x0000000087b00000, 0x0000000087b00000, 0x0000000087c00000|  0%| F|  |TAMS 0x0000000087b00000| PB 0x0000000087b00000| Untracked 
|  48|0x0000000087c00000, 0x0000000087c00000, 0x0000000087d00000|  0%| F|  |TAMS 0x0000000087c00000| PB 0x0000000087c00000| Untracked 
|  49|0x0000000087d00000, 0x0000000087d00000, 0x0000000087e00000|  0%| F|  |TAMS 0x0000000087d00000| PB 0x0000000087d00000| Untracked 
|  50|0x0000000087e00000, 0x0000000087e00000, 0x0000000087f00000|  0%| F|  |TAMS 0x0000000087e00000| PB 0x0000000087e00000| Untracked 
|  51|0x0000000087f00000, 0x0000000087f00000, 0x0000000088000000|  0%| F|  |TAMS 0x0000000087f00000| PB 0x0000000087f00000| Untracked 
|  52|0x0000000088000000, 0x0000000088000000, 0x0000000088100000|  0%| F|  |TAMS 0x0000000088000000| PB 0x0000000088000000| Untracked 
|  53|0x0000000088100000, 0x0000000088100000, 0x0000000088200000|  0%| F|  |TAMS 0x0000000088100000| PB 0x0000000088100000| Untracked 
|  54|0x0000000088200000, 0x0000000088200000, 0x0000000088300000|  0%| F|  |TAMS 0x0000000088200000| PB 0x0000000088200000| Untracked 
|  55|0x0000000088300000, 0x0000000088300000, 0x0000000088400000|  0%| F|  |TAMS 0x0000000088300000| PB 0x0000000088300000| Untracked 
|  56|0x0000000088400000, 0x0000000088400000, 0x0000000088500000|  0%| F|  |TAMS 0x0000000088400000| PB 0x0000000088400000| Untracked 
|  57|0x0000000088500000, 0x0000000088500000, 0x0000000088600000|  0%| F|  |TAMS 0x0000000088500000| PB 0x0000000088500000| Untracked 
|  58|0x0000000088600000, 0x0000000088600000, 0x0000000088700000|  0%| F|  |TAMS 0x0000000088600000| PB 0x0000000088600000| Untracked 
|  59|0x0000000088700000, 0x0000000088700000, 0x0000000088800000|  0%| F|  |TAMS 0x0000000088700000| PB 0x0000000088700000| Untracked 
|  60|0x0000000088800000, 0x0000000088800000, 0x0000000088900000|  0%| F|  |TAMS 0x0000000088800000| PB 0x0000000088800000| Untracked 
|  61|0x0000000088900000, 0x0000000088900000, 0x0000000088a00000|  0%| F|  |TAMS 0x0000000088900000| PB 0x0000000088900000| Untracked 
|  62|0x0000000088a00000, 0x0000000088a00000, 0x0000000088b00000|  0%| F|  |TAMS 0x0000000088a00000| PB 0x0000000088a00000| Untracked 
|  63|0x0000000088b00000, 0x0000000088b00000, 0x0000000088c00000|  0%| F|  |TAMS 0x0000000088b00000| PB 0x0000000088b00000| Untracked 
|  64|0x0000000088c00000, 0x0000000088c00000, 0x0000000088d00000|  0%| F|  |TAMS 0x0000000088c00000| PB 0x0000000088c00000| Untracked 
|  65|0x0000000088d00000, 0x0000000088d00000, 0x0000000088e00000|  0%| F|  |TAMS 0x0000000088d00000| PB 0x0000000088d00000| Untracked 
|  66|0x0000000088e00000, 0x0000000088e00000, 0x0000000088f00000|  0%| F|  |TAMS 0x0000000088e00000| PB 0x0000000088e00000| Untracked 
|  67|0x0000000088f00000, 0x0000000088f00000, 0x0000000089000000|  0%| F|  |TAMS 0x0000000088f00000| PB 0x0000000088f00000| Untracked 
|  68|0x0000000089000000, 0x0000000089000000, 0x0000000089100000|  0%| F|  |TAMS 0x0000000089000000| PB 0x0000000089000000| Untracked 
|  69|0x0000000089100000, 0x0000000089100000, 0x0000000089200000|  0%| F|  |TAMS 0x0000000089100000| PB 0x0000000089100000| Untracked 
|  70|0x0000000089200000, 0x000000008926df68, 0x0000000089300000| 42%| E|  |TAMS 0x0000000089200000| PB 0x0000000089200000| Complete 
|  71|0x0000000089300000, 0x0000000089400000, 0x0000000089400000|100%| E|CS|TAMS 0x0000000089300000| PB 0x0000000089300000| Complete 
|  72|0x0000000089400000, 0x0000000089500000, 0x0000000089500000|100%| E|CS|TAMS 0x0000000089400000| PB 0x0000000089400000| Complete 
|  73|0x0000000089500000, 0x0000000089600000, 0x0000000089600000|100%| E|CS|TAMS 0x0000000089500000| PB 0x0000000089500000| Complete 
|  74|0x0000000089600000, 0x0000000089700000, 0x0000000089700000|100%| E|CS|TAMS 0x0000000089600000| PB 0x0000000089600000| Complete 
|  75|0x0000000089700000, 0x0000000089800000, 0x0000000089800000|100%| E|CS|TAMS 0x0000000089700000| PB 0x0000000089700000| Complete 
|  76|0x0000000089800000, 0x0000000089900000, 0x0000000089900000|100%| E|CS|TAMS 0x0000000089800000| PB 0x0000000089800000| Complete 
|  77|0x0000000089900000, 0x0000000089a00000, 0x0000000089a00000|100%| E|CS|TAMS 0x0000000089900000| PB 0x0000000089900000| Complete 
|  78|0x0000000089a00000, 0x0000000089b00000, 0x0000000089b00000|100%| E|CS|TAMS 0x0000000089a00000| PB 0x0000000089a00000| Complete 
|  79|0x0000000089b00000, 0x0000000089c00000, 0x0000000089c00000|100%| E|CS|TAMS 0x0000000089b00000| PB 0x0000000089b00000| Complete 
|  80|0x0000000089c00000, 0x0000000089d00000, 0x0000000089d00000|100%| E|CS|TAMS 0x0000000089c00000| PB 0x0000000089c00000| Complete 
|  81|0x0000000089d00000, 0x0000000089e00000, 0x0000000089e00000|100%| E|CS|TAMS 0x0000000089d00000| PB 0x0000000089d00000| Complete 
|  82|0x0000000089e00000, 0x0000000089f00000, 0x0000000089f00000|100%| E|CS|TAMS 0x0000000089e00000| PB 0x0000000089e00000| Complete 
|  83|0x0000000089f00000, 0x000000008a000000, 0x000000008a000000|100%| S|CS|TAMS 0x0000000089f00000| PB 0x0000000089f00000| Complete 
|  84|0x000000008a000000, 0x000000008a100000, 0x000000008a100000|100%| S|CS|TAMS 0x000000008a000000| PB 0x000000008a000000| Complete 
|  85|0x000000008a100000, 0x000000008a200000, 0x000000008a200000|100%| S|CS|TAMS 0x000000008a100000| PB 0x000000008a100000| Complete 
|  86|0x000000008a200000, 0x000000008a300000, 0x000000008a300000|100%| S|CS|TAMS 0x000000008a200000| PB 0x000000008a200000| Complete 
|  87|0x000000008a300000, 0x000000008a400000, 0x000000008a400000|100%| S|CS|TAMS 0x000000008a300000| PB 0x000000008a300000| Complete 
|  88|0x000000008a400000, 0x000000008a500000, 0x000000008a500000|100%| E|CS|TAMS 0x000000008a400000| PB 0x000000008a400000| Complete 
|  89|0x000000008a500000, 0x000000008a600000, 0x000000008a600000|100%| E|CS|TAMS 0x000000008a500000| PB 0x000000008a500000| Complete 
|  90|0x000000008a600000, 0x000000008a700000, 0x000000008a700000|100%| E|CS|TAMS 0x000000008a600000| PB 0x000000008a600000| Complete 
|  91|0x000000008a700000, 0x000000008a800000, 0x000000008a800000|100%| E|CS|TAMS 0x000000008a700000| PB 0x000000008a700000| Complete 
|  92|0x000000008a800000, 0x000000008a900000, 0x000000008a900000|100%| E|CS|TAMS 0x000000008a800000| PB 0x000000008a800000| Complete 
|  93|0x000000008a900000, 0x000000008aa00000, 0x000000008aa00000|100%| E|CS|TAMS 0x000000008a900000| PB 0x000000008a900000| Complete 
|  94|0x000000008aa00000, 0x000000008ab00000, 0x000000008ab00000|100%| E|CS|TAMS 0x000000008aa00000| PB 0x000000008aa00000| Complete 
|  95|0x000000008ab00000, 0x000000008ac00000, 0x000000008ac00000|100%| E|CS|TAMS 0x000000008ab00000| PB 0x000000008ab00000| Complete 
|  96|0x000000008ac00000, 0x000000008ad00000, 0x000000008ad00000|100%| E|CS|TAMS 0x000000008ac00000| PB 0x000000008ac00000| Complete 
|  97|0x000000008ad00000, 0x000000008ae00000, 0x000000008ae00000|100%| E|CS|TAMS 0x000000008ad00000| PB 0x000000008ad00000| Complete 
|  98|0x000000008ae00000, 0x000000008af00000, 0x000000008af00000|100%| E|CS|TAMS 0x000000008ae00000| PB 0x000000008ae00000| Complete 
|  99|0x000000008af00000, 0x000000008b000000, 0x000000008b000000|100%| E|CS|TAMS 0x000000008af00000| PB 0x000000008af00000| Complete 
| 100|0x000000008b000000, 0x000000008b100000, 0x000000008b100000|100%| E|CS|TAMS 0x000000008b000000| PB 0x000000008b000000| Complete 
| 101|0x000000008b100000, 0x000000008b200000, 0x000000008b200000|100%| E|CS|TAMS 0x000000008b100000| PB 0x000000008b100000| Complete 
| 102|0x000000008b200000, 0x000000008b300000, 0x000000008b300000|100%| E|CS|TAMS 0x000000008b200000| PB 0x000000008b200000| Complete 
| 103|0x000000008b300000, 0x000000008b400000, 0x000000008b400000|100%| E|CS|TAMS 0x000000008b300000| PB 0x000000008b300000| Complete 
| 104|0x000000008b400000, 0x000000008b500000, 0x000000008b500000|100%| E|CS|TAMS 0x000000008b400000| PB 0x000000008b400000| Complete 
| 105|0x000000008b500000, 0x000000008b600000, 0x000000008b600000|100%| E|CS|TAMS 0x000000008b500000| PB 0x000000008b500000| Complete 
| 106|0x000000008b600000, 0x000000008b700000, 0x000000008b700000|100%| E|CS|TAMS 0x000000008b600000| PB 0x000000008b600000| Complete 
| 107|0x000000008b700000, 0x000000008b800000, 0x000000008b800000|100%| E|CS|TAMS 0x000000008b700000| PB 0x000000008b700000| Complete 
| 108|0x000000008b800000, 0x000000008b900000, 0x000000008b900000|100%| E|CS|TAMS 0x000000008b800000| PB 0x000000008b800000| Complete 
| 109|0x000000008b900000, 0x000000008ba00000, 0x000000008ba00000|100%| E|CS|TAMS 0x000000008b900000| PB 0x000000008b900000| Complete 
| 110|0x000000008ba00000, 0x000000008bb00000, 0x000000008bb00000|100%| E|CS|TAMS 0x000000008ba00000| PB 0x000000008ba00000| Complete 
| 111|0x000000008bb00000, 0x000000008bc00000, 0x000000008bc00000|100%| E|CS|TAMS 0x000000008bb00000| PB 0x000000008bb00000| Complete 
| 112|0x000000008bc00000, 0x000000008bd00000, 0x000000008bd00000|100%| E|CS|TAMS 0x000000008bc00000| PB 0x000000008bc00000| Complete 
| 113|0x000000008bd00000, 0x000000008be00000, 0x000000008be00000|100%| E|CS|TAMS 0x000000008bd00000| PB 0x000000008bd00000| Complete 
| 114|0x000000008be00000, 0x000000008bf00000, 0x000000008bf00000|100%| E|CS|TAMS 0x000000008be00000| PB 0x000000008be00000| Complete 
| 115|0x000000008bf00000, 0x000000008c000000, 0x000000008c000000|100%| E|CS|TAMS 0x000000008bf00000| PB 0x000000008bf00000| Complete 
| 116|0x000000008c000000, 0x000000008c100000, 0x000000008c100000|100%| E|CS|TAMS 0x000000008c000000| PB 0x000000008c000000| Complete 
| 117|0x000000008c100000, 0x000000008c200000, 0x000000008c200000|100%| E|CS|TAMS 0x000000008c100000| PB 0x000000008c100000| Complete 
| 118|0x000000008c200000, 0x000000008c300000, 0x000000008c300000|100%| E|CS|TAMS 0x000000008c200000| PB 0x000000008c200000| Complete 
| 119|0x000000008c300000, 0x000000008c400000, 0x000000008c400000|100%| E|CS|TAMS 0x000000008c300000| PB 0x000000008c300000| Complete 
| 120|0x000000008c400000, 0x000000008c500000, 0x000000008c500000|100%| E|CS|TAMS 0x000000008c400000| PB 0x000000008c400000| Complete 
| 121|0x000000008c500000, 0x000000008c600000, 0x000000008c600000|100%| E|CS|TAMS 0x000000008c500000| PB 0x000000008c500000| Complete 
| 122|0x000000008c600000, 0x000000008c700000, 0x000000008c700000|100%| E|CS|TAMS 0x000000008c600000| PB 0x000000008c600000| Complete 
| 123|0x000000008c700000, 0x000000008c800000, 0x000000008c800000|100%| E|CS|TAMS 0x000000008c700000| PB 0x000000008c700000| Complete 

Card table byte_map: [0x00000218dffb0000,0x00000218e0390000] _byte_map_base: 0x00000218dfb8a000

Marking Bits: (CMBitMap*) 0x00000218c653d090
 Bits: [0x00000218e0390000, 0x00000218e2260000)

Polling page: 0x00000218c65b0000

Metaspace:

Usage:
  Non-class:     16.86 MB used.
      Class:      2.79 MB used.
       Both:     19.64 MB used.

Virtual space:
  Non-class space:       64.00 MB reserved,      17.06 MB ( 27%) committed,  1 nodes.
      Class space:        1.00 GB reserved,       2.94 MB ( <1%) committed,  1 nodes.
             Both:        1.06 GB reserved,      20.00 MB (  2%) committed. 

Chunk freelists:
   Non-Class:  14.09 MB
       Class:  13.08 MB
        Both:  27.17 MB

MaxMetaspaceSize: unlimited
CompressedClassSpaceSize: 1.00 GB
Initial GC threshold: 21.00 MB
Current GC threshold: 21.00 MB
CDS: on
 - commit_granule_bytes: 65536.
 - commit_granule_words: 8192.
 - virtual_space_node_default_size: 8388608.
 - enlarge_chunks_in_place: 1.
 - use_allocation_guard: 0.


Internal statistics:

num_allocs_failed_limit: 0.
num_arena_births: 388.
num_arena_deaths: 0.
num_vsnodes_births: 2.
num_vsnodes_deaths: 0.
num_space_committed: 320.
num_space_uncommitted: 0.
num_chunks_returned_to_freelist: 0.
num_chunks_taken_from_freelist: 1050.
num_chunk_merges: 0.
num_chunk_splits: 711.
num_chunks_enlarged: 539.
num_inconsistent_stats: 0.

CodeHeap 'non-profiled nmethods': size=120000Kb used=1324Kb max_used=1324Kb free=118675Kb
 bounds [0x00000218d7c40000, 0x00000218d7eb0000, 0x00000218df170000]
CodeHeap 'profiled nmethods': size=120000Kb used=6854Kb max_used=6854Kb free=113145Kb
 bounds [0x00000218d0170000, 0x00000218d0830000, 0x00000218d76a0000]
CodeHeap 'non-nmethods': size=5760Kb used=2086Kb max_used=2091Kb free=3673Kb
 bounds [0x00000218d76a0000, 0x00000218d7910000, 0x00000218d7c40000]
 total_blobs=4379 nmethods=3534 adapters=748
 compilation: enabled
              stopped_count=0, restarted_count=0
 full_count=0

Compilation events (20 events):
Event: 12.469 Thread 0x00000218e4d06540 3499       3       jdk.internal.jimage.ImageReader::requireOpen (18 bytes)
Event: 12.470 Thread 0x00000218e4d06540 nmethod 3499 0x00000218d0817c10 code [0x00000218d0817dc0, 0x00000218d0817fe8]
Event: 12.474 Thread 0x00000218e4d06540 3500       3       sun.invoke.util.Wrapper::isDoubleWord (15 bytes)
Event: 12.474 Thread 0x00000218e4d06540 nmethod 3500 0x00000218d0818110 code [0x00000218d08182a0, 0x00000218d0818408]
Event: 12.475 Thread 0x00000218e4d04e80 3502       4       java.util.HashMap::putVal (300 bytes)
Event: 12.475 Thread 0x00000218ef078d70 3503       4       java.util.HashMap::put (13 bytes)
Event: 12.475 Thread 0x00000218e4d06540 3504       1       org.bson.BsonType::getValue (5 bytes)
Event: 12.476 Thread 0x00000218e4d06540 nmethod 3504 0x00000218d7d88a90 code [0x00000218d7d88c20, 0x00000218d7d88ce8]
Event: 12.480 Thread 0x00000218e4d06540 3505       3       java.util.concurrent.ConcurrentHashMap::containsKey (14 bytes)
Event: 12.481 Thread 0x00000218e4d06540 nmethod 3505 0x00000218d0818490 code [0x00000218d0818640, 0x00000218d08187f0]
Event: 12.482 Thread 0x00000218e4d06540 3507       3       org.bson.io.OutputBuffer::write (6 bytes)
Event: 12.482 Thread 0x00000218e4d06540 nmethod 3507 0x00000218d0818890 code [0x00000218d0818a40, 0x00000218d0818c08]
Event: 12.482 Thread 0x00000218e4d06540 3508       3       java.nio.HeapByteBuffer::put (16 bytes)
Event: 12.482 Thread 0x00000218e4d06540 nmethod 3508 0x00000218d0818c90 code [0x00000218d0818e60, 0x00000218d0819140]
Event: 12.482 Thread 0x00000218e4d06540 3509       3       com.mongodb.internal.connection.ByteBufferBsonOutput::ensureOpen (18 bytes)
Event: 12.482 Thread 0x00000218e4d06540 nmethod 3509 0x00000218d0819310 code [0x00000218d08194c0, 0x00000218d08196e8]
Event: 12.482 Thread 0x00000218e4d06540 3511       3       com.mongodb.internal.connection.ByteBufferBsonOutput::getByteBufferAtIndex (69 bytes)
Event: 12.482 Thread 0x00000218e4d06540 nmethod 3511 0x00000218d0819810 code [0x00000218d0819a20, 0x00000218d081a0e0]
Event: 12.482 Thread 0x00000218e4d06540 3512       1       org.bson.AbstractBsonWriter::getContext (5 bytes)
Event: 12.482 Thread 0x00000218e4d06540 nmethod 3512 0x00000218d7d88d90 code [0x00000218d7d88f20, 0x00000218d7d88fe8]

GC Heap History (4 events):
Event: 0.584 GC heap before
{Heap before GC invocations=0 (full 0):
 garbage-first heap   total 126976K, used 22528K [0x0000000084c00000, 0x0000000100000000)
  region size 1024K, 23 young (23552K), 0 survivors (0K)
 Metaspace       used 4573K, committed 4800K, reserved 1114112K
  class space    used 487K, committed 576K, reserved 1048576K
}
Event: 0.589 GC heap after
{Heap after GC invocations=1 (full 0):
 garbage-first heap   total 126976K, used 3008K [0x0000000084c00000, 0x0000000100000000)
  region size 1024K, 3 young (3072K), 3 survivors (3072K)
 Metaspace       used 4573K, committed 4800K, reserved 1114112K
  class space    used 487K, committed 576K, reserved 1048576K
}
Event: 1.248 GC heap before
{Heap before GC invocations=1 (full 0):
 garbage-first heap   total 126976K, used 66496K [0x0000000084c00000, 0x0000000100000000)
  region size 1024K, 36 young (36864K), 3 survivors (3072K)
 Metaspace       used 10845K, committed 11136K, reserved 1114112K
  class space    used 1412K, committed 1536K, reserved 1048576K
}
Event: 1.254 GC heap after
{Heap after GC invocations=2 (full 0):
 garbage-first heap   total 126976K, used 43362K [0x0000000084c00000, 0x0000000100000000)
  region size 1024K, 5 young (5120K), 5 survivors (5120K)
 Metaspace       used 10845K, committed 11136K, reserved 1114112K
  class space    used 1412K, committed 1536K, reserved 1048576K
}

Dll operation events (20 events):
Event: 0.364 Loaded shared library C:\Users\ASUS\.openjfx\cache\21+31\amd64\api-ms-win-crt-locale-l1-1-0.dll
Event: 0.366 Loaded shared library C:\Users\ASUS\.openjfx\cache\21+31\amd64\api-ms-win-crt-math-l1-1-0.dll
Event: 0.368 Loaded shared library C:\Users\ASUS\.openjfx\cache\21+31\amd64\api-ms-win-crt-multibyte-l1-1-0.dll
Event: 0.370 Loaded shared library C:\Users\ASUS\.openjfx\cache\21+31\amd64\api-ms-win-crt-private-l1-1-0.dll
Event: 0.372 Loaded shared library C:\Users\ASUS\.openjfx\cache\21+31\amd64\api-ms-win-crt-process-l1-1-0.dll
Event: 0.374 Loaded shared library C:\Users\ASUS\.openjfx\cache\21+31\amd64\api-ms-win-crt-runtime-l1-1-0.dll
Event: 0.376 Loaded shared library C:\Users\ASUS\.openjfx\cache\21+31\amd64\api-ms-win-crt-stdio-l1-1-0.dll
Event: 0.378 Loaded shared library C:\Users\ASUS\.openjfx\cache\21+31\amd64\api-ms-win-crt-string-l1-1-0.dll
Event: 0.380 Loaded shared library C:\Users\ASUS\.openjfx\cache\21+31\amd64\api-ms-win-crt-time-l1-1-0.dll
Event: 0.382 Loaded shared library C:\Users\ASUS\.openjfx\cache\21+31\amd64\api-ms-win-crt-utility-l1-1-0.dll
Event: 0.396 Loaded shared library C:\Users\ASUS\.openjfx\cache\21+31\amd64\ucrtbase.dll
Event: 0.401 Loaded shared library C:\Users\ASUS\.openjfx\cache\21+31\amd64\vcruntime140.dll
Event: 0.404 Loaded shared library C:\Users\ASUS\.openjfx\cache\21+31\amd64\vcruntime140_1.dll
Event: 0.414 Loaded shared library C:\Users\ASUS\.openjfx\cache\21+31\amd64\msvcp140.dll
Event: 0.418 Loaded shared library C:\Users\ASUS\.openjfx\cache\21+31\amd64\msvcp140_1.dll
Event: 0.424 Loaded shared library C:\Users\ASUS\.openjfx\cache\21+31\amd64\msvcp140_2.dll
Event: 0.467 Loaded shared library C:\Users\ASUS\.openjfx\cache\21+31\amd64\prism_d3d.dll
Event: 0.512 Loaded shared library C:\Users\ASUS\.openjfx\cache\21+31\amd64\glass.dll
Event: 0.616 Loaded shared library C:\Program Files\Java\jdk-21\bin\jimage.dll
Event: 0.781 Loaded shared library C:\Users\ASUS\.openjfx\cache\21+31\amd64\javafx_font.dll

Deoptimization events (20 events):
Event: 12.448 Thread 0x00000218e992e9c0 Uncommon trap: trap_request=0xffffffde fr.pc=0x00000218d7cfa088 relative=0x00000000000002c8
Event: 12.448 Thread 0x00000218e992e9c0 Uncommon trap: reason=class_check action=maybe_recompile pc=0x00000218d7cfa088 method=java.util.HashMap.putVal(ILjava/lang/Object;Ljava/lang/Object;ZZ)Ljava/lang/Object; @ 253 c2
Event: 12.448 Thread 0x00000218e992e9c0 DEOPT PACKING pc=0x00000218d7cfa088 sp=0x000000c5b56fc240
Event: 12.448 Thread 0x00000218e992e9c0 DEOPT UNPACKING pc=0x00000218d76f7da2 sp=0x000000c5b56fc1e0 mode 2
Event: 12.448 Thread 0x00000218e992e9c0 Uncommon trap: trap_request=0xffffffde fr.pc=0x00000218d7cfa088 relative=0x00000000000002c8
Event: 12.448 Thread 0x00000218e992e9c0 Uncommon trap: reason=class_check action=maybe_recompile pc=0x00000218d7cfa088 method=java.util.HashMap.putVal(ILjava/lang/Object;Ljava/lang/Object;ZZ)Ljava/lang/Object; @ 253 c2
Event: 12.448 Thread 0x00000218e992e9c0 DEOPT PACKING pc=0x00000218d7cfa088 sp=0x000000c5b56fc240
Event: 12.448 Thread 0x00000218e992e9c0 DEOPT UNPACKING pc=0x00000218d76f7da2 sp=0x000000c5b56fc1e0 mode 2
Event: 12.453 Thread 0x00000218e992e9c0 Uncommon trap: trap_request=0xffffffde fr.pc=0x00000218d7cfa088 relative=0x00000000000002c8
Event: 12.453 Thread 0x00000218e992e9c0 Uncommon trap: reason=class_check action=maybe_recompile pc=0x00000218d7cfa088 method=java.util.HashMap.putVal(ILjava/lang/Object;Ljava/lang/Object;ZZ)Ljava/lang/Object; @ 253 c2
Event: 12.453 Thread 0x00000218e992e9c0 DEOPT PACKING pc=0x00000218d7cfa088 sp=0x000000c5b56fc230
Event: 12.453 Thread 0x00000218e992e9c0 DEOPT UNPACKING pc=0x00000218d76f7da2 sp=0x000000c5b56fc1d0 mode 2
Event: 12.453 Thread 0x00000218e992e9c0 Uncommon trap: trap_request=0xffffffde fr.pc=0x00000218d7cfa088 relative=0x00000000000002c8
Event: 12.453 Thread 0x00000218e992e9c0 Uncommon trap: reason=class_check action=maybe_recompile pc=0x00000218d7cfa088 method=java.util.HashMap.putVal(ILjava/lang/Object;Ljava/lang/Object;ZZ)Ljava/lang/Object; @ 253 c2
Event: 12.453 Thread 0x00000218e992e9c0 DEOPT PACKING pc=0x00000218d7cfa088 sp=0x000000c5b56fc230
Event: 12.454 Thread 0x00000218e992e9c0 DEOPT UNPACKING pc=0x00000218d76f7da2 sp=0x000000c5b56fc1d0 mode 2
Event: 12.462 Thread 0x00000218e992e9c0 Uncommon trap: trap_request=0xffffff45 fr.pc=0x00000218d7c93748 relative=0x0000000000000668
Event: 12.462 Thread 0x00000218e992e9c0 Uncommon trap: reason=unstable_if action=reinterpret pc=0x00000218d7c93748 method=java.lang.AbstractStringBuilder.append(Ljava/lang/String;)Ljava/lang/AbstractStringBuilder; @ 1 c2
Event: 12.462 Thread 0x00000218e992e9c0 DEOPT PACKING pc=0x00000218d7c93748 sp=0x000000c5b56fc350
Event: 12.462 Thread 0x00000218e992e9c0 DEOPT UNPACKING pc=0x00000218d76f7da2 sp=0x000000c5b56fc2d0 mode 2

Classes loaded (20 events):
Event: 12.476 Loading class java/net/SocketOption done
Event: 12.476 Loading class java/net/StandardSocketOptions$StdSocketOption done
Event: 12.476 Loading class sun/nio/ch/SocketOptionRegistry
Event: 12.476 Loading class sun/nio/ch/SocketOptionRegistry done
Event: 12.476 Loading class sun/nio/ch/SocketOptionRegistry$RegistryKey
Event: 12.476 Loading class sun/nio/ch/SocketOptionRegistry$RegistryKey done
Event: 12.476 Loading class sun/nio/ch/SocketOptionRegistry$LazyInitialization
Event: 12.476 Loading class sun/nio/ch/SocketOptionRegistry$LazyInitialization done
Event: 12.476 Loading class sun/nio/ch/OptionKey
Event: 12.476 Loading class sun/nio/ch/OptionKey done
Event: 12.476 Loading class sun/nio/ch/ExtendedSocketOption
Event: 12.476 Loading class sun/nio/ch/ExtendedSocketOption done
Event: 12.476 Loading class sun/nio/ch/ExtendedSocketOption$1
Event: 12.476 Loading class sun/nio/ch/ExtendedSocketOption$1 done
Event: 12.477 Loading class javax/net/ssl/SSLSocket
Event: 12.477 Loading class javax/net/ssl/SSLSocket done
Event: 12.477 Loading class java/net/Socket$SocketOutputStream
Event: 12.477 Loading class java/net/Socket$SocketOutputStream done
Event: 12.477 Loading class sun/nio/ch/NioSocketImpl$2
Event: 12.478 Loading class sun/nio/ch/NioSocketImpl$2 done

Classes unloaded (0 events):
No events

Classes redefined (0 events):
No events

Internal exceptions (20 events):
Event: 1.398 Thread 0x00000218e992e9c0 Implicit null exception at 0x00000218d7cf89ad to 0x00000218d7cf93ec
Event: 1.400 Thread 0x00000218e992e9c0 Implicit null exception at 0x00000218d7cbb9ba to 0x00000218d7cbbbfc
Event: 1.400 Thread 0x00000218e992e9c0 Exception <a 'java/lang/NoSuchMethodError'{0x000000008b9f74e8}: 'void java.lang.invoke.DirectMethodHandle$Holder.invokeSpecial(java.lang.Object, java.lang.Object, java.lang.Object, java.lang.Object, java.lang.Object, java.lang.Object)'> (0x000000008b9f74e8) 
thrown [s\open\src\hotspot\share\interpreter\linkResolver.cpp, line 773]
Event: 1.402 Thread 0x00000218e992e9c0 Exception <a 'java/lang/IncompatibleClassChangeError'{0x000000008b816438}: Found class java.lang.Object, but interface was expected> (0x000000008b816438) 
thrown [s\open\src\hotspot\share\interpreter\linkResolver.cpp, line 840]
Event: 1.404 Thread 0x00000218e992e9c0 Implicit null exception at 0x00000218d7cb85ba to 0x00000218d7cb87f8
Event: 1.404 Thread 0x00000218e992e9c0 Implicit null exception at 0x00000218d7c595fd to 0x00000218d7c598dc
Event: 1.433 Thread 0x00000218e992e9c0 Exception <a 'java/lang/ClassCastException'{0x000000008b310640}: class java.lang.String cannot be cast to class javafx.scene.paint.Paint (java.lang.String is in module java.base of loader 'bootstrap'; javafx.scene.paint.Paint is in module javafx.graphics@21 of loader 'app')> (0x000000008b310640) 
thrown [s\open\src\hotspot\share\interpreter\interpreterRuntime.cpp, line 455]
Event: 1.437 Thread 0x00000218e992e9c0 Exception <a 'java/lang/ClassNotFoundException'{0x000000008b3211e0}: sun/util/logging/resources/spi/loggingProvider> (0x000000008b3211e0) 
thrown [s\open\src\hotspot\share\classfile\systemDictionary.cpp, line 312]
Event: 1.513 Thread 0x00000218e992e9c0 Exception <a 'java/lang/NoSuchMethodError'{0x000000008af0eb20}: 'int java.lang.invoke.DirectMethodHandle$Holder.invokeSpecial(java.lang.Object, java.lang.Object, int)'> (0x000000008af0eb20) 
thrown [s\open\src\hotspot\share\interpreter\linkResolver.cpp, line 773]
Event: 1.542 Thread 0x00000218e992e9c0 Exception <a 'java/lang/NoSuchMethodError'{0x000000008afb6528}: 'java.lang.Object java.lang.invoke.DirectMethodHandle$Holder.newInvokeSpecial(java.lang.Object, java.lang.Object, int)'> (0x000000008afb6528) 
thrown [s\open\src\hotspot\share\interpreter\linkResolver.cpp, line 773]
Event: 1.604 Thread 0x00000218e98a3650 Exception <a 'java/lang/NoSuchMethodError'{0x000000008ad04088}: 'int java.lang.invoke.DirectMethodHandle$Holder.invokeStaticInit(java.lang.Object, java.lang.Object)'> (0x000000008ad04088) 
thrown [s\open\src\hotspot\share\interpreter\linkResolver.cpp, line 773]
Event: 1.614 Thread 0x00000218e992e9c0 Exception <a 'java/lang/NoSuchMethodError'{0x000000008aec0c50}: 'long java.lang.invoke.DirectMethodHandle$Holder.invokeStatic(java.lang.Object, java.lang.Object, java.lang.Object)'> (0x000000008aec0c50) 
thrown [s\open\src\hotspot\share\interpreter\linkResolver.cpp, line 773]
Event: 1.615 Thread 0x00000218e992e9c0 Exception <a 'java/lang/NoSuchMethodError'{0x000000008aec4020}: 'long java.lang.invoke.DirectMethodHandle$Holder.invokeStaticInit(java.lang.Object, java.lang.Object, java.lang.Object)'> (0x000000008aec4020) 
thrown [s\open\src\hotspot\share\interpreter\linkResolver.cpp, line 773]
Event: 1.617 Thread 0x00000218e992e9c0 Exception <a 'java/lang/NoSuchMethodError'{0x000000008aed8618}: 'java.lang.Object java.lang.invoke.DirectMethodHandle$Holder.newInvokeSpecial(java.lang.Object, java.lang.Object, long)'> (0x000000008aed8618) 
thrown [s\open\src\hotspot\share\interpreter\linkResolver.cpp, line 773]
Event: 1.618 Thread 0x00000218e992e9c0 Exception <a 'java/lang/NoSuchMethodError'{0x000000008aedbf10}: 'java.lang.Object java.lang.invoke.Invokers$Holder.linkToTargetMethod(java.lang.Object, long, java.lang.Object)'> (0x000000008aedbf10) 
thrown [s\open\src\hotspot\share\interpreter\linkResolver.cpp, line 773]
Event: 5.606 Thread 0x00000218e98a3650 Exception <a 'java/lang/NoSuchMethodError'{0x000000008a879f88}: 'java.lang.Object java.lang.invoke.DirectMethodHandle$Holder.invokeStaticInit(java.lang.Object, int)'> (0x000000008a879f88) 
thrown [s\open\src\hotspot\share\interpreter\linkResolver.cpp, line 773]
Event: 12.425 Thread 0x00000218e992e9c0 Exception <a 'java/lang/NoSuchMethodError'{0x0000000089bf4350}: 'java.lang.Object java.lang.invoke.DirectMethodHandle$Holder.invokeStaticInit(java.lang.Object, int, int, int, int)'> (0x0000000089bf4350) 
thrown [s\open\src\hotspot\share\interpreter\linkResolver.cpp, line 773]
Event: 12.437 Thread 0x00000218e992e9c0 Exception <a 'java/lang/NoSuchMethodError'{0x0000000089aaf208}: 'java.lang.Object java.lang.invoke.DirectMethodHandle$Holder.invokeStaticInit(java.lang.Object, java.lang.Object, int, int, int, int)'> (0x0000000089aaf208) 
thrown [s\open\src\hotspot\share\interpreter\linkResolver.cpp, line 773]
Event: 12.462 Thread 0x00000218e992e9c0 Implicit null exception at 0x00000218d7c93120 to 0x00000218d7c93730
Event: 12.469 Thread 0x00000218e90a48c0 Exception <a 'sun/nio/fs/WindowsException'{0x0000000089674338}> (0x0000000089674338) 
thrown [s\open\src\hotspot\share\prims\jni.cpp, line 520]

ZGC Phase Switch (0 events):
No events

VM Operations (20 events):
Event: 5.583 Executing VM operation: Cleanup
Event: 5.583 Executing VM operation: Cleanup done
Event: 6.583 Executing VM operation: Cleanup
Event: 6.584 Executing VM operation: Cleanup done
Event: 7.584 Executing VM operation: Cleanup
Event: 7.584 Executing VM operation: Cleanup done
Event: 8.585 Executing VM operation: Cleanup
Event: 8.585 Executing VM operation: Cleanup done
Event: 9.585 Executing VM operation: Cleanup
Event: 9.585 Executing VM operation: Cleanup done
Event: 10.586 Executing VM operation: Cleanup
Event: 10.586 Executing VM operation: Cleanup done
Event: 11.587 Executing VM operation: Cleanup
Event: 11.587 Executing VM operation: Cleanup done
Event: 12.428 Executing VM operation: HandshakeAllThreads (Deoptimize)
Event: 12.428 Executing VM operation: HandshakeAllThreads (Deoptimize) done
Event: 12.473 Executing VM operation: HandshakeAllThreads (Deoptimize)
Event: 12.473 Executing VM operation: HandshakeAllThreads (Deoptimize) done
Event: 12.481 Executing VM operation: HandshakeAllThreads (Deoptimize)
Event: 12.481 Executing VM operation: HandshakeAllThreads (Deoptimize) done

Events (20 events):
Event: 0.050 Thread 0x00000218e4cfc300 Thread added: 0x00000218e4cfc300
Event: 0.050 Thread 0x00000218e4cfd0d0 Thread added: 0x00000218e4cfd0d0
Event: 0.050 Thread 0x00000218e4cff580 Thread added: 0x00000218e4cff580
Event: 0.050 Thread 0x00000218e4d00b50 Thread added: 0x00000218e4d00b50
Event: 0.050 Thread 0x00000218e4d04e80 Thread added: 0x00000218e4d04e80
Event: 0.050 Thread 0x00000218e4d06540 Thread added: 0x00000218e4d06540
Event: 0.074 Thread 0x00000218e90a16d0 Thread added: 0x00000218e90a16d0
Event: 0.120 Thread 0x00000218e90cb970 Thread added: 0x00000218e90cb970
Event: 0.210 Thread 0x00000218e9595090 Thread added: 0x00000218e9595090
Event: 0.210 Thread 0x00000218e9595700 Thread added: 0x00000218e9595700
Event: 0.455 Thread 0x00000218e98a3650 Thread added: 0x00000218e98a3650
Event: 0.514 Thread 0x00000218e9930400 Thread added: 0x00000218e9930400
Event: 0.517 Thread 0x00000218e992e9c0 Thread added: 0x00000218e992e9c0
Event: 0.589 Thread 0x00000218e992cf80 Thread added: 0x00000218e992cf80
Event: 0.592 Thread 0x00000218e992dca0 Thread added: 0x00000218e992dca0
Event: 1.407 Thread 0x00000218e992f6e0 Thread added: 0x00000218e992f6e0
Event: 1.704 Thread 0x00000218e90cb970 Thread exited: 0x00000218e90cb970
Event: 1.736 Thread 0x00000218e992e330 Thread added: 0x00000218e992e330
Event: 12.380 Thread 0x00000218ef078d70 Thread added: 0x00000218ef078d70
Event: 12.462 Thread 0x00000218e90a48c0 Thread added: 0x00000218e90a48c0


Dynamic libraries:
0x00007ff632760000 - 0x00007ff632770000 	C:\Program Files\Java\jdk-21\bin\java.exe
0x00007fff008d0000 - 0x00007fff00ae6000 	C:\Windows\SYSTEM32\ntdll.dll
0x00007ffeff240000 - 0x00007ffeff304000 	C:\Windows\System32\KERNEL32.DLL
0x00007ffefe0e0000 - 0x00007ffefe487000 	C:\Windows\System32\KERNELBASE.dll
0x00007ffefdfc0000 - 0x00007ffefe0d1000 	C:\Windows\System32\ucrtbase.dll
0x00007ffef3b50000 - 0x00007ffef3b6b000 	C:\Program Files\Java\jdk-21\bin\VCRUNTIME140.dll
0x00007ffef37e0000 - 0x00007ffef37f9000 	C:\Program Files\Java\jdk-21\bin\jli.dll
0x00007ffefed40000 - 0x00007ffefedf2000 	C:\Windows\System32\ADVAPI32.dll
0x00007ffefeb10000 - 0x00007ffefebb7000 	C:\Windows\System32\msvcrt.dll
0x00007fff007e0000 - 0x00007fff00888000 	C:\Windows\System32\sechost.dll
0x00007ffefdf90000 - 0x00007ffefdfb8000 	C:\Windows\System32\bcrypt.dll
0x00007ffeffd40000 - 0x00007ffeffe55000 	C:\Windows\System32\RPCRT4.dll
0x00007ffeff310000 - 0x00007ffeff4be000 	C:\Windows\System32\USER32.dll
0x00007ffee52e0000 - 0x00007ffee5573000 	C:\Windows\WinSxS\amd64_microsoft.windows.common-controls_6595b64144ccf1df_6.0.22621.3235_none_270f74e173860f98\COMCTL32.dll
0x00007ffefde50000 - 0x00007ffefde76000 	C:\Windows\System32\win32u.dll
0x00007fff00680000 - 0x00007fff006a9000 	C:\Windows\System32\GDI32.dll
0x00007ffefdd30000 - 0x00007ffefde49000 	C:\Windows\System32\gdi32full.dll
0x00007ffefdef0000 - 0x00007ffefdf8a000 	C:\Windows\System32\msvcp_win.dll
0x00007ffef3960000 - 0x00007ffef396a000 	C:\Windows\SYSTEM32\VERSION.dll
0x00007ffefec50000 - 0x00007ffefec81000 	C:\Windows\System32\IMM32.DLL
0x00007ffef6bc0000 - 0x00007ffef6bcc000 	C:\Program Files\Java\jdk-21\bin\vcruntime140_1.dll
0x00007ffee77b0000 - 0x00007ffee783e000 	C:\Program Files\Java\jdk-21\bin\msvcp140.dll
0x00007ffe9a5e0000 - 0x00007ffe9b2f7000 	C:\Program Files\Java\jdk-21\bin\server\jvm.dll
0x00007ffefe870000 - 0x00007ffefe8e1000 	C:\Windows\System32\WS2_32.dll
0x00007ffefca90000 - 0x00007ffefcadd000 	C:\Windows\SYSTEM32\POWRPROF.dll
0x00007ffef3970000 - 0x00007ffef39a4000 	C:\Windows\SYSTEM32\WINMM.dll
0x00007ffefca70000 - 0x00007ffefca83000 	C:\Windows\SYSTEM32\UMPDC.dll
0x00007ffefccc0000 - 0x00007ffefccd8000 	C:\Windows\SYSTEM32\kernel.appcore.dll
0x00007ffef54d0000 - 0x00007ffef54da000 	C:\Program Files\Java\jdk-21\bin\jimage.dll
0x00007ffefb550000 - 0x00007ffefb783000 	C:\Windows\SYSTEM32\DBGHELP.DLL
0x00007fff002e0000 - 0x00007fff00668000 	C:\Windows\System32\combase.dll
0x00007fff00700000 - 0x00007fff007d7000 	C:\Windows\System32\OLEAUT32.dll
0x00007ffef0c10000 - 0x00007ffef0c42000 	C:\Windows\SYSTEM32\dbgcore.DLL
0x00007ffefdbf0000 - 0x00007ffefdc69000 	C:\Windows\System32\bcryptPrimitives.dll
0x00007ffef3bb0000 - 0x00007ffef3bbf000 	C:\Program Files\Java\jdk-21\bin\instrument.dll
0x00007ffef2a40000 - 0x00007ffef2a5f000 	C:\Program Files\Java\jdk-21\bin\java.dll
0x00007ffeff4c0000 - 0x00007ffeffd1c000 	C:\Windows\System32\SHELL32.dll
0x00007ffefbb60000 - 0x00007ffefc459000 	C:\Windows\SYSTEM32\windows.storage.dll
0x00007ffefba20000 - 0x00007ffefbb5e000 	C:\Windows\SYSTEM32\wintypes.dll
0x00007ffefee70000 - 0x00007ffefef63000 	C:\Windows\System32\SHCORE.dll
0x00007ffefe8f0000 - 0x00007ffefe94e000 	C:\Windows\System32\shlwapi.dll
0x00007ffefdb20000 - 0x00007ffefdb41000 	C:\Windows\SYSTEM32\profapi.dll
0x00007ffedb6e0000 - 0x00007ffedb7b7000 	C:\Program Files\Java\jdk-21\bin\jsvml.dll
0x00007ffef37d0000 - 0x00007ffef37e0000 	C:\Program Files\Java\jdk-21\bin\net.dll
0x00007ffef5c60000 - 0x00007ffef5d96000 	C:\Windows\SYSTEM32\WINHTTP.dll
0x00007ffefd190000 - 0x00007ffefd1f9000 	C:\Windows\system32\mswsock.dll
0x00007ffef1e60000 - 0x00007ffef1e76000 	C:\Program Files\Java\jdk-21\bin\nio.dll
0x00007ffef0590000 - 0x00007ffef05a8000 	C:\Program Files\Java\jdk-21\bin\zip.dll
0x00007ffee7c00000 - 0x00007ffee7c1a000 	C:\Users\ASUS\IntelliJ IDEA 2024.1\bin\breakgen64.dll
0x00000218e4e70000 - 0x00000218e4e73000 	C:\Users\ASUS\.openjfx\cache\21+31\amd64\api-ms-win-core-console-l1-1-0.dll
0x00000218e4e80000 - 0x00000218e4e83000 	C:\Users\ASUS\.openjfx\cache\21+31\amd64\api-ms-win-core-console-l1-2-0.dll
0x00000218e4e90000 - 0x00000218e4e93000 	C:\Users\ASUS\.openjfx\cache\21+31\amd64\api-ms-win-core-datetime-l1-1-0.dll
0x00000218e4ea0000 - 0x00000218e4ea3000 	C:\Users\ASUS\.openjfx\cache\21+31\amd64\api-ms-win-core-debug-l1-1-0.dll
0x00000218e4eb0000 - 0x00000218e4eb3000 	C:\Users\ASUS\.openjfx\cache\21+31\amd64\api-ms-win-core-errorhandling-l1-1-0.dll
0x00000218e4ec0000 - 0x00000218e4ec4000 	C:\Users\ASUS\.openjfx\cache\21+31\amd64\api-ms-win-core-file-l1-1-0.dll
0x00000218e4ed0000 - 0x00000218e4ed3000 	C:\Users\ASUS\.openjfx\cache\21+31\amd64\api-ms-win-core-file-l1-2-0.dll
0x00000218e4ee0000 - 0x00000218e4ee3000 	C:\Users\ASUS\.openjfx\cache\21+31\amd64\api-ms-win-core-file-l2-1-0.dll
0x00000218e4ef0000 - 0x00000218e4ef3000 	C:\Users\ASUS\.openjfx\cache\21+31\amd64\api-ms-win-core-handle-l1-1-0.dll
0x00000218e4f00000 - 0x00000218e4f03000 	C:\Users\ASUS\.openjfx\cache\21+31\amd64\api-ms-win-core-heap-l1-1-0.dll
0x00000218e4f10000 - 0x00000218e4f13000 	C:\Users\ASUS\.openjfx\cache\21+31\amd64\api-ms-win-core-interlocked-l1-1-0.dll
0x00000218e4f20000 - 0x00000218e4f23000 	C:\Users\ASUS\.openjfx\cache\21+31\amd64\api-ms-win-core-libraryloader-l1-1-0.dll
0x00000218e4f30000 - 0x00000218e4f33000 	C:\Users\ASUS\.openjfx\cache\21+31\amd64\api-ms-win-core-localization-l1-2-0.dll
0x00000218e4f40000 - 0x00000218e4f43000 	C:\Users\ASUS\.openjfx\cache\21+31\amd64\api-ms-win-core-memory-l1-1-0.dll
0x00000218e4f50000 - 0x00000218e4f53000 	C:\Users\ASUS\.openjfx\cache\21+31\amd64\api-ms-win-core-namedpipe-l1-1-0.dll
0x00000218e4f60000 - 0x00000218e4f63000 	C:\Users\ASUS\.openjfx\cache\21+31\amd64\api-ms-win-core-processenvironment-l1-1-0.dll
0x00000218e4f70000 - 0x00000218e4f73000 	C:\Users\ASUS\.openjfx\cache\21+31\amd64\api-ms-win-core-processthreads-l1-1-0.dll
0x00000218e4f80000 - 0x00000218e4f83000 	C:\Users\ASUS\.openjfx\cache\21+31\amd64\api-ms-win-core-processthreads-l1-1-1.dll
0x00000218e4f90000 - 0x00000218e4f93000 	C:\Users\ASUS\.openjfx\cache\21+31\amd64\api-ms-win-core-profile-l1-1-0.dll
0x00000218e4fa0000 - 0x00000218e4fa3000 	C:\Users\ASUS\.openjfx\cache\21+31\amd64\api-ms-win-core-rtlsupport-l1-1-0.dll
0x00000218e4fb0000 - 0x00000218e4fb3000 	C:\Users\ASUS\.openjfx\cache\21+31\amd64\api-ms-win-core-string-l1-1-0.dll
0x00000218e4fc0000 - 0x00000218e4fc3000 	C:\Users\ASUS\.openjfx\cache\21+31\amd64\api-ms-win-core-synch-l1-1-0.dll
0x00000218e4fd0000 - 0x00000218e4fd3000 	C:\Users\ASUS\.openjfx\cache\21+31\amd64\api-ms-win-core-synch-l1-2-0.dll
0x00000218e4fe0000 - 0x00000218e4fe3000 	C:\Users\ASUS\.openjfx\cache\21+31\amd64\api-ms-win-core-sysinfo-l1-1-0.dll
0x00000218e4ff0000 - 0x00000218e4ff3000 	C:\Users\ASUS\.openjfx\cache\21+31\amd64\api-ms-win-core-timezone-l1-1-0.dll
0x00000218e9c00000 - 0x00000218e9c03000 	C:\Users\ASUS\.openjfx\cache\21+31\amd64\api-ms-win-core-util-l1-1-0.dll
0x00000218e9c10000 - 0x00000218e9c13000 	C:\Users\ASUS\.openjfx\cache\21+31\amd64\api-ms-win-crt-conio-l1-1-0.dll
0x00000218e9c20000 - 0x00000218e9c24000 	C:\Users\ASUS\.openjfx\cache\21+31\amd64\api-ms-win-crt-convert-l1-1-0.dll
0x00000218e9c30000 - 0x00000218e9c33000 	C:\Users\ASUS\.openjfx\cache\21+31\amd64\api-ms-win-crt-environment-l1-1-0.dll
0x00000218e9c40000 - 0x00000218e9c43000 	C:\Users\ASUS\.openjfx\cache\21+31\amd64\api-ms-win-crt-filesystem-l1-1-0.dll
0x00000218e9c50000 - 0x00000218e9c53000 	C:\Users\ASUS\.openjfx\cache\21+31\amd64\api-ms-win-crt-heap-l1-1-0.dll
0x00000218e9c60000 - 0x00000218e9c63000 	C:\Users\ASUS\.openjfx\cache\21+31\amd64\api-ms-win-crt-locale-l1-1-0.dll
0x00000218e9c70000 - 0x00000218e9c75000 	C:\Users\ASUS\.openjfx\cache\21+31\amd64\api-ms-win-crt-math-l1-1-0.dll
0x00000218e9c80000 - 0x00000218e9c85000 	C:\Users\ASUS\.openjfx\cache\21+31\amd64\api-ms-win-crt-multibyte-l1-1-0.dll
0x00000218e9c90000 - 0x00000218e9ca0000 	C:\Users\ASUS\.openjfx\cache\21+31\amd64\api-ms-win-crt-private-l1-1-0.dll
0x00000218e9ca0000 - 0x00000218e9ca3000 	C:\Users\ASUS\.openjfx\cache\21+31\amd64\api-ms-win-crt-process-l1-1-0.dll
0x00000218e9cb0000 - 0x00000218e9cb4000 	C:\Users\ASUS\.openjfx\cache\21+31\amd64\api-ms-win-crt-runtime-l1-1-0.dll
0x00000218e9cc0000 - 0x00000218e9cc4000 	C:\Users\ASUS\.openjfx\cache\21+31\amd64\api-ms-win-crt-stdio-l1-1-0.dll
0x00000218e9cd0000 - 0x00000218e9cd4000 	C:\Users\ASUS\.openjfx\cache\21+31\amd64\api-ms-win-crt-string-l1-1-0.dll
0x00000218e9ce0000 - 0x00000218e9ce3000 	C:\Users\ASUS\.openjfx\cache\21+31\amd64\api-ms-win-crt-time-l1-1-0.dll
0x00000218e9cf0000 - 0x00000218e9cf3000 	C:\Users\ASUS\.openjfx\cache\21+31\amd64\api-ms-win-crt-utility-l1-1-0.dll
0x00007ffebd790000 - 0x00007ffebd88c000 	C:\Users\ASUS\.openjfx\cache\21+31\amd64\ucrtbase.dll
0x00007ffee73f0000 - 0x00007ffee740b000 	C:\Users\ASUS\.openjfx\cache\21+31\amd64\vcruntime140.dll
0x00007ffee7ad0000 - 0x00007ffee7adc000 	C:\Users\ASUS\.openjfx\cache\21+31\amd64\vcruntime140_1.dll
0x00007ffed0b40000 - 0x00007ffed0bce000 	C:\Users\ASUS\.openjfx\cache\21+31\amd64\msvcp140.dll
0x00007ffefe950000 - 0x00007ffefeaf5000 	C:\Windows\System32\ole32.dll
0x00007ffee7730000 - 0x00007ffee7739000 	C:\Users\ASUS\.openjfx\cache\21+31\amd64\msvcp140_1.dll
0x00007ffee3680000 - 0x00007ffee36af000 	C:\Users\ASUS\.openjfx\cache\21+31\amd64\msvcp140_2.dll
0x00007ffedb860000 - 0x00007ffedb88f000 	C:\Users\ASUS\.openjfx\cache\21+31\amd64\prism_d3d.dll
0x00007ffee56f0000 - 0x00007ffee5899000 	C:\Windows\system32\d3d9.dll
0x00007ffef85c0000 - 0x00007ffef85eb000 	C:\Windows\SYSTEM32\dwmapi.dll
0x00007ffefada0000 - 0x00007ffefadd9000 	C:\Windows\SYSTEM32\dxcore.dll
0x00007ffef8340000 - 0x00007ffef83eb000 	C:\Windows\system32\uxtheme.dll
0x00007ffebdbc0000 - 0x00007ffebdd6f000 	C:\Windows\System32\DriverStore\FileRepository\iigd_dch.inf_amd64_e32ced29f236e322\igdumdim64.dll
0x00007ffe6d8d0000 - 0x00007ffe72173000 	C:\Windows\System32\DriverStore\FileRepository\iigd_dch.inf_amd64_e32ced29f236e322\igd9dxva64.dll
0x00007ffeffe60000 - 0x00007fff002d4000 	C:\Windows\System32\SETUPAPI.dll
0x00007ffefd8d0000 - 0x00007ffefd91e000 	C:\Windows\SYSTEM32\cfgmgr32.dll
0x00007ffeefe90000 - 0x00007ffef0299000 	C:\Windows\System32\DriverStore\FileRepository\iigd_dch.inf_amd64_e32ced29f236e322\igdgmm64.dll
0x00007ffef5280000 - 0x00007ffef52ca000 	C:\Windows\SYSTEM32\directxdatabasehelper.dll
0x00007ffed04c0000 - 0x00007ffed0502000 	C:\Users\ASUS\.openjfx\cache\21+31\amd64\glass.dll
0x00007ffeff140000 - 0x00007ffeff239000 	C:\Windows\System32\COMDLG32.dll
0x00007ffefef70000 - 0x00007ffeff0c3000 	C:\Windows\System32\MSCTF.dll
0x00007ffeddb90000 - 0x00007ffeddbb7000 	C:\Windows\System32\DriverStore\FileRepository\iigd_dch.inf_amd64_e32ced29f236e322\igdinfo64.dll
0x00007ffee8fb0000 - 0x00007ffeec744000 	C:\Windows\System32\DriverStore\FileRepository\iigd_dch.inf_amd64_e32ced29f236e322\igc64.dll
0x00007ffee6e40000 - 0x00007ffee6e54000 	C:\Users\ASUS\.openjfx\cache\21+31\amd64\javafx_font.dll
0x00007ffef6be0000 - 0x00007ffef6e54000 	C:\Windows\SYSTEM32\dwrite.dll
0x00007ffefec90000 - 0x00007ffefed40000 	C:\Windows\System32\clbcatq.dll
0x00007ffef65e0000 - 0x00007ffef6790000 	C:\Windows\SYSTEM32\WindowsCodecs.dll
0x00007ffedd350000 - 0x00007ffedd3ae000 	C:\Windows\system32\dataexchange.dll
0x00007ffef31d0000 - 0x00007ffef345e000 	C:\Windows\system32\twinapi.appcore.dll
0x00007ffee7770000 - 0x00007ffee77a2000 	C:\Program Files\Common Files\Microsoft Shared\Ink\rtscom.dll
0x00007ffede100000 - 0x00007ffede24a000 	C:\Windows\SYSTEM32\textinputframework.dll
0x00007ffef7d20000 - 0x00007ffef7e54000 	C:\Windows\SYSTEM32\CoreMessaging.dll
0x00007ffef4670000 - 0x00007ffef49dc000 	C:\Windows\SYSTEM32\CoreUIComponents.dll
0x00007ffefd410000 - 0x00007ffefd41c000 	C:\Windows\SYSTEM32\CRYPTBASE.DLL
0x00007ffefd3f0000 - 0x00007ffefd40b000 	C:\Windows\SYSTEM32\CRYPTSP.dll
0x00007ffefcc80000 - 0x00007ffefccb5000 	C:\Windows\system32\rsaenh.dll
0x00007ffefd290000 - 0x00007ffefd2b8000 	C:\Windows\SYSTEM32\USERENV.dll
0x00007ffefc730000 - 0x00007ffefc75d000 	C:\Windows\SYSTEM32\IPHLPAPI.DLL

dbghelp: loaded successfully - version: 4.0.5 - missing functions: none
symbol engine: initialized successfully - sym options: 0x614 - pdb path: .;C:\Program Files\Java\jdk-21\bin;C:\Windows\SYSTEM32;C:\Windows\WinSxS\amd64_microsoft.windows.common-controls_6595b64144ccf1df_6.0.22621.3235_none_270f74e173860f98;C:\Program Files\Java\jdk-21\bin\server;C:\Users\ASUS\IntelliJ IDEA 2024.1\bin;C:\Users\ASUS\.openjfx\cache\21+31\amd64;C:\Windows\System32\DriverStore\FileRepository\iigd_dch.inf_amd64_e32ced29f236e322;C:\Program Files\Common Files\Microsoft Shared\Ink

VM Arguments:
jvm_args: -javaagent:C:\Users\ASUS\IntelliJ IDEA 2024.1\lib\idea_rt.jar=9918:C:\Users\ASUS\IntelliJ IDEA 2024.1\bin -Dfile.encoding=UTF-8 -Dsun.stdout.encoding=UTF-8 -Dsun.stderr.encoding=UTF-8 --module-path=C:\Users\ASUS\.m2\repository\org\openjfx\javafx-base\21\javafx-base-21-win.jar;C:\Users\ASUS\.m2\repository\org\openjfx\javafx-graphics\21\javafx-graphics-21-win.jar;D:\4rth Sem Product\JavaProject\Pokedex\target\classes;C:\Users\ASUS\.m2\repository\org\kordamp\bootstrapfx\bootstrapfx-core\0.4.0\bootstrapfx-core-0.4.0.jar;C:\Users\ASUS\.m2\repository\org\mongodb\mongodb-driver-core\4.0.0\mongodb-driver-core-4.0.0.jar;C:\Users\ASUS\.m2\repository\org\openjfx\javafx-controls\21\javafx-controls-21-win.jar;C:\Users\ASUS\.m2\repository\com\dlsc\formsfx\formsfx-core\11.6.0\formsfx-core-11.6.0.jar;C:\Users\ASUS\.m2\repository\org\openjfx\javafx-fxml\21\javafx-fxml-21-win.jar;C:\Users\ASUS\.m2\repository\org\mongodb\bson\4.0.0\bson-4.0.0.jar;C:\Users\ASUS\.m2\repository\org\mongodb\mongodb-driver-sync\4.0.0\mongodb-driver-sync-4.0.0.jar;C:\Users\ASUS\.m2\repository\org\controlsfx\controlsfx\11.1.2\controlsfx-11.1.2.jar -Djdk.module.main=com.example.pokedex 
java_command: com.example.pokedex/com.example.pokedex.Main
java_class_path (initial): C:\Users\ASUS\.m2\repository\org\openjfx\javafx-controls\21\javafx-controls-21.jar;C:\Users\ASUS\.m2\repository\org\openjfx\javafx-graphics\21\javafx-graphics-21.jar;C:\Users\ASUS\.m2\repository\org\openjfx\javafx-base\21\javafx-base-21.jar;C:\Users\ASUS\.m2\repository\org\openjfx\javafx-fxml\21\javafx-fxml-21.jar
Launcher Type: SUN_STANDARD

[Global flags]
     intx CICompilerCount                          = 4                                         {product} {ergonomic}
     uint ConcGCThreads                            = 2                                         {product} {ergonomic}
     uint G1ConcRefinementThreads                  = 8                                         {product} {ergonomic}
   size_t G1HeapRegionSize                         = 1048576                                   {product} {ergonomic}
    uintx GCDrainStackTargetSize                   = 64                                        {product} {ergonomic}
   size_t InitialHeapSize                          = 130023424                                 {product} {ergonomic}
   size_t MarkStackSize                            = 4194304                                   {product} {ergonomic}
   size_t MaxHeapSize                              = 2067791872                                {product} {ergonomic}
   size_t MaxNewSize                               = 1240465408                                {product} {ergonomic}
   size_t MinHeapDeltaBytes                        = 1048576                                   {product} {ergonomic}
   size_t MinHeapSize                              = 8388608                                   {product} {ergonomic}
    uintx NonNMethodCodeHeapSize                   = 5839372                                {pd product} {ergonomic}
    uintx NonProfiledCodeHeapSize                  = 122909434                              {pd product} {ergonomic}
    uintx ProfiledCodeHeapSize                     = 122909434                              {pd product} {ergonomic}
    uintx ReservedCodeCacheSize                    = 251658240                              {pd product} {ergonomic}
     bool SegmentedCodeCache                       = true                                      {product} {ergonomic}
   size_t SoftMaxHeapSize                          = 2067791872                             {manageable} {ergonomic}
     bool UseCompressedOops                        = true                           {product lp64_product} {ergonomic}
     bool UseG1GC                                  = true                                      {product} {ergonomic}
     bool UseLargePagesIndividualAllocation        = false                                  {pd product} {ergonomic}

Logging:
Log output configuration:
 #0: stdout all=warning uptime,level,tags foldmultilines=false
 #1: stderr all=off uptime,level,tags foldmultilines=false

Environment Variables:
PATH=C:\Python312\Scripts\;C:\Python312\;C:\Program Files\Common Files\Oracle\Java\javapath;C:\Windows\system32;C:\Windows;C:\Windows\System32\Wbem;C:\Windows\System32\WindowsPowerShell\v1.0\;C:\Windows\System32\OpenSSH\;C:\Program Files (x86)\NVIDIA Corporation\PhysX\Common;C:\Program Files\NVIDIA Corporation\NVIDIA NvDLISR;C:\MinGW\bin;D:\Windows Kits\10\Windows Performance Toolkit\;C:\Program Files\Java\jdk-21\bin;C:\Program Files\Git\cmd;C:\Program Files\nodejs\;C:\ProgramData\chocolatey\bin;C:\Program Files\MongoDB\Server\7.0\bin;C:\Users\ASUS\AppData\Local\Microsoft\WindowsApps;;C:\Users\ASUS\AppData\Local\Programs\Microsoft VS Code\bin;D:\IntelliJ IDEA Community Edition 2024.1\bin;;C:\Users\ASUS\AppData\Roaming\npm;C:\Program Files\mongosh\;C:\Users\ASUS\IntelliJ IDEA 2024.1\bin;
USERNAME=ASUS
OS=Windows_NT
PROCESSOR_IDENTIFIER=Intel64 Family 6 Model 140 Stepping 1, GenuineIntel
TMP=C:\Users\ASUS\AppData\Local\Temp
TEMP=C:\Users\ASUS\AppData\Local\Temp




Periodic native trim disabled

---------------  S Y S T E M  ---------------

OS:
 Windows 11 , 64 bit Build 22621 (10.0.22621.3374)
OS uptime: 21 days 19:12 hours

CPU: total 8 (initial active 8) (4 cores per cpu, 2 threads per core) family 6 model 140 stepping 1 microcode 0x9a, cx8, cmov, fxsr, ht, mmx, 3dnowpref, sse, sse2, sse3, ssse3, sse4.1, sse4.2, popcnt, lzcnt, tsc, tscinvbit, avx, avx2, aes, erms, clmul, bmi1, bmi2, adx, avx512f, avx512dq, avx512cd, avx512bw, avx512vl, sha, fma, vzeroupper, avx512_vpopcntdq, avx512_vpclmulqdq, avx512_vaes, avx512_vnni, clflush, clflushopt, clwb, avx512_vbmi2, avx512_vbmi, rdtscp, rdpid, fsrm, gfni, avx512_bitalg, f16c, pku, cet_ibt, cet_ss, avx512_ifma
Processor Information for processor 0
  Max Mhz: 2803, Current Mhz: 1201, Mhz Limit: 2803
Processor Information for processor 1
  Max Mhz: 2803, Current Mhz: 2803, Mhz Limit: 2803
Processor Information for processor 2
  Max Mhz: 2803, Current Mhz: 2803, Mhz Limit: 2803
Processor Information for processor 3
  Max Mhz: 2803, Current Mhz: 2803, Mhz Limit: 2803
Processor Information for processor 4
  Max Mhz: 2803, Current Mhz: 2803, Mhz Limit: 2803
Processor Information for processor 5
  Max Mhz: 2803, Current Mhz: 2803, Mhz Limit: 2803
Processor Information for processor 6
  Max Mhz: 2803, Current Mhz: 1201, Mhz Limit: 2803
Processor Information for processor 7
  Max Mhz: 2803, Current Mhz: 2803, Mhz Limit: 2803

Memory: 4k page, system-wide physical 7886M (402M free)
TotalPageFile size 28511M (AvailPageFile size 4M)
current process WorkingSet (physical memory assigned to process): 275M, peak: 275M
current process commit charge ("private bytes"): 350M, peak: 350M

vm_info: Java HotSpot(TM) 64-Bit Server VM (21.0.2+13-LTS-58) for windows-amd64 JRE (21.0.2+13-LTS-58), built on 2024-01-05T18:32:24Z by "mach5one" with MS VC++ 17.1 (VS2022)

END.
